"536","28024","2021-07-28 20:33:57.6947998","4624","LogAlways","Microsoft-Windows-Security-Auditing","Security","680","844","ADDC01.testlab.local","5","","Successful logon","-\-"," (fe80::492:2bcc:f5ff:fffd)","Target: TESTLAB.LOCAL\ADDC01$","LogonType 3","LogonId: 0x1CAF1E","AuthenticationPackageName: Kerberos","LogonProcessName: Kerberos","","-","False","C:\Users\IR\Downloads\golden.evtx","Audit success","0","{""EventData"":{""Data"":[{""@Name"":""SubjectUserSid"",""#text"":""S-1-0-0""},{""@Name"":""SubjectUserName"",""#text"":""-""},{""@Name"":""SubjectDomainName"",""#text"":""-""},{""@Name"":""SubjectLogonId"",""#text"":""0x0""},{""@Name"":""TargetUserSid"",""#text"":""S-1-5-18""},{""@Name"":""TargetUserName"",""#text"":""ADDC01$""},{""@Name"":""TargetDomainName"",""#text"":""TESTLAB.LOCAL""},{""@Name"":""TargetLogonId"",""#text"":""0x1CAF1E""},{""@Name"":""LogonType"",""#text"":""3""},{""@Name"":""LogonProcessName"",""#text"":""Kerberos""},{""@Name"":""AuthenticationPackageName"",""#text"":""Kerberos""},{""@Name"":""WorkstationName""},{""@Name"":""LogonGuid"",""#text"":""736bd097-206b-cbdc-4682-25f7f79be8f2""},{""@Name"":""TransmittedServices"",""#text"":""-""},{""@Name"":""LmPackageName"",""#text"":""-""},{""@Name"":""KeyLength"",""#text"":""0""},{""@Name"":""ProcessId"",""#text"":""0x0""},{""@Name"":""ProcessName"",""#text"":""-""},{""@Name"":""IpAddress"",""#text"":""fe80::492:2bcc:f5ff:fffd""},{""@Name"":""IpPort"",""#text"":""52302""},{""@Name"":""ImpersonationLevel"",""#text"":""%%1840""},{""@Name"":""RestrictedAdminMode"",""#text"":""-""},{""@Name"":""TargetOutboundUserName"",""#text"":""-""},{""@Name"":""TargetOutboundDomainName"",""#text"":""-""},{""@Name"":""VirtualAccount"",""#text"":""%%1843""},{""@Name"":""TargetLinkedLogonId"",""#text"":""0x0""},{""@Name"":""ElevatedToken"",""#text"":""%%1842""}]}}"
"537","28025","2021-07-28 20:34:08.5824850","4634","LogAlways","Microsoft-Windows-Security-Auditing","Security","680","844","ADDC01.testlab.local","5","","An account was logged off","","","Target: TESTLAB\ADDC01$","LogonType 3","LogonId: 0x1CAF1E","","","","","False","C:\Users\IR\Downloads\golden.evtx","Audit success","0","{""EventData"":{""Data"":[{""@Name"":""TargetUserSid"",""#text"":""S-1-5-18""},{""@Name"":""TargetUserName"",""#text"":""ADDC01$""},{""@Name"":""TargetDomainName"",""#text"":""TESTLAB""},{""@Name"":""TargetLogonId"",""#text"":""0x1CAF1E""},{""@Name"":""LogonType"",""#text"":""3""}]}}"
"538","28026","2021-07-28 20:34:18.3832600","4672","LogAlways","Microsoft-Windows-Security-Auditing","Security","680","3668","ADDC01.testlab.local","5","","Administrative logon","TESTLAB\ADDC01$ (S-1-5-18)","","PrivilegeList: SeSecurityPrivilege, SeBackupPrivilege, SeRestorePrivilege, SeTakeOwnershipPrivilege, SeDebugPrivilege, SeSystemEnvironmentPrivilege, SeLoadDriverPrivilege, SeImpersonatePrivilege, SeDelegateSessionUserImpersonatePrivilege, SeEnableDelegationPrivilege","LogonId: 0x1CB12A","","","","","","False","C:\Users\IR\Downloads\golden.evtx","Audit success","0","{""EventData"":{""Data"":[{""@Name"":""SubjectUserSid"",""#text"":""S-1-5-18""},{""@Name"":""SubjectUserName"",""#text"":""ADDC01$""},{""@Name"":""SubjectDomainName"",""#text"":""TESTLAB""},{""@Name"":""SubjectLogonId"",""#text"":""0x1CB12A""},{""@Name"":""PrivilegeList"",""#text"":""SeSecurityPrivilege, SeBackupPrivilege, SeRestorePrivilege, SeTakeOwnershipPrivilege, SeDebugPrivilege, SeSystemEnvironmentPrivilege, SeLoadDriverPrivilege, SeImpersonatePrivilege, SeDelegateSessionUserImpersonatePrivilege, SeEnableDelegationPrivilege""}]}}"
"539","28027","2021-07-28 20:34:18.3833494","4624","LogAlways","Microsoft-Windows-Security-Auditing","Security","680","3668","ADDC01.testlab.local","5","","Successful logon","-\-"," (::1)","Target: TESTLAB.LOCAL\ADDC01$","LogonType 3","LogonId: 0x1CB12A","AuthenticationPackageName: Kerberos","LogonProcessName: Kerberos","","-","False","C:\Users\IR\Downloads\golden.evtx","Audit success","0","{""EventData"":{""Data"":[{""@Name"":""SubjectUserSid"",""#text"":""S-1-0-0""},{""@Name"":""SubjectUserName"",""#text"":""-""},{""@Name"":""SubjectDomainName"",""#text"":""-""},{""@Name"":""SubjectLogonId"",""#text"":""0x0""},{""@Name"":""TargetUserSid"",""#text"":""S-1-5-18""},{""@Name"":""TargetUserName"",""#text"":""ADDC01$""},{""@Name"":""TargetDomainName"",""#text"":""TESTLAB.LOCAL""},{""@Name"":""TargetLogonId"",""#text"":""0x1CB12A""},{""@Name"":""LogonType"",""#text"":""3""},{""@Name"":""LogonProcessName"",""#text"":""Kerberos""},{""@Name"":""AuthenticationPackageName"",""#text"":""Kerberos""},{""@Name"":""WorkstationName""},{""@Name"":""LogonGuid"",""#text"":""04a8889f-a446-c084-eb0e-87279c4afdf3""},{""@Name"":""TransmittedServices"",""#text"":""-""},{""@Name"":""LmPackageName"",""#text"":""-""},{""@Name"":""KeyLength"",""#text"":""0""},{""@Name"":""ProcessId"",""#text"":""0x0""},{""@Name"":""ProcessName"",""#text"":""-""},{""@Name"":""IpAddress"",""#text"":""::1""},{""@Name"":""IpPort"",""#text"":""52303""},{""@Name"":""ImpersonationLevel"",""#text"":""%%1833""},{""@Name"":""RestrictedAdminMode"",""#text"":""-""},{""@Name"":""TargetOutboundUserName"",""#text"":""-""},{""@Name"":""TargetOutboundDomainName"",""#text"":""-""},{""@Name"":""VirtualAccount"",""#text"":""%%1843""},{""@Name"":""TargetLinkedLogonId"",""#text"":""0x0""},{""@Name"":""ElevatedToken"",""#text"":""%%1842""}]}}"
"540","28028","2021-07-28 20:34:18.3848902","4634","LogAlways","Microsoft-Windows-Security-Auditing","Security","680","732","ADDC01.testlab.local","5","","An account was logged off","","","Target: TESTLAB\ADDC01$","LogonType 3","LogonId: 0x1CB12A","","","","","False","C:\Users\IR\Downloads\golden.evtx","Audit success","0","{""EventData"":{""Data"":[{""@Name"":""TargetUserSid"",""#text"":""S-1-5-18""},{""@Name"":""TargetUserName"",""#text"":""ADDC01$""},{""@Name"":""TargetDomainName"",""#text"":""TESTLAB""},{""@Name"":""TargetLogonId"",""#text"":""0x1CB12A""},{""@Name"":""LogonType"",""#text"":""3""}]}}"
"541","28029","2021-07-28 20:34:25.3119101","4672","LogAlways","Microsoft-Windows-Security-Auditing","Security","680","1564","ADDC01.testlab.local","5","","Administrative logon","TESTLAB\ADDC01$ (S-1-5-18)","","PrivilegeList: SeSecurityPrivilege, SeBackupPrivilege, SeRestorePrivilege, SeTakeOwnershipPrivilege, SeDebugPrivilege, SeSystemEnvironmentPrivilege, SeLoadDriverPrivilege, SeImpersonatePrivilege, SeDelegateSessionUserImpersonatePrivilege, SeEnableDelegationPrivilege","LogonId: 0x1CB287","","","","","","False","C:\Users\IR\Downloads\golden.evtx","Audit success","0","{""EventData"":{""Data"":[{""@Name"":""SubjectUserSid"",""#text"":""S-1-5-18""},{""@Name"":""SubjectUserName"",""#text"":""ADDC01$""},{""@Name"":""SubjectDomainName"",""#text"":""TESTLAB""},{""@Name"":""SubjectLogonId"",""#text"":""0x1CB287""},{""@Name"":""PrivilegeList"",""#text"":""SeSecurityPrivilege, SeBackupPrivilege, SeRestorePrivilege, SeTakeOwnershipPrivilege, SeDebugPrivilege, SeSystemEnvironmentPrivilege, SeLoadDriverPrivilege, SeImpersonatePrivilege, SeDelegateSessionUserImpersonatePrivilege, SeEnableDelegationPrivilege""}]}}"
"542","28030","2021-07-28 20:34:25.3119954","4624","LogAlways","Microsoft-Windows-Security-Auditing","Security","680","1564","ADDC01.testlab.local","5","","Successful logon","-\-"," (fe80::492:2bcc:f5ff:fffd)","Target: TESTLAB.LOCAL\ADDC01$","LogonType 3","LogonId: 0x1CB287","AuthenticationPackageName: Kerberos","LogonProcessName: Kerberos","","-","False","C:\Users\IR\Downloads\golden.evtx","Audit success","0","{""EventData"":{""Data"":[{""@Name"":""SubjectUserSid"",""#text"":""S-1-0-0""},{""@Name"":""SubjectUserName"",""#text"":""-""},{""@Name"":""SubjectDomainName"",""#text"":""-""},{""@Name"":""SubjectLogonId"",""#text"":""0x0""},{""@Name"":""TargetUserSid"",""#text"":""S-1-5-18""},{""@Name"":""TargetUserName"",""#text"":""ADDC01$""},{""@Name"":""TargetDomainName"",""#text"":""TESTLAB.LOCAL""},{""@Name"":""TargetLogonId"",""#text"":""0x1CB287""},{""@Name"":""LogonType"",""#text"":""3""},{""@Name"":""LogonProcessName"",""#text"":""Kerberos""},{""@Name"":""AuthenticationPackageName"",""#text"":""Kerberos""},{""@Name"":""WorkstationName""},{""@Name"":""LogonGuid"",""#text"":""04a8889f-a446-c084-eb0e-87279c4afdf3""},{""@Name"":""TransmittedServices"",""#text"":""-""},{""@Name"":""LmPackageName"",""#text"":""-""},{""@Name"":""KeyLength"",""#text"":""0""},{""@Name"":""ProcessId"",""#text"":""0x0""},{""@Name"":""ProcessName"",""#text"":""-""},{""@Name"":""IpAddress"",""#text"":""fe80::492:2bcc:f5ff:fffd""},{""@Name"":""IpPort"",""#text"":""52305""},{""@Name"":""ImpersonationLevel"",""#text"":""%%1833""},{""@Name"":""RestrictedAdminMode"",""#text"":""-""},{""@Name"":""TargetOutboundUserName"",""#text"":""-""},{""@Name"":""TargetOutboundDomainName"",""#text"":""-""},{""@Name"":""VirtualAccount"",""#text"":""%%1843""},{""@Name"":""TargetLinkedLogonId"",""#text"":""0x0""},{""@Name"":""ElevatedToken"",""#text"":""%%1842""}]}}"
"543","28031","2021-07-28 20:34:25.3157672","4634","LogAlways","Microsoft-Windows-Security-Auditing","Security","680","1796","ADDC01.testlab.local","5","","An account was logged off","","","Target: TESTLAB\ADDC01$","LogonType 3","LogonId: 0x1CB287","","","","","False","C:\Users\IR\Downloads\golden.evtx","Audit success","0","{""EventData"":{""Data"":[{""@Name"":""TargetUserSid"",""#text"":""S-1-5-18""},{""@Name"":""TargetUserName"",""#text"":""ADDC01$""},{""@Name"":""TargetDomainName"",""#text"":""TESTLAB""},{""@Name"":""TargetLogonId"",""#text"":""0x1CB287""},{""@Name"":""LogonType"",""#text"":""3""}]}}"
"544","28032","2021-07-28 20:34:25.3171850","4672","LogAlways","Microsoft-Windows-Security-Auditing","Security","680","1564","ADDC01.testlab.local","5","","Administrative logon","TESTLAB\ADDC01$ (S-1-5-18)","","PrivilegeList: SeSecurityPrivilege, SeBackupPrivilege, SeRestorePrivilege, SeTakeOwnershipPrivilege, SeDebugPrivilege, SeSystemEnvironmentPrivilege, SeLoadDriverPrivilege, SeImpersonatePrivilege, SeDelegateSessionUserImpersonatePrivilege, SeEnableDelegationPrivilege","LogonId: 0x1CB2F0","","","","","","False","C:\Users\IR\Downloads\golden.evtx","Audit success","0","{""EventData"":{""Data"":[{""@Name"":""SubjectUserSid"",""#text"":""S-1-5-18""},{""@Name"":""SubjectUserName"",""#text"":""ADDC01$""},{""@Name"":""SubjectDomainName"",""#text"":""TESTLAB""},{""@Name"":""SubjectLogonId"",""#text"":""0x1CB2F0""},{""@Name"":""PrivilegeList"",""#text"":""SeSecurityPrivilege, SeBackupPrivilege, SeRestorePrivilege, SeTakeOwnershipPrivilege, SeDebugPrivilege, SeSystemEnvironmentPrivilege, SeLoadDriverPrivilege, SeImpersonatePrivilege, SeDelegateSessionUserImpersonatePrivilege, SeEnableDelegationPrivilege""}]}}"
"545","28033","2021-07-28 20:34:25.3172681","4624","LogAlways","Microsoft-Windows-Security-Auditing","Security","680","1564","ADDC01.testlab.local","5","","Successful logon","-\-"," (fe80::492:2bcc:f5ff:fffd)","Target: TESTLAB.LOCAL\ADDC01$","LogonType 3","LogonId: 0x1CB2F0","AuthenticationPackageName: Kerberos","LogonProcessName: Kerberos","","-","False","C:\Users\IR\Downloads\golden.evtx","Audit success","0","{""EventData"":{""Data"":[{""@Name"":""SubjectUserSid"",""#text"":""S-1-0-0""},{""@Name"":""SubjectUserName"",""#text"":""-""},{""@Name"":""SubjectDomainName"",""#text"":""-""},{""@Name"":""SubjectLogonId"",""#text"":""0x0""},{""@Name"":""TargetUserSid"",""#text"":""S-1-5-18""},{""@Name"":""TargetUserName"",""#text"":""ADDC01$""},{""@Name"":""TargetDomainName"",""#text"":""TESTLAB.LOCAL""},{""@Name"":""TargetLogonId"",""#text"":""0x1CB2F0""},{""@Name"":""LogonType"",""#text"":""3""},{""@Name"":""LogonProcessName"",""#text"":""Kerberos""},{""@Name"":""AuthenticationPackageName"",""#text"":""Kerberos""},{""@Name"":""WorkstationName""},{""@Name"":""LogonGuid"",""#text"":""04a8889f-a446-c084-eb0e-87279c4afdf3""},{""@Name"":""TransmittedServices"",""#text"":""-""},{""@Name"":""LmPackageName"",""#text"":""-""},{""@Name"":""KeyLength"",""#text"":""0""},{""@Name"":""ProcessId"",""#text"":""0x0""},{""@Name"":""ProcessName"",""#text"":""-""},{""@Name"":""IpAddress"",""#text"":""fe80::492:2bcc:f5ff:fffd""},{""@Name"":""IpPort"",""#text"":""52306""},{""@Name"":""ImpersonationLevel"",""#text"":""%%1833""},{""@Name"":""RestrictedAdminMode"",""#text"":""-""},{""@Name"":""TargetOutboundUserName"",""#text"":""-""},{""@Name"":""TargetOutboundDomainName"",""#text"":""-""},{""@Name"":""VirtualAccount"",""#text"":""%%1843""},{""@Name"":""TargetLinkedLogonId"",""#text"":""0x0""},{""@Name"":""ElevatedToken"",""#text"":""%%1842""}]}}"
"546","28034","2021-07-28 20:34:25.3208256","4634","LogAlways","Microsoft-Windows-Security-Auditing","Security","680","732","ADDC01.testlab.local","5","","An account was logged off","","","Target: TESTLAB\ADDC01$","LogonType 3","LogonId: 0x1CB2F0","","","","","False","C:\Users\IR\Downloads\golden.evtx","Audit success","0","{""EventData"":{""Data"":[{""@Name"":""TargetUserSid"",""#text"":""S-1-5-18""},{""@Name"":""TargetUserName"",""#text"":""ADDC01$""},{""@Name"":""TargetDomainName"",""#text"":""TESTLAB""},{""@Name"":""TargetLogonId"",""#text"":""0x1CB2F0""},{""@Name"":""LogonType"",""#text"":""3""}]}}"
"547","28035","2021-07-28 20:35:04.9334941","4672","LogAlways","Microsoft-Windows-Security-Auditing","Security","680","1564","ADDC01.testlab.local","5","","Administrative logon","TESTLAB\ADDC01$ (S-1-5-18)","","PrivilegeList: SeSecurityPrivilege, SeBackupPrivilege, SeRestorePrivilege, SeTakeOwnershipPrivilege, SeDebugPrivilege, SeSystemEnvironmentPrivilege, SeLoadDriverPrivilege, SeImpersonatePrivilege, SeDelegateSessionUserImpersonatePrivilege, SeEnableDelegationPrivilege","LogonId: 0x1CB568","","","","","","False","C:\Users\IR\Downloads\golden.evtx","Audit success","0","{""EventData"":{""Data"":[{""@Name"":""SubjectUserSid"",""#text"":""S-1-5-18""},{""@Name"":""SubjectUserName"",""#text"":""ADDC01$""},{""@Name"":""SubjectDomainName"",""#text"":""TESTLAB""},{""@Name"":""SubjectLogonId"",""#text"":""0x1CB568""},{""@Name"":""PrivilegeList"",""#text"":""SeSecurityPrivilege, SeBackupPrivilege, SeRestorePrivilege, SeTakeOwnershipPrivilege, SeDebugPrivilege, SeSystemEnvironmentPrivilege, SeLoadDriverPrivilege, SeImpersonatePrivilege, SeDelegateSessionUserImpersonatePrivilege, SeEnableDelegationPrivilege""}]}}"
"548","28036","2021-07-28 20:35:04.9336078","4624","LogAlways","Microsoft-Windows-Security-Auditing","Security","680","1564","ADDC01.testlab.local","5","","Successful logon","-\-"," (fe80::492:2bcc:f5ff:fffd)","Target: TESTLAB.LOCAL\ADDC01$","LogonType 3","LogonId: 0x1CB568","AuthenticationPackageName: Kerberos","LogonProcessName: Kerberos","","-","False","C:\Users\IR\Downloads\golden.evtx","Audit success","0","{""EventData"":{""Data"":[{""@Name"":""SubjectUserSid"",""#text"":""S-1-0-0""},{""@Name"":""SubjectUserName"",""#text"":""-""},{""@Name"":""SubjectDomainName"",""#text"":""-""},{""@Name"":""SubjectLogonId"",""#text"":""0x0""},{""@Name"":""TargetUserSid"",""#text"":""S-1-5-18""},{""@Name"":""TargetUserName"",""#text"":""ADDC01$""},{""@Name"":""TargetDomainName"",""#text"":""TESTLAB.LOCAL""},{""@Name"":""TargetLogonId"",""#text"":""0x1CB568""},{""@Name"":""LogonType"",""#text"":""3""},{""@Name"":""LogonProcessName"",""#text"":""Kerberos""},{""@Name"":""AuthenticationPackageName"",""#text"":""Kerberos""},{""@Name"":""WorkstationName""},{""@Name"":""LogonGuid"",""#text"":""efb59bf9-c536-da8d-4e03-66ccd9a89b6a""},{""@Name"":""TransmittedServices"",""#text"":""-""},{""@Name"":""LmPackageName"",""#text"":""-""},{""@Name"":""KeyLength"",""#text"":""0""},{""@Name"":""ProcessId"",""#text"":""0x0""},{""@Name"":""ProcessName"",""#text"":""-""},{""@Name"":""IpAddress"",""#text"":""fe80::492:2bcc:f5ff:fffd""},{""@Name"":""IpPort"",""#text"":""52307""},{""@Name"":""ImpersonationLevel"",""#text"":""%%1833""},{""@Name"":""RestrictedAdminMode"",""#text"":""-""},{""@Name"":""TargetOutboundUserName"",""#text"":""-""},{""@Name"":""TargetOutboundDomainName"",""#text"":""-""},{""@Name"":""VirtualAccount"",""#text"":""%%1843""},{""@Name"":""TargetLinkedLogonId"",""#text"":""0x0""},{""@Name"":""ElevatedToken"",""#text"":""%%1842""}]}}"
"549","28037","2021-07-28 20:35:04.9365690","4672","LogAlways","Microsoft-Windows-Security-Auditing","Security","680","732","ADDC01.testlab.local","5","","Administrative logon","TESTLAB\ADDC01$ (S-1-5-18)","","PrivilegeList: SeSecurityPrivilege, SeBackupPrivilege, SeRestorePrivilege, SeTakeOwnershipPrivilege, SeDebugPrivilege, SeSystemEnvironmentPrivilege, SeLoadDriverPrivilege, SeImpersonatePrivilege, SeDelegateSessionUserImpersonatePrivilege, SeEnableDelegationPrivilege","LogonId: 0x1CB647","","","","","","False","C:\Users\IR\Downloads\golden.evtx","Audit success","0","{""EventData"":{""Data"":[{""@Name"":""SubjectUserSid"",""#text"":""S-1-5-18""},{""@Name"":""SubjectUserName"",""#text"":""ADDC01$""},{""@Name"":""SubjectDomainName"",""#text"":""TESTLAB""},{""@Name"":""SubjectLogonId"",""#text"":""0x1CB647""},{""@Name"":""PrivilegeList"",""#text"":""SeSecurityPrivilege, SeBackupPrivilege, SeRestorePrivilege, SeTakeOwnershipPrivilege, SeDebugPrivilege, SeSystemEnvironmentPrivilege, SeLoadDriverPrivilege, SeImpersonatePrivilege, SeDelegateSessionUserImpersonatePrivilege, SeEnableDelegationPrivilege""}]}}"
"550","28038","2021-07-28 20:35:04.9366776","4624","LogAlways","Microsoft-Windows-Security-Auditing","Security","680","732","ADDC01.testlab.local","5","","Successful logon","-\-"," (::1)","Target: TESTLAB.LOCAL\ADDC01$","LogonType 3","LogonId: 0x1CB647","AuthenticationPackageName: Kerberos","LogonProcessName: Kerberos","","-","False","C:\Users\IR\Downloads\golden.evtx","Audit success","0","{""EventData"":{""Data"":[{""@Name"":""SubjectUserSid"",""#text"":""S-1-0-0""},{""@Name"":""SubjectUserName"",""#text"":""-""},{""@Name"":""SubjectDomainName"",""#text"":""-""},{""@Name"":""SubjectLogonId"",""#text"":""0x0""},{""@Name"":""TargetUserSid"",""#text"":""S-1-5-18""},{""@Name"":""TargetUserName"",""#text"":""ADDC01$""},{""@Name"":""TargetDomainName"",""#text"":""TESTLAB.LOCAL""},{""@Name"":""TargetLogonId"",""#text"":""0x1CB647""},{""@Name"":""LogonType"",""#text"":""3""},{""@Name"":""LogonProcessName"",""#text"":""Kerberos""},{""@Name"":""AuthenticationPackageName"",""#text"":""Kerberos""},{""@Name"":""WorkstationName""},{""@Name"":""LogonGuid"",""#text"":""c1a82053-85aa-37cc-1459-6df6d69c743e""},{""@Name"":""TransmittedServices"",""#text"":""-""},{""@Name"":""LmPackageName"",""#text"":""-""},{""@Name"":""KeyLength"",""#text"":""0""},{""@Name"":""ProcessId"",""#text"":""0x0""},{""@Name"":""ProcessName"",""#text"":""-""},{""@Name"":""IpAddress"",""#text"":""::1""},{""@Name"":""IpPort"",""#text"":""0""},{""@Name"":""ImpersonationLevel"",""#text"":""%%1833""},{""@Name"":""RestrictedAdminMode"",""#text"":""-""},{""@Name"":""TargetOutboundUserName"",""#text"":""-""},{""@Name"":""TargetOutboundDomainName"",""#text"":""-""},{""@Name"":""VirtualAccount"",""#text"":""%%1843""},{""@Name"":""TargetLinkedLogonId"",""#text"":""0x0""},{""@Name"":""ElevatedToken"",""#text"":""%%1842""}]}}"
"551","28039","2021-07-28 20:35:04.9392626","4672","LogAlways","Microsoft-Windows-Security-Auditing","Security","680","3668","ADDC01.testlab.local","5","","Administrative logon","TESTLAB\ADDC01$ (S-1-5-18)","","PrivilegeList: SeSecurityPrivilege, SeBackupPrivilege, SeRestorePrivilege, SeTakeOwnershipPrivilege, SeDebugPrivilege, SeSystemEnvironmentPrivilege, SeLoadDriverPrivilege, SeImpersonatePrivilege, SeDelegateSessionUserImpersonatePrivilege, SeEnableDelegationPrivilege","LogonId: 0x1CB68B","","","","","","False","C:\Users\IR\Downloads\golden.evtx","Audit success","0","{""EventData"":{""Data"":[{""@Name"":""SubjectUserSid"",""#text"":""S-1-5-18""},{""@Name"":""SubjectUserName"",""#text"":""ADDC01$""},{""@Name"":""SubjectDomainName"",""#text"":""TESTLAB""},{""@Name"":""SubjectLogonId"",""#text"":""0x1CB68B""},{""@Name"":""PrivilegeList"",""#text"":""SeSecurityPrivilege, SeBackupPrivilege, SeRestorePrivilege, SeTakeOwnershipPrivilege, SeDebugPrivilege, SeSystemEnvironmentPrivilege, SeLoadDriverPrivilege, SeImpersonatePrivilege, SeDelegateSessionUserImpersonatePrivilege, SeEnableDelegationPrivilege""}]}}"
"552","28040","2021-07-28 20:35:04.9393570","4624","LogAlways","Microsoft-Windows-Security-Auditing","Security","680","3668","ADDC01.testlab.local","5","","Successful logon","-\-"," (2001:0:2851:782c:492:2bcc:f5ff:fffd)","Target: TESTLAB.LOCAL\ADDC01$","LogonType 3","LogonId: 0x1CB68B","AuthenticationPackageName: Kerberos","LogonProcessName: Kerberos","","-","False","C:\Users\IR\Downloads\golden.evtx","Audit success","0","{""EventData"":{""Data"":[{""@Name"":""SubjectUserSid"",""#text"":""S-1-0-0""},{""@Name"":""SubjectUserName"",""#text"":""-""},{""@Name"":""SubjectDomainName"",""#text"":""-""},{""@Name"":""SubjectLogonId"",""#text"":""0x0""},{""@Name"":""TargetUserSid"",""#text"":""S-1-5-18""},{""@Name"":""TargetUserName"",""#text"":""ADDC01$""},{""@Name"":""TargetDomainName"",""#text"":""TESTLAB.LOCAL""},{""@Name"":""TargetLogonId"",""#text"":""0x1CB68B""},{""@Name"":""LogonType"",""#text"":""3""},{""@Name"":""LogonProcessName"",""#text"":""Kerberos""},{""@Name"":""AuthenticationPackageName"",""#text"":""Kerberos""},{""@Name"":""WorkstationName""},{""@Name"":""LogonGuid"",""#text"":""efb59bf9-c536-da8d-4e03-66ccd9a89b6a""},{""@Name"":""TransmittedServices"",""#text"":""-""},{""@Name"":""LmPackageName"",""#text"":""-""},{""@Name"":""KeyLength"",""#text"":""0""},{""@Name"":""ProcessId"",""#text"":""0x0""},{""@Name"":""ProcessName"",""#text"":""-""},{""@Name"":""IpAddress"",""#text"":""2001:0:2851:782c:492:2bcc:f5ff:fffd""},{""@Name"":""IpPort"",""#text"":""52308""},{""@Name"":""ImpersonationLevel"",""#text"":""%%1833""},{""@Name"":""RestrictedAdminMode"",""#text"":""-""},{""@Name"":""TargetOutboundUserName"",""#text"":""-""},{""@Name"":""TargetOutboundDomainName"",""#text"":""-""},{""@Name"":""VirtualAccount"",""#text"":""%%1843""},{""@Name"":""TargetLinkedLogonId"",""#text"":""0x0""},{""@Name"":""ElevatedToken"",""#text"":""%%1842""}]}}"
"553","28041","2021-07-28 20:35:05.0428884","4672","LogAlways","Microsoft-Windows-Security-Auditing","Security","680","732","ADDC01.testlab.local","5","","Administrative logon","TESTLAB\ADDC01$ (S-1-5-18)","","PrivilegeList: SeSecurityPrivilege, SeBackupPrivilege, SeRestorePrivilege, SeTakeOwnershipPrivilege, SeDebugPrivilege, SeSystemEnvironmentPrivilege, SeLoadDriverPrivilege, SeImpersonatePrivilege, SeDelegateSessionUserImpersonatePrivilege, SeEnableDelegationPrivilege","LogonId: 0x1CB6E5","","","","","","False","C:\Users\IR\Downloads\golden.evtx","Audit success","0","{""EventData"":{""Data"":[{""@Name"":""SubjectUserSid"",""#text"":""S-1-5-18""},{""@Name"":""SubjectUserName"",""#text"":""ADDC01$""},{""@Name"":""SubjectDomainName"",""#text"":""TESTLAB""},{""@Name"":""SubjectLogonId"",""#text"":""0x1CB6E5""},{""@Name"":""PrivilegeList"",""#text"":""SeSecurityPrivilege, SeBackupPrivilege, SeRestorePrivilege, SeTakeOwnershipPrivilege, SeDebugPrivilege, SeSystemEnvironmentPrivilege, SeLoadDriverPrivilege, SeImpersonatePrivilege, SeDelegateSessionUserImpersonatePrivilege, SeEnableDelegationPrivilege""}]}}"
"554","28042","2021-07-28 20:35:05.0430332","4624","LogAlways","Microsoft-Windows-Security-Auditing","Security","680","732","ADDC01.testlab.local","5","","Successful logon","-\-"," (fe80::492:2bcc:f5ff:fffd)","Target: TESTLAB.LOCAL\ADDC01$","LogonType 3","LogonId: 0x1CB6E5","AuthenticationPackageName: Kerberos","LogonProcessName: Kerberos","","-","False","C:\Users\IR\Downloads\golden.evtx","Audit success","0","{""EventData"":{""Data"":[{""@Name"":""SubjectUserSid"",""#text"":""S-1-0-0""},{""@Name"":""SubjectUserName"",""#text"":""-""},{""@Name"":""SubjectDomainName"",""#text"":""-""},{""@Name"":""SubjectLogonId"",""#text"":""0x0""},{""@Name"":""TargetUserSid"",""#text"":""S-1-5-18""},{""@Name"":""TargetUserName"",""#text"":""ADDC01$""},{""@Name"":""TargetDomainName"",""#text"":""TESTLAB.LOCAL""},{""@Name"":""TargetLogonId"",""#text"":""0x1CB6E5""},{""@Name"":""LogonType"",""#text"":""3""},{""@Name"":""LogonProcessName"",""#text"":""Kerberos""},{""@Name"":""AuthenticationPackageName"",""#text"":""Kerberos""},{""@Name"":""WorkstationName""},{""@Name"":""LogonGuid"",""#text"":""c1a82053-85aa-37cc-1459-6df6d69c743e""},{""@Name"":""TransmittedServices"",""#text"":""-""},{""@Name"":""LmPackageName"",""#text"":""-""},{""@Name"":""KeyLength"",""#text"":""0""},{""@Name"":""ProcessId"",""#text"":""0x0""},{""@Name"":""ProcessName"",""#text"":""-""},{""@Name"":""IpAddress"",""#text"":""fe80::492:2bcc:f5ff:fffd""},{""@Name"":""IpPort"",""#text"":""52309""},{""@Name"":""ImpersonationLevel"",""#text"":""%%1840""},{""@Name"":""RestrictedAdminMode"",""#text"":""-""},{""@Name"":""TargetOutboundUserName"",""#text"":""-""},{""@Name"":""TargetOutboundDomainName"",""#text"":""-""},{""@Name"":""VirtualAccount"",""#text"":""%%1843""},{""@Name"":""TargetLinkedLogonId"",""#text"":""0x0""},{""@Name"":""ElevatedToken"",""#text"":""%%1842""}]}}"
"555","28043","2021-07-28 20:35:05.0464127","4634","LogAlways","Microsoft-Windows-Security-Auditing","Security","680","732","ADDC01.testlab.local","5","","An account was logged off","","","Target: TESTLAB\ADDC01$","LogonType 3","LogonId: 0x1CB68B","","","","","False","C:\Users\IR\Downloads\golden.evtx","Audit success","0","{""EventData"":{""Data"":[{""@Name"":""TargetUserSid"",""#text"":""S-1-5-18""},{""@Name"":""TargetUserName"",""#text"":""ADDC01$""},{""@Name"":""TargetDomainName"",""#text"":""TESTLAB""},{""@Name"":""TargetLogonId"",""#text"":""0x1CB68B""},{""@Name"":""LogonType"",""#text"":""3""}]}}"
"556","28044","2021-07-28 20:35:05.0464347","4634","LogAlways","Microsoft-Windows-Security-Auditing","Security","680","732","ADDC01.testlab.local","5","","An account was logged off","","","Target: TESTLAB\ADDC01$","LogonType 3","LogonId: 0x1CB647","","","","","False","C:\Users\IR\Downloads\golden.evtx","Audit success","0","{""EventData"":{""Data"":[{""@Name"":""TargetUserSid"",""#text"":""S-1-5-18""},{""@Name"":""TargetUserName"",""#text"":""ADDC01$""},{""@Name"":""TargetDomainName"",""#text"":""TESTLAB""},{""@Name"":""TargetLogonId"",""#text"":""0x1CB647""},{""@Name"":""LogonType"",""#text"":""3""}]}}"
"557","28045","2021-07-28 20:35:05.0488820","4634","LogAlways","Microsoft-Windows-Security-Auditing","Security","680","844","ADDC01.testlab.local","5","","An account was logged off","","","Target: TESTLAB\ADDC01$","LogonType 3","LogonId: 0x1CB568","","","","","False","C:\Users\IR\Downloads\golden.evtx","Audit success","0","{""EventData"":{""Data"":[{""@Name"":""TargetUserSid"",""#text"":""S-1-5-18""},{""@Name"":""TargetUserName"",""#text"":""ADDC01$""},{""@Name"":""TargetDomainName"",""#text"":""TESTLAB""},{""@Name"":""TargetLogonId"",""#text"":""0x1CB568""},{""@Name"":""LogonType"",""#text"":""3""}]}}"
"558","28046","2021-07-28 20:35:15.8759095","4634","LogAlways","Microsoft-Windows-Security-Auditing","Security","680","732","ADDC01.testlab.local","5","","An account was logged off","","","Target: TESTLAB\ADDC01$","LogonType 3","LogonId: 0x1CB6E5","","","","","False","C:\Users\IR\Downloads\golden.evtx","Audit success","0","{""EventData"":{""Data"":[{""@Name"":""TargetUserSid"",""#text"":""S-1-5-18""},{""@Name"":""TargetUserName"",""#text"":""ADDC01$""},{""@Name"":""TargetDomainName"",""#text"":""TESTLAB""},{""@Name"":""TargetLogonId"",""#text"":""0x1CB6E5""},{""@Name"":""LogonType"",""#text"":""3""}]}}"
"559","28047","2021-07-28 20:35:18.3883984","4672","LogAlways","Microsoft-Windows-Security-Auditing","Security","680","3668","ADDC01.testlab.local","5","","Administrative logon","TESTLAB\ADDC01$ (S-1-5-18)","","PrivilegeList: SeSecurityPrivilege, SeBackupPrivilege, SeRestorePrivilege, SeTakeOwnershipPrivilege, SeDebugPrivilege, SeSystemEnvironmentPrivilege, SeLoadDriverPrivilege, SeImpersonatePrivilege, SeDelegateSessionUserImpersonatePrivilege, SeEnableDelegationPrivilege","LogonId: 0x1CB96C","","","","","","False","C:\Users\IR\Downloads\golden.evtx","Audit success","0","{""EventData"":{""Data"":[{""@Name"":""SubjectUserSid"",""#text"":""S-1-5-18""},{""@Name"":""SubjectUserName"",""#text"":""ADDC01$""},{""@Name"":""SubjectDomainName"",""#text"":""TESTLAB""},{""@Name"":""SubjectLogonId"",""#text"":""0x1CB96C""},{""@Name"":""PrivilegeList"",""#text"":""SeSecurityPrivilege, SeBackupPrivilege, SeRestorePrivilege, SeTakeOwnershipPrivilege, SeDebugPrivilege, SeSystemEnvironmentPrivilege, SeLoadDriverPrivilege, SeImpersonatePrivilege, SeDelegateSessionUserImpersonatePrivilege, SeEnableDelegationPrivilege""}]}}"
"560","28048","2021-07-28 20:35:18.3884784","4624","LogAlways","Microsoft-Windows-Security-Auditing","Security","680","3668","ADDC01.testlab.local","5","","Successful logon","-\-"," (::1)","Target: TESTLAB.LOCAL\ADDC01$","LogonType 3","LogonId: 0x1CB96C","AuthenticationPackageName: Kerberos","LogonProcessName: Kerberos","","-","False","C:\Users\IR\Downloads\golden.evtx","Audit success","0","{""EventData"":{""Data"":[{""@Name"":""SubjectUserSid"",""#text"":""S-1-0-0""},{""@Name"":""SubjectUserName"",""#text"":""-""},{""@Name"":""SubjectDomainName"",""#text"":""-""},{""@Name"":""SubjectLogonId"",""#text"":""0x0""},{""@Name"":""TargetUserSid"",""#text"":""S-1-5-18""},{""@Name"":""TargetUserName"",""#text"":""ADDC01$""},{""@Name"":""TargetDomainName"",""#text"":""TESTLAB.LOCAL""},{""@Name"":""TargetLogonId"",""#text"":""0x1CB96C""},{""@Name"":""LogonType"",""#text"":""3""},{""@Name"":""LogonProcessName"",""#text"":""Kerberos""},{""@Name"":""AuthenticationPackageName"",""#text"":""Kerberos""},{""@Name"":""WorkstationName""},{""@Name"":""LogonGuid"",""#text"":""04a8889f-a446-c084-eb0e-87279c4afdf3""},{""@Name"":""TransmittedServices"",""#text"":""-""},{""@Name"":""LmPackageName"",""#text"":""-""},{""@Name"":""KeyLength"",""#text"":""0""},{""@Name"":""ProcessId"",""#text"":""0x0""},{""@Name"":""ProcessName"",""#text"":""-""},{""@Name"":""IpAddress"",""#text"":""::1""},{""@Name"":""IpPort"",""#text"":""52310""},{""@Name"":""ImpersonationLevel"",""#text"":""%%1833""},{""@Name"":""RestrictedAdminMode"",""#text"":""-""},{""@Name"":""TargetOutboundUserName"",""#text"":""-""},{""@Name"":""TargetOutboundDomainName"",""#text"":""-""},{""@Name"":""VirtualAccount"",""#text"":""%%1843""},{""@Name"":""TargetLinkedLogonId"",""#text"":""0x0""},{""@Name"":""ElevatedToken"",""#text"":""%%1842""}]}}"
"561","28049","2021-07-28 20:35:18.3896209","4634","LogAlways","Microsoft-Windows-Security-Auditing","Security","680","876","ADDC01.testlab.local","5","","An account was logged off","","","Target: TESTLAB\ADDC01$","LogonType 3","LogonId: 0x1CB96C","","","","","False","C:\Users\IR\Downloads\golden.evtx","Audit success","0","{""EventData"":{""Data"":[{""@Name"":""TargetUserSid"",""#text"":""S-1-5-18""},{""@Name"":""TargetUserName"",""#text"":""ADDC01$""},{""@Name"":""TargetDomainName"",""#text"":""TESTLAB""},{""@Name"":""TargetLogonId"",""#text"":""0x1CB96C""},{""@Name"":""LogonType"",""#text"":""3""}]}}"
"562","28050","2021-07-28 20:36:18.3969973","4672","LogAlways","Microsoft-Windows-Security-Auditing","Security","680","3668","ADDC01.testlab.local","5","","Administrative logon","TESTLAB\ADDC01$ (S-1-5-18)","","PrivilegeList: SeSecurityPrivilege, SeBackupPrivilege, SeRestorePrivilege, SeTakeOwnershipPrivilege, SeDebugPrivilege, SeSystemEnvironmentPrivilege, SeLoadDriverPrivilege, SeImpersonatePrivilege, SeDelegateSessionUserImpersonatePrivilege, SeEnableDelegationPrivilege","LogonId: 0x1CBD2E","","","","","","False","C:\Users\IR\Downloads\golden.evtx","Audit success","0","{""EventData"":{""Data"":[{""@Name"":""SubjectUserSid"",""#text"":""S-1-5-18""},{""@Name"":""SubjectUserName"",""#text"":""ADDC01$""},{""@Name"":""SubjectDomainName"",""#text"":""TESTLAB""},{""@Name"":""SubjectLogonId"",""#text"":""0x1CBD2E""},{""@Name"":""PrivilegeList"",""#text"":""SeSecurityPrivilege, SeBackupPrivilege, SeRestorePrivilege, SeTakeOwnershipPrivilege, SeDebugPrivilege, SeSystemEnvironmentPrivilege, SeLoadDriverPrivilege, SeImpersonatePrivilege, SeDelegateSessionUserImpersonatePrivilege, SeEnableDelegationPrivilege""}]}}"
"563","28051","2021-07-28 20:36:18.3970783","4624","LogAlways","Microsoft-Windows-Security-Auditing","Security","680","3668","ADDC01.testlab.local","5","","Successful logon","-\-"," (::1)","Target: TESTLAB.LOCAL\ADDC01$","LogonType 3","LogonId: 0x1CBD2E","AuthenticationPackageName: Kerberos","LogonProcessName: Kerberos","","-","False","C:\Users\IR\Downloads\golden.evtx","Audit success","0","{""EventData"":{""Data"":[{""@Name"":""SubjectUserSid"",""#text"":""S-1-0-0""},{""@Name"":""SubjectUserName"",""#text"":""-""},{""@Name"":""SubjectDomainName"",""#text"":""-""},{""@Name"":""SubjectLogonId"",""#text"":""0x0""},{""@Name"":""TargetUserSid"",""#text"":""S-1-5-18""},{""@Name"":""TargetUserName"",""#text"":""ADDC01$""},{""@Name"":""TargetDomainName"",""#text"":""TESTLAB.LOCAL""},{""@Name"":""TargetLogonId"",""#text"":""0x1CBD2E""},{""@Name"":""LogonType"",""#text"":""3""},{""@Name"":""LogonProcessName"",""#text"":""Kerberos""},{""@Name"":""AuthenticationPackageName"",""#text"":""Kerberos""},{""@Name"":""WorkstationName""},{""@Name"":""LogonGuid"",""#text"":""04a8889f-a446-c084-eb0e-87279c4afdf3""},{""@Name"":""TransmittedServices"",""#text"":""-""},{""@Name"":""LmPackageName"",""#text"":""-""},{""@Name"":""KeyLength"",""#text"":""0""},{""@Name"":""ProcessId"",""#text"":""0x0""},{""@Name"":""ProcessName"",""#text"":""-""},{""@Name"":""IpAddress"",""#text"":""::1""},{""@Name"":""IpPort"",""#text"":""52311""},{""@Name"":""ImpersonationLevel"",""#text"":""%%1833""},{""@Name"":""RestrictedAdminMode"",""#text"":""-""},{""@Name"":""TargetOutboundUserName"",""#text"":""-""},{""@Name"":""TargetOutboundDomainName"",""#text"":""-""},{""@Name"":""VirtualAccount"",""#text"":""%%1843""},{""@Name"":""TargetLinkedLogonId"",""#text"":""0x0""},{""@Name"":""ElevatedToken"",""#text"":""%%1842""}]}}"
"564","28052","2021-07-28 20:36:18.3982137","4634","LogAlways","Microsoft-Windows-Security-Auditing","Security","680","844","ADDC01.testlab.local","5","","An account was logged off","","","Target: TESTLAB\ADDC01$","LogonType 3","LogonId: 0x1CBD2E","","","","","False","C:\Users\IR\Downloads\golden.evtx","Audit success","0","{""EventData"":{""Data"":[{""@Name"":""TargetUserSid"",""#text"":""S-1-5-18""},{""@Name"":""TargetUserName"",""#text"":""ADDC01$""},{""@Name"":""TargetDomainName"",""#text"":""TESTLAB""},{""@Name"":""TargetLogonId"",""#text"":""0x1CBD2E""},{""@Name"":""LogonType"",""#text"":""3""}]}}"
"565","28053","2021-07-28 20:37:18.4100307","4672","LogAlways","Microsoft-Windows-Security-Auditing","Security","680","3668","ADDC01.testlab.local","5","","Administrative logon","TESTLAB\ADDC01$ (S-1-5-18)","","PrivilegeList: SeSecurityPrivilege, SeBackupPrivilege, SeRestorePrivilege, SeTakeOwnershipPrivilege, SeDebugPrivilege, SeSystemEnvironmentPrivilege, SeLoadDriverPrivilege, SeImpersonatePrivilege, SeDelegateSessionUserImpersonatePrivilege, SeEnableDelegationPrivilege","LogonId: 0x1CC219","","","","","","False","C:\Users\IR\Downloads\golden.evtx","Audit success","0","{""EventData"":{""Data"":[{""@Name"":""SubjectUserSid"",""#text"":""S-1-5-18""},{""@Name"":""SubjectUserName"",""#text"":""ADDC01$""},{""@Name"":""SubjectDomainName"",""#text"":""TESTLAB""},{""@Name"":""SubjectLogonId"",""#text"":""0x1CC219""},{""@Name"":""PrivilegeList"",""#text"":""SeSecurityPrivilege, SeBackupPrivilege, SeRestorePrivilege, SeTakeOwnershipPrivilege, SeDebugPrivilege, SeSystemEnvironmentPrivilege, SeLoadDriverPrivilege, SeImpersonatePrivilege, SeDelegateSessionUserImpersonatePrivilege, SeEnableDelegationPrivilege""}]}}"
"566","28054","2021-07-28 20:37:18.4101110","4624","LogAlways","Microsoft-Windows-Security-Auditing","Security","680","3668","ADDC01.testlab.local","5","","Successful logon","-\-"," (::1)","Target: TESTLAB.LOCAL\ADDC01$","LogonType 3","LogonId: 0x1CC219","AuthenticationPackageName: Kerberos","LogonProcessName: Kerberos","","-","False","C:\Users\IR\Downloads\golden.evtx","Audit success","0","{""EventData"":{""Data"":[{""@Name"":""SubjectUserSid"",""#text"":""S-1-0-0""},{""@Name"":""SubjectUserName"",""#text"":""-""},{""@Name"":""SubjectDomainName"",""#text"":""-""},{""@Name"":""SubjectLogonId"",""#text"":""0x0""},{""@Name"":""TargetUserSid"",""#text"":""S-1-5-18""},{""@Name"":""TargetUserName"",""#text"":""ADDC01$""},{""@Name"":""TargetDomainName"",""#text"":""TESTLAB.LOCAL""},{""@Name"":""TargetLogonId"",""#text"":""0x1CC219""},{""@Name"":""LogonType"",""#text"":""3""},{""@Name"":""LogonProcessName"",""#text"":""Kerberos""},{""@Name"":""AuthenticationPackageName"",""#text"":""Kerberos""},{""@Name"":""WorkstationName""},{""@Name"":""LogonGuid"",""#text"":""04a8889f-a446-c084-eb0e-87279c4afdf3""},{""@Name"":""TransmittedServices"",""#text"":""-""},{""@Name"":""LmPackageName"",""#text"":""-""},{""@Name"":""KeyLength"",""#text"":""0""},{""@Name"":""ProcessId"",""#text"":""0x0""},{""@Name"":""ProcessName"",""#text"":""-""},{""@Name"":""IpAddress"",""#text"":""::1""},{""@Name"":""IpPort"",""#text"":""52312""},{""@Name"":""ImpersonationLevel"",""#text"":""%%1833""},{""@Name"":""RestrictedAdminMode"",""#text"":""-""},{""@Name"":""TargetOutboundUserName"",""#text"":""-""},{""@Name"":""TargetOutboundDomainName"",""#text"":""-""},{""@Name"":""VirtualAccount"",""#text"":""%%1843""},{""@Name"":""TargetLinkedLogonId"",""#text"":""0x0""},{""@Name"":""ElevatedToken"",""#text"":""%%1842""}]}}"
"567","28055","2021-07-28 20:37:18.4112285","4634","LogAlways","Microsoft-Windows-Security-Auditing","Security","680","844","ADDC01.testlab.local","5","","An account was logged off","","","Target: TESTLAB\ADDC01$","LogonType 3","LogonId: 0x1CC219","","","","","False","C:\Users\IR\Downloads\golden.evtx","Audit success","0","{""EventData"":{""Data"":[{""@Name"":""TargetUserSid"",""#text"":""S-1-5-18""},{""@Name"":""TargetUserName"",""#text"":""ADDC01$""},{""@Name"":""TargetDomainName"",""#text"":""TESTLAB""},{""@Name"":""TargetLogonId"",""#text"":""0x1CC219""},{""@Name"":""LogonType"",""#text"":""3""}]}}"
"568","28056","2021-07-28 20:38:18.4211846","4672","LogAlways","Microsoft-Windows-Security-Auditing","Security","680","1564","ADDC01.testlab.local","5","","Administrative logon","TESTLAB\ADDC01$ (S-1-5-18)","","PrivilegeList: SeSecurityPrivilege, SeBackupPrivilege, SeRestorePrivilege, SeTakeOwnershipPrivilege, SeDebugPrivilege, SeSystemEnvironmentPrivilege, SeLoadDriverPrivilege, SeImpersonatePrivilege, SeDelegateSessionUserImpersonatePrivilege, SeEnableDelegationPrivilege","LogonId: 0x1CC4D0","","","","","","False","C:\Users\IR\Downloads\golden.evtx","Audit success","0","{""EventData"":{""Data"":[{""@Name"":""SubjectUserSid"",""#text"":""S-1-5-18""},{""@Name"":""SubjectUserName"",""#text"":""ADDC01$""},{""@Name"":""SubjectDomainName"",""#text"":""TESTLAB""},{""@Name"":""SubjectLogonId"",""#text"":""0x1CC4D0""},{""@Name"":""PrivilegeList"",""#text"":""SeSecurityPrivilege, SeBackupPrivilege, SeRestorePrivilege, SeTakeOwnershipPrivilege, SeDebugPrivilege, SeSystemEnvironmentPrivilege, SeLoadDriverPrivilege, SeImpersonatePrivilege, SeDelegateSessionUserImpersonatePrivilege, SeEnableDelegationPrivilege""}]}}"
"569","28057","2021-07-28 20:38:18.4212668","4624","LogAlways","Microsoft-Windows-Security-Auditing","Security","680","1564","ADDC01.testlab.local","5","","Successful logon","-\-"," (::1)","Target: TESTLAB.LOCAL\ADDC01$","LogonType 3","LogonId: 0x1CC4D0","AuthenticationPackageName: Kerberos","LogonProcessName: Kerberos","","-","False","C:\Users\IR\Downloads\golden.evtx","Audit success","0","{""EventData"":{""Data"":[{""@Name"":""SubjectUserSid"",""#text"":""S-1-0-0""},{""@Name"":""SubjectUserName"",""#text"":""-""},{""@Name"":""SubjectDomainName"",""#text"":""-""},{""@Name"":""SubjectLogonId"",""#text"":""0x0""},{""@Name"":""TargetUserSid"",""#text"":""S-1-5-18""},{""@Name"":""TargetUserName"",""#text"":""ADDC01$""},{""@Name"":""TargetDomainName"",""#text"":""TESTLAB.LOCAL""},{""@Name"":""TargetLogonId"",""#text"":""0x1CC4D0""},{""@Name"":""LogonType"",""#text"":""3""},{""@Name"":""LogonProcessName"",""#text"":""Kerberos""},{""@Name"":""AuthenticationPackageName"",""#text"":""Kerberos""},{""@Name"":""WorkstationName""},{""@Name"":""LogonGuid"",""#text"":""04a8889f-a446-c084-eb0e-87279c4afdf3""},{""@Name"":""TransmittedServices"",""#text"":""-""},{""@Name"":""LmPackageName"",""#text"":""-""},{""@Name"":""KeyLength"",""#text"":""0""},{""@Name"":""ProcessId"",""#text"":""0x0""},{""@Name"":""ProcessName"",""#text"":""-""},{""@Name"":""IpAddress"",""#text"":""::1""},{""@Name"":""IpPort"",""#text"":""52313""},{""@Name"":""ImpersonationLevel"",""#text"":""%%1833""},{""@Name"":""RestrictedAdminMode"",""#text"":""-""},{""@Name"":""TargetOutboundUserName"",""#text"":""-""},{""@Name"":""TargetOutboundDomainName"",""#text"":""-""},{""@Name"":""VirtualAccount"",""#text"":""%%1843""},{""@Name"":""TargetLinkedLogonId"",""#text"":""0x0""},{""@Name"":""ElevatedToken"",""#text"":""%%1842""}]}}"
"570","28058","2021-07-28 20:38:18.4224157","4634","LogAlways","Microsoft-Windows-Security-Auditing","Security","680","732","ADDC01.testlab.local","5","","An account was logged off","","","Target: TESTLAB\ADDC01$","LogonType 3","LogonId: 0x1CC4D0","","","","","False","C:\Users\IR\Downloads\golden.evtx","Audit success","0","{""EventData"":{""Data"":[{""@Name"":""TargetUserSid"",""#text"":""S-1-5-18""},{""@Name"":""TargetUserName"",""#text"":""ADDC01$""},{""@Name"":""TargetDomainName"",""#text"":""TESTLAB""},{""@Name"":""TargetLogonId"",""#text"":""0x1CC4D0""},{""@Name"":""LogonType"",""#text"":""3""}]}}"
"571","28059","2021-07-28 20:38:36.2407513","4769","LogAlways","Microsoft-Windows-Security-Auditing","Security","680","1564","ADDC01.testlab.local","5","","A Kerberos service ticket was requested","","::ffff:10.0.0.3:64614","Target: TESTLAB.LOCAL\itu 1773!@TESTLAB.LOCAL","ServiceName: ADDC01$","ServiceSid: S-1-5-21-2439045635-180506259-1748410918-1000","TicketEncryptionType: AES256-CTS-HMAC-SHA1-96","Status: KDC_ERR_NONE - No error - No errors were found.","","","False","C:\Users\IR\Downloads\golden.evtx","Audit success","1144","{""EventData"":{""Data"":[{""@Name"":""TargetUserName"",""#text"":""itu 1773!@TESTLAB.LOCAL""},{""@Name"":""TargetDomainName"",""#text"":""TESTLAB.LOCAL""},{""@Name"":""ServiceName"",""#text"":""ADDC01$""},{""@Name"":""ServiceSid"",""#text"":""S-1-5-21-2439045635-180506259-1748410918-1000""},{""@Name"":""TicketOptions"",""#text"":""0x40810000""},{""@Name"":""TicketEncryptionType"",""#text"":""0x12""},{""@Name"":""IpAddress"",""#text"":""::ffff:10.0.0.3""},{""@Name"":""IpPort"",""#text"":""64614""},{""@Name"":""Status"",""#text"":""0x0""},{""@Name"":""LogonGuid"",""#text"":""ef2d26f6-8906-f623-200a-fc80b63665f7""},{""@Name"":""TransmittedServices"",""#text"":""-""}]}}"
"572","28060","2021-07-28 20:38:36.2421815","4769","LogAlways","Microsoft-Windows-Security-Auditing","Security","680","1564","ADDC01.testlab.local","5","","A Kerberos service ticket was requested","","::ffff:10.0.0.3:64615","Target: TESTLAB.LOCAL\itu 1773!@TESTLAB.LOCAL","ServiceName: krbtgt","ServiceSid: S-1-5-21-2439045635-180506259-1748410918-502","TicketEncryptionType: AES256-CTS-HMAC-SHA1-96","Status: KDC_ERR_NONE - No error - No errors were found.","","","False","C:\Users\IR\Downloads\golden.evtx","Audit success","0","{""EventData"":{""Data"":[{""@Name"":""TargetUserName"",""#text"":""itu 1773!@TESTLAB.LOCAL""},{""@Name"":""TargetDomainName"",""#text"":""TESTLAB.LOCAL""},{""@Name"":""ServiceName"",""#text"":""krbtgt""},{""@Name"":""ServiceSid"",""#text"":""S-1-5-21-2439045635-180506259-1748410918-502""},{""@Name"":""TicketOptions"",""#text"":""0x60810010""},{""@Name"":""TicketEncryptionType"",""#text"":""0x12""},{""@Name"":""IpAddress"",""#text"":""::ffff:10.0.0.3""},{""@Name"":""IpPort"",""#text"":""64615""},{""@Name"":""Status"",""#text"":""0x0""},{""@Name"":""LogonGuid"",""#text"":""ef2d26f6-8906-f623-200a-fc80b63665f7""},{""@Name"":""TransmittedServices"",""#text"":""-""}]}}"
"573","28061","2021-07-28 20:38:36.2517471","4672","LogAlways","Microsoft-Windows-Security-Auditing","Security","680","732","ADDC01.testlab.local","5","","Administrative logon","TESTLAB\itu 1773! (S-1-5-21-2439045635-180506259-1748410918-500)","","PrivilegeList: SeSecurityPrivilege, SeBackupPrivilege, SeRestorePrivilege, SeTakeOwnershipPrivilege, SeDebugPrivilege, SeSystemEnvironmentPrivilege, SeLoadDriverPrivilege, SeImpersonatePrivilege, SeDelegateSessionUserImpersonatePrivilege, SeEnableDelegationPrivilege","LogonId: 0x1CC5B8","","","","","","False","C:\Users\IR\Downloads\golden.evtx","Audit success","0","{""EventData"":{""Data"":[{""@Name"":""SubjectUserSid"",""#text"":""S-1-5-21-2439045635-180506259-1748410918-500""},{""@Name"":""SubjectUserName"",""#text"":""itu 1773!""},{""@Name"":""SubjectDomainName"",""#text"":""TESTLAB""},{""@Name"":""SubjectLogonId"",""#text"":""0x1CC5B8""},{""@Name"":""PrivilegeList"",""#text"":""SeSecurityPrivilege, SeBackupPrivilege, SeRestorePrivilege, SeTakeOwnershipPrivilege, SeDebugPrivilege, SeSystemEnvironmentPrivilege, SeLoadDriverPrivilege, SeImpersonatePrivilege, SeDelegateSessionUserImpersonatePrivilege, SeEnableDelegationPrivilege""}]}}"
"574","28062","2021-07-28 20:38:36.2518902","4624","LogAlways","Microsoft-Windows-Security-Auditing","Security","680","732","ADDC01.testlab.local","5","","Successful logon","-\-"," (-)","Target: TESTLAB.LOCAL\itu 1773!","LogonType 3","LogonId: 0x1CC5B8","AuthenticationPackageName: Kerberos","LogonProcessName: Kerberos","","-","False","C:\Users\IR\Downloads\golden.evtx","Audit success","0","{""EventData"":{""Data"":[{""@Name"":""SubjectUserSid"",""#text"":""S-1-0-0""},{""@Name"":""SubjectUserName"",""#text"":""-""},{""@Name"":""SubjectDomainName"",""#text"":""-""},{""@Name"":""SubjectLogonId"",""#text"":""0x0""},{""@Name"":""TargetUserSid"",""#text"":""S-1-5-21-2439045635-180506259-1748410918-500""},{""@Name"":""TargetUserName"",""#text"":""itu 1773!""},{""@Name"":""TargetDomainName"",""#text"":""TESTLAB.LOCAL""},{""@Name"":""TargetLogonId"",""#text"":""0x1CC5B8""},{""@Name"":""LogonType"",""#text"":""3""},{""@Name"":""LogonProcessName"",""#text"":""Kerberos""},{""@Name"":""AuthenticationPackageName"",""#text"":""Kerberos""},{""@Name"":""WorkstationName""},{""@Name"":""LogonGuid"",""#text"":""e078ab61-5ace-5599-cc1f-7e588a378521""},{""@Name"":""TransmittedServices"",""#text"":""-""},{""@Name"":""LmPackageName"",""#text"":""-""},{""@Name"":""KeyLength"",""#text"":""0""},{""@Name"":""ProcessId"",""#text"":""0x0""},{""@Name"":""ProcessName"",""#text"":""-""},{""@Name"":""IpAddress"",""#text"":""-""},{""@Name"":""IpPort"",""#text"":""-""},{""@Name"":""ImpersonationLevel"",""#text"":""%%1840""},{""@Name"":""RestrictedAdminMode"",""#text"":""-""},{""@Name"":""TargetOutboundUserName"",""#text"":""-""},{""@Name"":""TargetOutboundDomainName"",""#text"":""-""},{""@Name"":""VirtualAccount"",""#text"":""%%1843""},{""@Name"":""TargetLinkedLogonId"",""#text"":""0x0""},{""@Name"":""ElevatedToken"",""#text"":""%%1842""}]}}"
"575","28063","2021-07-28 20:39:18.4242807","4672","LogAlways","Microsoft-Windows-Security-Auditing","Security","680","2804","ADDC01.testlab.local","5","","Administrative logon","TESTLAB\ADDC01$ (S-1-5-18)","","PrivilegeList: SeSecurityPrivilege, SeBackupPrivilege, SeRestorePrivilege, SeTakeOwnershipPrivilege, SeDebugPrivilege, SeSystemEnvironmentPrivilege, SeLoadDriverPrivilege, SeImpersonatePrivilege, SeDelegateSessionUserImpersonatePrivilege, SeEnableDelegationPrivilege","LogonId: 0x1CC987","","","","","","False","C:\Users\IR\Downloads\golden.evtx","Audit success","0","{""EventData"":{""Data"":[{""@Name"":""SubjectUserSid"",""#text"":""S-1-5-18""},{""@Name"":""SubjectUserName"",""#text"":""ADDC01$""},{""@Name"":""SubjectDomainName"",""#text"":""TESTLAB""},{""@Name"":""SubjectLogonId"",""#text"":""0x1CC987""},{""@Name"":""PrivilegeList"",""#text"":""SeSecurityPrivilege, SeBackupPrivilege, SeRestorePrivilege, SeTakeOwnershipPrivilege, SeDebugPrivilege, SeSystemEnvironmentPrivilege, SeLoadDriverPrivilege, SeImpersonatePrivilege, SeDelegateSessionUserImpersonatePrivilege, SeEnableDelegationPrivilege""}]}}"
