"288","27776","2021-07-28 20:03:09.0533919","4624","LogAlways","Microsoft-Windows-Security-Auditing","Security","680","1564","ADDC01.testlab.local","2","","Successful logon","-\-"," (::1)","Target: TESTLAB.LOCAL\ADDC01$","LogonType 3","LogonId: 0x1800D0","AuthenticationPackageName: Kerberos","LogonProcessName: Kerberos","","-","False","C:\Users\IR\Downloads\golden.evtx","Audit success","0","{""EventData"":{""Data"":[{""@Name"":""SubjectUserSid"",""#text"":""S-1-0-0""},{""@Name"":""SubjectUserName"",""#text"":""-""},{""@Name"":""SubjectDomainName"",""#text"":""-""},{""@Name"":""SubjectLogonId"",""#text"":""0x0""},{""@Name"":""TargetUserSid"",""#text"":""S-1-5-18""},{""@Name"":""TargetUserName"",""#text"":""ADDC01$""},{""@Name"":""TargetDomainName"",""#text"":""TESTLAB.LOCAL""},{""@Name"":""TargetLogonId"",""#text"":""0x1800D0""},{""@Name"":""LogonType"",""#text"":""3""},{""@Name"":""LogonProcessName"",""#text"":""Kerberos""},{""@Name"":""AuthenticationPackageName"",""#text"":""Kerberos""},{""@Name"":""WorkstationName""},{""@Name"":""LogonGuid"",""#text"":""04a8889f-a446-c084-eb0e-87279c4afdf3""},{""@Name"":""TransmittedServices"",""#text"":""-""},{""@Name"":""LmPackageName"",""#text"":""-""},{""@Name"":""KeyLength"",""#text"":""0""},{""@Name"":""ProcessId"",""#text"":""0x0""},{""@Name"":""ProcessName"",""#text"":""-""},{""@Name"":""IpAddress"",""#text"":""::1""},{""@Name"":""IpPort"",""#text"":""52198""},{""@Name"":""ImpersonationLevel"",""#text"":""%%1833""},{""@Name"":""RestrictedAdminMode"",""#text"":""-""},{""@Name"":""TargetOutboundUserName"",""#text"":""-""},{""@Name"":""TargetOutboundDomainName"",""#text"":""-""},{""@Name"":""VirtualAccount"",""#text"":""%%1843""},{""@Name"":""TargetLinkedLogonId"",""#text"":""0x0""},{""@Name"":""ElevatedToken"",""#text"":""%%1842""}]}}"
"289","27777","2021-07-28 20:03:09.0546170","4634","LogAlways","Microsoft-Windows-Security-Auditing","Security","680","876","ADDC01.testlab.local","2","","An account was logged off","","","Target: TESTLAB\ADDC01$","LogonType 3","LogonId: 0x1800D0","","","","","False","C:\Users\IR\Downloads\golden.evtx","Audit success","0","{""EventData"":{""Data"":[{""@Name"":""TargetUserSid"",""#text"":""S-1-5-18""},{""@Name"":""TargetUserName"",""#text"":""ADDC01$""},{""@Name"":""TargetDomainName"",""#text"":""TESTLAB""},{""@Name"":""TargetLogonId"",""#text"":""0x1800D0""},{""@Name"":""LogonType"",""#text"":""3""}]}}"
"290","27778","2021-07-28 20:03:14.0983302","4624","LogAlways","Microsoft-Windows-Security-Auditing","Security","680","1796","ADDC01.testlab.local","2","","Successful logon","-\-"," (10.0.0.3)","Target: TESTLAB.LOCAL\WIN10CLIENT$","LogonType 3","LogonId: 0x180116","AuthenticationPackageName: Kerberos","LogonProcessName: Kerberos","","-","False","C:\Users\IR\Downloads\golden.evtx","Audit success","0","{""EventData"":{""Data"":[{""@Name"":""SubjectUserSid"",""#text"":""S-1-0-0""},{""@Name"":""SubjectUserName"",""#text"":""-""},{""@Name"":""SubjectDomainName"",""#text"":""-""},{""@Name"":""SubjectLogonId"",""#text"":""0x0""},{""@Name"":""TargetUserSid"",""#text"":""S-1-5-21-2439045635-180506259-1748410918-1103""},{""@Name"":""TargetUserName"",""#text"":""WIN10CLIENT$""},{""@Name"":""TargetDomainName"",""#text"":""TESTLAB.LOCAL""},{""@Name"":""TargetLogonId"",""#text"":""0x180116""},{""@Name"":""LogonType"",""#text"":""3""},{""@Name"":""LogonProcessName"",""#text"":""Kerberos""},{""@Name"":""AuthenticationPackageName"",""#text"":""Kerberos""},{""@Name"":""WorkstationName""},{""@Name"":""LogonGuid"",""#text"":""527dc319-d155-5e54-0238-c188795f37c2""},{""@Name"":""TransmittedServices"",""#text"":""-""},{""@Name"":""LmPackageName"",""#text"":""-""},{""@Name"":""KeyLength"",""#text"":""0""},{""@Name"":""ProcessId"",""#text"":""0x0""},{""@Name"":""ProcessName"",""#text"":""-""},{""@Name"":""IpAddress"",""#text"":""10.0.0.3""},{""@Name"":""IpPort"",""#text"":""64594""},{""@Name"":""ImpersonationLevel"",""#text"":""%%1840""},{""@Name"":""RestrictedAdminMode"",""#text"":""-""},{""@Name"":""TargetOutboundUserName"",""#text"":""-""},{""@Name"":""TargetOutboundDomainName"",""#text"":""-""},{""@Name"":""VirtualAccount"",""#text"":""%%1843""},{""@Name"":""TargetLinkedLogonId"",""#text"":""0x0""},{""@Name"":""ElevatedToken"",""#text"":""%%1842""}]}}"
"291","27779","2021-07-28 20:03:24.8227147","4634","LogAlways","Microsoft-Windows-Security-Auditing","Security","680","1796","ADDC01.testlab.local","2","","An account was logged off","","","Target: TESTLAB\WIN10CLIENT$","LogonType 3","LogonId: 0x180116","","","","","False","C:\Users\IR\Downloads\golden.evtx","Audit success","0","{""EventData"":{""Data"":[{""@Name"":""TargetUserSid"",""#text"":""S-1-5-21-2439045635-180506259-1748410918-1103""},{""@Name"":""TargetUserName"",""#text"":""WIN10CLIENT$""},{""@Name"":""TargetDomainName"",""#text"":""TESTLAB""},{""@Name"":""TargetLogonId"",""#text"":""0x180116""},{""@Name"":""LogonType"",""#text"":""3""}]}}"
"292","27780","2021-07-28 20:03:48.6371369","4672","LogAlways","Microsoft-Windows-Security-Auditing","Security","680","1796","ADDC01.testlab.local","2","","Administrative logon","TESTLAB\ADDC01$ (S-1-5-18)","","PrivilegeList: SeSecurityPrivilege, SeBackupPrivilege, SeRestorePrivilege, SeTakeOwnershipPrivilege, SeDebugPrivilege, SeSystemEnvironmentPrivilege, SeLoadDriverPrivilege, SeImpersonatePrivilege, SeDelegateSessionUserImpersonatePrivilege, SeEnableDelegationPrivilege","LogonId: 0x180329","","","","","","False","C:\Users\IR\Downloads\golden.evtx","Audit success","0","{""EventData"":{""Data"":[{""@Name"":""SubjectUserSid"",""#text"":""S-1-5-18""},{""@Name"":""SubjectUserName"",""#text"":""ADDC01$""},{""@Name"":""SubjectDomainName"",""#text"":""TESTLAB""},{""@Name"":""SubjectLogonId"",""#text"":""0x180329""},{""@Name"":""PrivilegeList"",""#text"":""SeSecurityPrivilege, SeBackupPrivilege, SeRestorePrivilege, SeTakeOwnershipPrivilege, SeDebugPrivilege, SeSystemEnvironmentPrivilege, SeLoadDriverPrivilege, SeImpersonatePrivilege, SeDelegateSessionUserImpersonatePrivilege, SeEnableDelegationPrivilege""}]}}"
"293","27781","2021-07-28 20:03:48.6372593","4624","LogAlways","Microsoft-Windows-Security-Auditing","Security","680","1796","ADDC01.testlab.local","2","","Successful logon","-\-"," (fe80::492:2bcc:f5ff:fffd)","Target: TESTLAB.LOCAL\ADDC01$","LogonType 3","LogonId: 0x180329","AuthenticationPackageName: Kerberos","LogonProcessName: Kerberos","","-","False","C:\Users\IR\Downloads\golden.evtx","Audit success","0","{""EventData"":{""Data"":[{""@Name"":""SubjectUserSid"",""#text"":""S-1-0-0""},{""@Name"":""SubjectUserName"",""#text"":""-""},{""@Name"":""SubjectDomainName"",""#text"":""-""},{""@Name"":""SubjectLogonId"",""#text"":""0x0""},{""@Name"":""TargetUserSid"",""#text"":""S-1-5-18""},{""@Name"":""TargetUserName"",""#text"":""ADDC01$""},{""@Name"":""TargetDomainName"",""#text"":""TESTLAB.LOCAL""},{""@Name"":""TargetLogonId"",""#text"":""0x180329""},{""@Name"":""LogonType"",""#text"":""3""},{""@Name"":""LogonProcessName"",""#text"":""Kerberos""},{""@Name"":""AuthenticationPackageName"",""#text"":""Kerberos""},{""@Name"":""WorkstationName""},{""@Name"":""LogonGuid"",""#text"":""736bd097-206b-cbdc-4682-25f7f79be8f2""},{""@Name"":""TransmittedServices"",""#text"":""-""},{""@Name"":""LmPackageName"",""#text"":""-""},{""@Name"":""KeyLength"",""#text"":""0""},{""@Name"":""ProcessId"",""#text"":""0x0""},{""@Name"":""ProcessName"",""#text"":""-""},{""@Name"":""IpAddress"",""#text"":""fe80::492:2bcc:f5ff:fffd""},{""@Name"":""IpPort"",""#text"":""52199""},{""@Name"":""ImpersonationLevel"",""#text"":""%%1840""},{""@Name"":""RestrictedAdminMode"",""#text"":""-""},{""@Name"":""TargetOutboundUserName"",""#text"":""-""},{""@Name"":""TargetOutboundDomainName"",""#text"":""-""},{""@Name"":""VirtualAccount"",""#text"":""%%1843""},{""@Name"":""TargetLinkedLogonId"",""#text"":""0x0""},{""@Name"":""ElevatedToken"",""#text"":""%%1842""}]}}"
"294","27782","2021-07-28 20:03:59.7394711","4634","LogAlways","Microsoft-Windows-Security-Auditing","Security","680","1796","ADDC01.testlab.local","3","","An account was logged off","","","Target: TESTLAB\ADDC01$","LogonType 3","LogonId: 0x180329","","","","","False","C:\Users\IR\Downloads\golden.evtx","Audit success","0","{""EventData"":{""Data"":[{""@Name"":""TargetUserSid"",""#text"":""S-1-5-18""},{""@Name"":""TargetUserName"",""#text"":""ADDC01$""},{""@Name"":""TargetDomainName"",""#text"":""TESTLAB""},{""@Name"":""TargetLogonId"",""#text"":""0x180329""},{""@Name"":""LogonType"",""#text"":""3""}]}}"
"295","27783","2021-07-28 20:04:09.0522568","4672","LogAlways","Microsoft-Windows-Security-Auditing","Security","680","1564","ADDC01.testlab.local","3","","Administrative logon","TESTLAB\ADDC01$ (S-1-5-18)","","PrivilegeList: SeSecurityPrivilege, SeBackupPrivilege, SeRestorePrivilege, SeTakeOwnershipPrivilege, SeDebugPrivilege, SeSystemEnvironmentPrivilege, SeLoadDriverPrivilege, SeImpersonatePrivilege, SeDelegateSessionUserImpersonatePrivilege, SeEnableDelegationPrivilege","LogonId: 0x180594","","","","","","False","C:\Users\IR\Downloads\golden.evtx","Audit success","0","{""EventData"":{""Data"":[{""@Name"":""SubjectUserSid"",""#text"":""S-1-5-18""},{""@Name"":""SubjectUserName"",""#text"":""ADDC01$""},{""@Name"":""SubjectDomainName"",""#text"":""TESTLAB""},{""@Name"":""SubjectLogonId"",""#text"":""0x180594""},{""@Name"":""PrivilegeList"",""#text"":""SeSecurityPrivilege, SeBackupPrivilege, SeRestorePrivilege, SeTakeOwnershipPrivilege, SeDebugPrivilege, SeSystemEnvironmentPrivilege, SeLoadDriverPrivilege, SeImpersonatePrivilege, SeDelegateSessionUserImpersonatePrivilege, SeEnableDelegationPrivilege""}]}}"
"296","27784","2021-07-28 20:04:09.0523404","4624","LogAlways","Microsoft-Windows-Security-Auditing","Security","680","1564","ADDC01.testlab.local","3","","Successful logon","-\-"," (::1)","Target: TESTLAB.LOCAL\ADDC01$","LogonType 3","LogonId: 0x180594","AuthenticationPackageName: Kerberos","LogonProcessName: Kerberos","","-","False","C:\Users\IR\Downloads\golden.evtx","Audit success","0","{""EventData"":{""Data"":[{""@Name"":""SubjectUserSid"",""#text"":""S-1-0-0""},{""@Name"":""SubjectUserName"",""#text"":""-""},{""@Name"":""SubjectDomainName"",""#text"":""-""},{""@Name"":""SubjectLogonId"",""#text"":""0x0""},{""@Name"":""TargetUserSid"",""#text"":""S-1-5-18""},{""@Name"":""TargetUserName"",""#text"":""ADDC01$""},{""@Name"":""TargetDomainName"",""#text"":""TESTLAB.LOCAL""},{""@Name"":""TargetLogonId"",""#text"":""0x180594""},{""@Name"":""LogonType"",""#text"":""3""},{""@Name"":""LogonProcessName"",""#text"":""Kerberos""},{""@Name"":""AuthenticationPackageName"",""#text"":""Kerberos""},{""@Name"":""WorkstationName""},{""@Name"":""LogonGuid"",""#text"":""04a8889f-a446-c084-eb0e-87279c4afdf3""},{""@Name"":""TransmittedServices"",""#text"":""-""},{""@Name"":""LmPackageName"",""#text"":""-""},{""@Name"":""KeyLength"",""#text"":""0""},{""@Name"":""ProcessId"",""#text"":""0x0""},{""@Name"":""ProcessName"",""#text"":""-""},{""@Name"":""IpAddress"",""#text"":""::1""},{""@Name"":""IpPort"",""#text"":""52200""},{""@Name"":""ImpersonationLevel"",""#text"":""%%1833""},{""@Name"":""RestrictedAdminMode"",""#text"":""-""},{""@Name"":""TargetOutboundUserName"",""#text"":""-""},{""@Name"":""TargetOutboundDomainName"",""#text"":""-""},{""@Name"":""VirtualAccount"",""#text"":""%%1843""},{""@Name"":""TargetLinkedLogonId"",""#text"":""0x0""},{""@Name"":""ElevatedToken"",""#text"":""%%1842""}]}}"
"297","27785","2021-07-28 20:04:09.0532586","4634","LogAlways","Microsoft-Windows-Security-Auditing","Security","680","732","ADDC01.testlab.local","3","","An account was logged off","","","Target: TESTLAB\ADDC01$","LogonType 3","LogonId: 0x180594","","","","","False","C:\Users\IR\Downloads\golden.evtx","Audit success","0","{""EventData"":{""Data"":[{""@Name"":""TargetUserSid"",""#text"":""S-1-5-18""},{""@Name"":""TargetUserName"",""#text"":""ADDC01$""},{""@Name"":""TargetDomainName"",""#text"":""TESTLAB""},{""@Name"":""TargetLogonId"",""#text"":""0x180594""},{""@Name"":""LogonType"",""#text"":""3""}]}}"
"298","27786","2021-07-28 20:04:14.4197408","4672","LogAlways","Microsoft-Windows-Security-Auditing","Security","680","2804","ADDC01.testlab.local","3","","Administrative logon","TESTLAB\ADDC01$ (S-1-5-18)","","PrivilegeList: SeSecurityPrivilege, SeBackupPrivilege, SeRestorePrivilege, SeTakeOwnershipPrivilege, SeDebugPrivilege, SeSystemEnvironmentPrivilege, SeLoadDriverPrivilege, SeImpersonatePrivilege, SeDelegateSessionUserImpersonatePrivilege, SeEnableDelegationPrivilege","LogonId: 0x1806DF","","","","","","False","C:\Users\IR\Downloads\golden.evtx","Audit success","0","{""EventData"":{""Data"":[{""@Name"":""SubjectUserSid"",""#text"":""S-1-5-18""},{""@Name"":""SubjectUserName"",""#text"":""ADDC01$""},{""@Name"":""SubjectDomainName"",""#text"":""TESTLAB""},{""@Name"":""SubjectLogonId"",""#text"":""0x1806DF""},{""@Name"":""PrivilegeList"",""#text"":""SeSecurityPrivilege, SeBackupPrivilege, SeRestorePrivilege, SeTakeOwnershipPrivilege, SeDebugPrivilege, SeSystemEnvironmentPrivilege, SeLoadDriverPrivilege, SeImpersonatePrivilege, SeDelegateSessionUserImpersonatePrivilege, SeEnableDelegationPrivilege""}]}}"
"299","27787","2021-07-28 20:04:14.4198207","4624","LogAlways","Microsoft-Windows-Security-Auditing","Security","680","2804","ADDC01.testlab.local","3","","Successful logon","-\-"," (fe80::492:2bcc:f5ff:fffd)","Target: TESTLAB.LOCAL\ADDC01$","LogonType 3","LogonId: 0x1806DF","AuthenticationPackageName: Kerberos","LogonProcessName: Kerberos","","-","False","C:\Users\IR\Downloads\golden.evtx","Audit success","0","{""EventData"":{""Data"":[{""@Name"":""SubjectUserSid"",""#text"":""S-1-0-0""},{""@Name"":""SubjectUserName"",""#text"":""-""},{""@Name"":""SubjectDomainName"",""#text"":""-""},{""@Name"":""SubjectLogonId"",""#text"":""0x0""},{""@Name"":""TargetUserSid"",""#text"":""S-1-5-18""},{""@Name"":""TargetUserName"",""#text"":""ADDC01$""},{""@Name"":""TargetDomainName"",""#text"":""TESTLAB.LOCAL""},{""@Name"":""TargetLogonId"",""#text"":""0x1806DF""},{""@Name"":""LogonType"",""#text"":""3""},{""@Name"":""LogonProcessName"",""#text"":""Kerberos""},{""@Name"":""AuthenticationPackageName"",""#text"":""Kerberos""},{""@Name"":""WorkstationName""},{""@Name"":""LogonGuid"",""#text"":""04a8889f-a446-c084-eb0e-87279c4afdf3""},{""@Name"":""TransmittedServices"",""#text"":""-""},{""@Name"":""LmPackageName"",""#text"":""-""},{""@Name"":""KeyLength"",""#text"":""0""},{""@Name"":""ProcessId"",""#text"":""0x0""},{""@Name"":""ProcessName"",""#text"":""-""},{""@Name"":""IpAddress"",""#text"":""fe80::492:2bcc:f5ff:fffd""},{""@Name"":""IpPort"",""#text"":""52202""},{""@Name"":""ImpersonationLevel"",""#text"":""%%1833""},{""@Name"":""RestrictedAdminMode"",""#text"":""-""},{""@Name"":""TargetOutboundUserName"",""#text"":""-""},{""@Name"":""TargetOutboundDomainName"",""#text"":""-""},{""@Name"":""VirtualAccount"",""#text"":""%%1843""},{""@Name"":""TargetLinkedLogonId"",""#text"":""0x0""},{""@Name"":""ElevatedToken"",""#text"":""%%1842""}]}}"
"300","27788","2021-07-28 20:04:14.4233735","4634","LogAlways","Microsoft-Windows-Security-Auditing","Security","680","876","ADDC01.testlab.local","3","","An account was logged off","","","Target: TESTLAB\ADDC01$","LogonType 3","LogonId: 0x1806DF","","","","","False","C:\Users\IR\Downloads\golden.evtx","Audit success","0","{""EventData"":{""Data"":[{""@Name"":""TargetUserSid"",""#text"":""S-1-5-18""},{""@Name"":""TargetUserName"",""#text"":""ADDC01$""},{""@Name"":""TargetDomainName"",""#text"":""TESTLAB""},{""@Name"":""TargetLogonId"",""#text"":""0x1806DF""},{""@Name"":""LogonType"",""#text"":""3""}]}}"
"301","27789","2021-07-28 20:04:14.4250610","4672","LogAlways","Microsoft-Windows-Security-Auditing","Security","680","1564","ADDC01.testlab.local","3","","Administrative logon","TESTLAB\ADDC01$ (S-1-5-18)","","PrivilegeList: SeSecurityPrivilege, SeBackupPrivilege, SeRestorePrivilege, SeTakeOwnershipPrivilege, SeDebugPrivilege, SeSystemEnvironmentPrivilege, SeLoadDriverPrivilege, SeImpersonatePrivilege, SeDelegateSessionUserImpersonatePrivilege, SeEnableDelegationPrivilege","LogonId: 0x180748","","","","","","False","C:\Users\IR\Downloads\golden.evtx","Audit success","0","{""EventData"":{""Data"":[{""@Name"":""SubjectUserSid"",""#text"":""S-1-5-18""},{""@Name"":""SubjectUserName"",""#text"":""ADDC01$""},{""@Name"":""SubjectDomainName"",""#text"":""TESTLAB""},{""@Name"":""SubjectLogonId"",""#text"":""0x180748""},{""@Name"":""PrivilegeList"",""#text"":""SeSecurityPrivilege, SeBackupPrivilege, SeRestorePrivilege, SeTakeOwnershipPrivilege, SeDebugPrivilege, SeSystemEnvironmentPrivilege, SeLoadDriverPrivilege, SeImpersonatePrivilege, SeDelegateSessionUserImpersonatePrivilege, SeEnableDelegationPrivilege""}]}}"
"302","27790","2021-07-28 20:04:14.4251389","4624","LogAlways","Microsoft-Windows-Security-Auditing","Security","680","1564","ADDC01.testlab.local","3","","Successful logon","-\-"," (fe80::492:2bcc:f5ff:fffd)","Target: TESTLAB.LOCAL\ADDC01$","LogonType 3","LogonId: 0x180748","AuthenticationPackageName: Kerberos","LogonProcessName: Kerberos","","-","False","C:\Users\IR\Downloads\golden.evtx","Audit success","0","{""EventData"":{""Data"":[{""@Name"":""SubjectUserSid"",""#text"":""S-1-0-0""},{""@Name"":""SubjectUserName"",""#text"":""-""},{""@Name"":""SubjectDomainName"",""#text"":""-""},{""@Name"":""SubjectLogonId"",""#text"":""0x0""},{""@Name"":""TargetUserSid"",""#text"":""S-1-5-18""},{""@Name"":""TargetUserName"",""#text"":""ADDC01$""},{""@Name"":""TargetDomainName"",""#text"":""TESTLAB.LOCAL""},{""@Name"":""TargetLogonId"",""#text"":""0x180748""},{""@Name"":""LogonType"",""#text"":""3""},{""@Name"":""LogonProcessName"",""#text"":""Kerberos""},{""@Name"":""AuthenticationPackageName"",""#text"":""Kerberos""},{""@Name"":""WorkstationName""},{""@Name"":""LogonGuid"",""#text"":""04a8889f-a446-c084-eb0e-87279c4afdf3""},{""@Name"":""TransmittedServices"",""#text"":""-""},{""@Name"":""LmPackageName"",""#text"":""-""},{""@Name"":""KeyLength"",""#text"":""0""},{""@Name"":""ProcessId"",""#text"":""0x0""},{""@Name"":""ProcessName"",""#text"":""-""},{""@Name"":""IpAddress"",""#text"":""fe80::492:2bcc:f5ff:fffd""},{""@Name"":""IpPort"",""#text"":""52203""},{""@Name"":""ImpersonationLevel"",""#text"":""%%1833""},{""@Name"":""RestrictedAdminMode"",""#text"":""-""},{""@Name"":""TargetOutboundUserName"",""#text"":""-""},{""@Name"":""TargetOutboundDomainName"",""#text"":""-""},{""@Name"":""VirtualAccount"",""#text"":""%%1843""},{""@Name"":""TargetLinkedLogonId"",""#text"":""0x0""},{""@Name"":""ElevatedToken"",""#text"":""%%1842""}]}}"
"303","27791","2021-07-28 20:04:14.4293513","4634","LogAlways","Microsoft-Windows-Security-Auditing","Security","680","1796","ADDC01.testlab.local","3","","An account was logged off","","","Target: TESTLAB\ADDC01$","LogonType 3","LogonId: 0x180748","","","","","False","C:\Users\IR\Downloads\golden.evtx","Audit success","0","{""EventData"":{""Data"":[{""@Name"":""TargetUserSid"",""#text"":""S-1-5-18""},{""@Name"":""TargetUserName"",""#text"":""ADDC01$""},{""@Name"":""TargetDomainName"",""#text"":""TESTLAB""},{""@Name"":""TargetLogonId"",""#text"":""0x180748""},{""@Name"":""LogonType"",""#text"":""3""}]}}"
"304","27792","2021-07-28 20:04:45.7570341","4624","LogAlways","Microsoft-Windows-Security-Auditing","Security","680","732","ADDC01.testlab.local","3","","Successful logon","-\-","WIN10CLIENT (10.0.0.3)","Target: NT AUTHORITY\ANONYMOUS LOGON","LogonType 3","LogonId: 0x181E22","AuthenticationPackageName: NTLM","LogonProcessName: NtLmSsp ","","-","False","C:\Users\IR\Downloads\golden.evtx","Audit success","0","{""EventData"":{""Data"":[{""@Name"":""SubjectUserSid"",""#text"":""S-1-0-0""},{""@Name"":""SubjectUserName"",""#text"":""-""},{""@Name"":""SubjectDomainName"",""#text"":""-""},{""@Name"":""SubjectLogonId"",""#text"":""0x0""},{""@Name"":""TargetUserSid"",""#text"":""S-1-5-7""},{""@Name"":""TargetUserName"",""#text"":""ANONYMOUS LOGON""},{""@Name"":""TargetDomainName"",""#text"":""NT AUTHORITY""},{""@Name"":""TargetLogonId"",""#text"":""0x181E22""},{""@Name"":""LogonType"",""#text"":""3""},{""@Name"":""LogonProcessName"",""#text"":""NtLmSsp ""},{""@Name"":""AuthenticationPackageName"",""#text"":""NTLM""},{""@Name"":""WorkstationName"",""#text"":""WIN10CLIENT""},{""@Name"":""LogonGuid"",""#text"":""00000000-0000-0000-0000-000000000000""},{""@Name"":""TransmittedServices"",""#text"":""-""},{""@Name"":""LmPackageName"",""#text"":""NTLM V1""},{""@Name"":""KeyLength"",""#text"":""128""},{""@Name"":""ProcessId"",""#text"":""0x0""},{""@Name"":""ProcessName"",""#text"":""-""},{""@Name"":""IpAddress"",""#text"":""10.0.0.3""},{""@Name"":""IpPort"",""#text"":""64595""},{""@Name"":""ImpersonationLevel"",""#text"":""%%1833""},{""@Name"":""RestrictedAdminMode"",""#text"":""-""},{""@Name"":""TargetOutboundUserName"",""#text"":""-""},{""@Name"":""TargetOutboundDomainName"",""#text"":""-""},{""@Name"":""VirtualAccount"",""#text"":""%%1843""},{""@Name"":""TargetLinkedLogonId"",""#text"":""0x0""},{""@Name"":""ElevatedToken"",""#text"":""%%1843""}]}}"
"305","27793","2021-07-28 20:04:55.1810002","4672","LogAlways","Microsoft-Windows-Security-Auditing","Security","680","2804","ADDC01.testlab.local","3","","Administrative logon","TESTLAB\ADDC01$ (S-1-5-18)","","PrivilegeList: SeSecurityPrivilege, SeBackupPrivilege, SeRestorePrivilege, SeTakeOwnershipPrivilege, SeDebugPrivilege, SeSystemEnvironmentPrivilege, SeLoadDriverPrivilege, SeImpersonatePrivilege, SeDelegateSessionUserImpersonatePrivilege, SeEnableDelegationPrivilege","LogonId: 0x181F32","","","","","","False","C:\Users\IR\Downloads\golden.evtx","Audit success","0","{""EventData"":{""Data"":[{""@Name"":""SubjectUserSid"",""#text"":""S-1-5-18""},{""@Name"":""SubjectUserName"",""#text"":""ADDC01$""},{""@Name"":""SubjectDomainName"",""#text"":""TESTLAB""},{""@Name"":""SubjectLogonId"",""#text"":""0x181F32""},{""@Name"":""PrivilegeList"",""#text"":""SeSecurityPrivilege, SeBackupPrivilege, SeRestorePrivilege, SeTakeOwnershipPrivilege, SeDebugPrivilege, SeSystemEnvironmentPrivilege, SeLoadDriverPrivilege, SeImpersonatePrivilege, SeDelegateSessionUserImpersonatePrivilege, SeEnableDelegationPrivilege""}]}}"
"306","27794","2021-07-28 20:04:55.1810926","4624","LogAlways","Microsoft-Windows-Security-Auditing","Security","680","2804","ADDC01.testlab.local","3","","Successful logon","-\-"," (fe80::492:2bcc:f5ff:fffd)","Target: TESTLAB.LOCAL\ADDC01$","LogonType 3","LogonId: 0x181F32","AuthenticationPackageName: Kerberos","LogonProcessName: Kerberos","","-","False","C:\Users\IR\Downloads\golden.evtx","Audit success","0","{""EventData"":{""Data"":[{""@Name"":""SubjectUserSid"",""#text"":""S-1-0-0""},{""@Name"":""SubjectUserName"",""#text"":""-""},{""@Name"":""SubjectDomainName"",""#text"":""-""},{""@Name"":""SubjectLogonId"",""#text"":""0x0""},{""@Name"":""TargetUserSid"",""#text"":""S-1-5-18""},{""@Name"":""TargetUserName"",""#text"":""ADDC01$""},{""@Name"":""TargetDomainName"",""#text"":""TESTLAB.LOCAL""},{""@Name"":""TargetLogonId"",""#text"":""0x181F32""},{""@Name"":""LogonType"",""#text"":""3""},{""@Name"":""LogonProcessName"",""#text"":""Kerberos""},{""@Name"":""AuthenticationPackageName"",""#text"":""Kerberos""},{""@Name"":""WorkstationName""},{""@Name"":""LogonGuid"",""#text"":""efb59bf9-c536-da8d-4e03-66ccd9a89b6a""},{""@Name"":""TransmittedServices"",""#text"":""-""},{""@Name"":""LmPackageName"",""#text"":""-""},{""@Name"":""KeyLength"",""#text"":""0""},{""@Name"":""ProcessId"",""#text"":""0x0""},{""@Name"":""ProcessName"",""#text"":""-""},{""@Name"":""IpAddress"",""#text"":""fe80::492:2bcc:f5ff:fffd""},{""@Name"":""IpPort"",""#text"":""52205""},{""@Name"":""ImpersonationLevel"",""#text"":""%%1833""},{""@Name"":""RestrictedAdminMode"",""#text"":""-""},{""@Name"":""TargetOutboundUserName"",""#text"":""-""},{""@Name"":""TargetOutboundDomainName"",""#text"":""-""},{""@Name"":""VirtualAccount"",""#text"":""%%1843""},{""@Name"":""TargetLinkedLogonId"",""#text"":""0x0""},{""@Name"":""ElevatedToken"",""#text"":""%%1842""}]}}"
"307","27795","2021-07-28 20:04:55.1838496","4672","LogAlways","Microsoft-Windows-Security-Auditing","Security","680","732","ADDC01.testlab.local","3","","Administrative logon","TESTLAB\ADDC01$ (S-1-5-18)","","PrivilegeList: SeSecurityPrivilege, SeBackupPrivilege, SeRestorePrivilege, SeTakeOwnershipPrivilege, SeDebugPrivilege, SeSystemEnvironmentPrivilege, SeLoadDriverPrivilege, SeImpersonatePrivilege, SeDelegateSessionUserImpersonatePrivilege, SeEnableDelegationPrivilege","LogonId: 0x182011","","","","","","False","C:\Users\IR\Downloads\golden.evtx","Audit success","0","{""EventData"":{""Data"":[{""@Name"":""SubjectUserSid"",""#text"":""S-1-5-18""},{""@Name"":""SubjectUserName"",""#text"":""ADDC01$""},{""@Name"":""SubjectDomainName"",""#text"":""TESTLAB""},{""@Name"":""SubjectLogonId"",""#text"":""0x182011""},{""@Name"":""PrivilegeList"",""#text"":""SeSecurityPrivilege, SeBackupPrivilege, SeRestorePrivilege, SeTakeOwnershipPrivilege, SeDebugPrivilege, SeSystemEnvironmentPrivilege, SeLoadDriverPrivilege, SeImpersonatePrivilege, SeDelegateSessionUserImpersonatePrivilege, SeEnableDelegationPrivilege""}]}}"
"308","27796","2021-07-28 20:04:55.1839314","4624","LogAlways","Microsoft-Windows-Security-Auditing","Security","680","732","ADDC01.testlab.local","3","","Successful logon","-\-"," (::1)","Target: TESTLAB.LOCAL\ADDC01$","LogonType 3","LogonId: 0x182011","AuthenticationPackageName: Kerberos","LogonProcessName: Kerberos","","-","False","C:\Users\IR\Downloads\golden.evtx","Audit success","0","{""EventData"":{""Data"":[{""@Name"":""SubjectUserSid"",""#text"":""S-1-0-0""},{""@Name"":""SubjectUserName"",""#text"":""-""},{""@Name"":""SubjectDomainName"",""#text"":""-""},{""@Name"":""SubjectLogonId"",""#text"":""0x0""},{""@Name"":""TargetUserSid"",""#text"":""S-1-5-18""},{""@Name"":""TargetUserName"",""#text"":""ADDC01$""},{""@Name"":""TargetDomainName"",""#text"":""TESTLAB.LOCAL""},{""@Name"":""TargetLogonId"",""#text"":""0x182011""},{""@Name"":""LogonType"",""#text"":""3""},{""@Name"":""LogonProcessName"",""#text"":""Kerberos""},{""@Name"":""AuthenticationPackageName"",""#text"":""Kerberos""},{""@Name"":""WorkstationName""},{""@Name"":""LogonGuid"",""#text"":""c1a82053-85aa-37cc-1459-6df6d69c743e""},{""@Name"":""TransmittedServices"",""#text"":""-""},{""@Name"":""LmPackageName"",""#text"":""-""},{""@Name"":""KeyLength"",""#text"":""0""},{""@Name"":""ProcessId"",""#text"":""0x0""},{""@Name"":""ProcessName"",""#text"":""-""},{""@Name"":""IpAddress"",""#text"":""::1""},{""@Name"":""IpPort"",""#text"":""0""},{""@Name"":""ImpersonationLevel"",""#text"":""%%1833""},{""@Name"":""RestrictedAdminMode"",""#text"":""-""},{""@Name"":""TargetOutboundUserName"",""#text"":""-""},{""@Name"":""TargetOutboundDomainName"",""#text"":""-""},{""@Name"":""VirtualAccount"",""#text"":""%%1843""},{""@Name"":""TargetLinkedLogonId"",""#text"":""0x0""},{""@Name"":""ElevatedToken"",""#text"":""%%1842""}]}}"
"309","27797","2021-07-28 20:04:55.1859844","4672","LogAlways","Microsoft-Windows-Security-Auditing","Security","680","2804","ADDC01.testlab.local","3","","Administrative logon","TESTLAB\ADDC01$ (S-1-5-18)","","PrivilegeList: SeSecurityPrivilege, SeBackupPrivilege, SeRestorePrivilege, SeTakeOwnershipPrivilege, SeDebugPrivilege, SeSystemEnvironmentPrivilege, SeLoadDriverPrivilege, SeImpersonatePrivilege, SeDelegateSessionUserImpersonatePrivilege, SeEnableDelegationPrivilege","LogonId: 0x182054","","","","","","False","C:\Users\IR\Downloads\golden.evtx","Audit success","0","{""EventData"":{""Data"":[{""@Name"":""SubjectUserSid"",""#text"":""S-1-5-18""},{""@Name"":""SubjectUserName"",""#text"":""ADDC01$""},{""@Name"":""SubjectDomainName"",""#text"":""TESTLAB""},{""@Name"":""SubjectLogonId"",""#text"":""0x182054""},{""@Name"":""PrivilegeList"",""#text"":""SeSecurityPrivilege, SeBackupPrivilege, SeRestorePrivilege, SeTakeOwnershipPrivilege, SeDebugPrivilege, SeSystemEnvironmentPrivilege, SeLoadDriverPrivilege, SeImpersonatePrivilege, SeDelegateSessionUserImpersonatePrivilege, SeEnableDelegationPrivilege""}]}}"
"310","27798","2021-07-28 20:04:55.1860612","4624","LogAlways","Microsoft-Windows-Security-Auditing","Security","680","2804","ADDC01.testlab.local","3","","Successful logon","-\-"," (2001:0:2851:782c:492:2bcc:f5ff:fffd)","Target: TESTLAB.LOCAL\ADDC01$","LogonType 3","LogonId: 0x182054","AuthenticationPackageName: Kerberos","LogonProcessName: Kerberos","","-","False","C:\Users\IR\Downloads\golden.evtx","Audit success","0","{""EventData"":{""Data"":[{""@Name"":""SubjectUserSid"",""#text"":""S-1-0-0""},{""@Name"":""SubjectUserName"",""#text"":""-""},{""@Name"":""SubjectDomainName"",""#text"":""-""},{""@Name"":""SubjectLogonId"",""#text"":""0x0""},{""@Name"":""TargetUserSid"",""#text"":""S-1-5-18""},{""@Name"":""TargetUserName"",""#text"":""ADDC01$""},{""@Name"":""TargetDomainName"",""#text"":""TESTLAB.LOCAL""},{""@Name"":""TargetLogonId"",""#text"":""0x182054""},{""@Name"":""LogonType"",""#text"":""3""},{""@Name"":""LogonProcessName"",""#text"":""Kerberos""},{""@Name"":""AuthenticationPackageName"",""#text"":""Kerberos""},{""@Name"":""WorkstationName""},{""@Name"":""LogonGuid"",""#text"":""efb59bf9-c536-da8d-4e03-66ccd9a89b6a""},{""@Name"":""TransmittedServices"",""#text"":""-""},{""@Name"":""LmPackageName"",""#text"":""-""},{""@Name"":""KeyLength"",""#text"":""0""},{""@Name"":""ProcessId"",""#text"":""0x0""},{""@Name"":""ProcessName"",""#text"":""-""},{""@Name"":""IpAddress"",""#text"":""2001:0:2851:782c:492:2bcc:f5ff:fffd""},{""@Name"":""IpPort"",""#text"":""52206""},{""@Name"":""ImpersonationLevel"",""#text"":""%%1833""},{""@Name"":""RestrictedAdminMode"",""#text"":""-""},{""@Name"":""TargetOutboundUserName"",""#text"":""-""},{""@Name"":""TargetOutboundDomainName"",""#text"":""-""},{""@Name"":""VirtualAccount"",""#text"":""%%1843""},{""@Name"":""TargetLinkedLogonId"",""#text"":""0x0""},{""@Name"":""ElevatedToken"",""#text"":""%%1842""}]}}"
"311","27799","2021-07-28 20:04:55.2904132","4672","LogAlways","Microsoft-Windows-Security-Auditing","Security","680","876","ADDC01.testlab.local","3","","Administrative logon","TESTLAB\ADDC01$ (S-1-5-18)","","PrivilegeList: SeSecurityPrivilege, SeBackupPrivilege, SeRestorePrivilege, SeTakeOwnershipPrivilege, SeDebugPrivilege, SeSystemEnvironmentPrivilege, SeLoadDriverPrivilege, SeImpersonatePrivilege, SeDelegateSessionUserImpersonatePrivilege, SeEnableDelegationPrivilege","LogonId: 0x1820B1","","","","","","False","C:\Users\IR\Downloads\golden.evtx","Audit success","0","{""EventData"":{""Data"":[{""@Name"":""SubjectUserSid"",""#text"":""S-1-5-18""},{""@Name"":""SubjectUserName"",""#text"":""ADDC01$""},{""@Name"":""SubjectDomainName"",""#text"":""TESTLAB""},{""@Name"":""SubjectLogonId"",""#text"":""0x1820B1""},{""@Name"":""PrivilegeList"",""#text"":""SeSecurityPrivilege, SeBackupPrivilege, SeRestorePrivilege, SeTakeOwnershipPrivilege, SeDebugPrivilege, SeSystemEnvironmentPrivilege, SeLoadDriverPrivilege, SeImpersonatePrivilege, SeDelegateSessionUserImpersonatePrivilege, SeEnableDelegationPrivilege""}]}}"
"312","27800","2021-07-28 20:04:55.2905243","4624","LogAlways","Microsoft-Windows-Security-Auditing","Security","680","876","ADDC01.testlab.local","3","","Successful logon","-\-"," (fe80::492:2bcc:f5ff:fffd)","Target: TESTLAB.LOCAL\ADDC01$","LogonType 3","LogonId: 0x1820B1","AuthenticationPackageName: Kerberos","LogonProcessName: Kerberos","","-","False","C:\Users\IR\Downloads\golden.evtx","Audit success","0","{""EventData"":{""Data"":[{""@Name"":""SubjectUserSid"",""#text"":""S-1-0-0""},{""@Name"":""SubjectUserName"",""#text"":""-""},{""@Name"":""SubjectDomainName"",""#text"":""-""},{""@Name"":""SubjectLogonId"",""#text"":""0x0""},{""@Name"":""TargetUserSid"",""#text"":""S-1-5-18""},{""@Name"":""TargetUserName"",""#text"":""ADDC01$""},{""@Name"":""TargetDomainName"",""#text"":""TESTLAB.LOCAL""},{""@Name"":""TargetLogonId"",""#text"":""0x1820B1""},{""@Name"":""LogonType"",""#text"":""3""},{""@Name"":""LogonProcessName"",""#text"":""Kerberos""},{""@Name"":""AuthenticationPackageName"",""#text"":""Kerberos""},{""@Name"":""WorkstationName""},{""@Name"":""LogonGuid"",""#text"":""c1a82053-85aa-37cc-1459-6df6d69c743e""},{""@Name"":""TransmittedServices"",""#text"":""-""},{""@Name"":""LmPackageName"",""#text"":""-""},{""@Name"":""KeyLength"",""#text"":""0""},{""@Name"":""ProcessId"",""#text"":""0x0""},{""@Name"":""ProcessName"",""#text"":""-""},{""@Name"":""IpAddress"",""#text"":""fe80::492:2bcc:f5ff:fffd""},{""@Name"":""IpPort"",""#text"":""52207""},{""@Name"":""ImpersonationLevel"",""#text"":""%%1840""},{""@Name"":""RestrictedAdminMode"",""#text"":""-""},{""@Name"":""TargetOutboundUserName"",""#text"":""-""},{""@Name"":""TargetOutboundDomainName"",""#text"":""-""},{""@Name"":""VirtualAccount"",""#text"":""%%1843""},{""@Name"":""TargetLinkedLogonId"",""#text"":""0x0""},{""@Name"":""ElevatedToken"",""#text"":""%%1842""}]}}"
"313","27801","2021-07-28 20:04:55.2933750","4634","LogAlways","Microsoft-Windows-Security-Auditing","Security","680","876","ADDC01.testlab.local","3","","An account was logged off","","","Target: TESTLAB\ADDC01$","LogonType 3","LogonId: 0x182054","","","","","False","C:\Users\IR\Downloads\golden.evtx","Audit success","0","{""EventData"":{""Data"":[{""@Name"":""TargetUserSid"",""#text"":""S-1-5-18""},{""@Name"":""TargetUserName"",""#text"":""ADDC01$""},{""@Name"":""TargetDomainName"",""#text"":""TESTLAB""},{""@Name"":""TargetLogonId"",""#text"":""0x182054""},{""@Name"":""LogonType"",""#text"":""3""}]}}"
"314","27802","2021-07-28 20:04:55.2933761","4634","LogAlways","Microsoft-Windows-Security-Auditing","Security","680","732","ADDC01.testlab.local","3","","An account was logged off","","","Target: TESTLAB\ADDC01$","LogonType 3","LogonId: 0x182011","","","","","False","C:\Users\IR\Downloads\golden.evtx","Audit success","0","{""EventData"":{""Data"":[{""@Name"":""TargetUserSid"",""#text"":""S-1-5-18""},{""@Name"":""TargetUserName"",""#text"":""ADDC01$""},{""@Name"":""TargetDomainName"",""#text"":""TESTLAB""},{""@Name"":""TargetLogonId"",""#text"":""0x182011""},{""@Name"":""LogonType"",""#text"":""3""}]}}"
"315","27803","2021-07-28 20:04:55.2956444","4634","LogAlways","Microsoft-Windows-Security-Auditing","Security","680","1796","ADDC01.testlab.local","3","","An account was logged off","","","Target: TESTLAB\ADDC01$","LogonType 3","LogonId: 0x181F32","","","","","False","C:\Users\IR\Downloads\golden.evtx","Audit success","0","{""EventData"":{""Data"":[{""@Name"":""TargetUserSid"",""#text"":""S-1-5-18""},{""@Name"":""TargetUserName"",""#text"":""ADDC01$""},{""@Name"":""TargetDomainName"",""#text"":""TESTLAB""},{""@Name"":""TargetLogonId"",""#text"":""0x181F32""},{""@Name"":""LogonType"",""#text"":""3""}]}}"
"316","27804","2021-07-28 20:04:56.4552311","4634","LogAlways","Microsoft-Windows-Security-Auditing","Security","680","732","ADDC01.testlab.local","3","","An account was logged off","","","Target: NT AUTHORITY\ANONYMOUS LOGON","LogonType 3","LogonId: 0x181E22","","","","","False","C:\Users\IR\Downloads\golden.evtx","Audit success","0","{""EventData"":{""Data"":[{""@Name"":""TargetUserSid"",""#text"":""S-1-5-7""},{""@Name"":""TargetUserName"",""#text"":""ANONYMOUS LOGON""},{""@Name"":""TargetDomainName"",""#text"":""NT AUTHORITY""},{""@Name"":""TargetLogonId"",""#text"":""0x181E22""},{""@Name"":""LogonType"",""#text"":""3""}]}}"
"317","27805","2021-07-28 20:05:06.1885012","4634","LogAlways","Microsoft-Windows-Security-Auditing","Security","680","1796","ADDC01.testlab.local","3","","An account was logged off","","","Target: TESTLAB\ADDC01$","LogonType 3","LogonId: 0x1820B1","","","","","False","C:\Users\IR\Downloads\golden.evtx","Audit success","0","{""EventData"":{""Data"":[{""@Name"":""TargetUserSid"",""#text"":""S-1-5-18""},{""@Name"":""TargetUserName"",""#text"":""ADDC01$""},{""@Name"":""TargetDomainName"",""#text"":""TESTLAB""},{""@Name"":""TargetLogonId"",""#text"":""0x1820B1""},{""@Name"":""LogonType"",""#text"":""3""}]}}"
"318","27806","2021-07-28 20:05:09.0637189","4672","LogAlways","Microsoft-Windows-Security-Auditing","Security","680","2804","ADDC01.testlab.local","3","","Administrative logon","TESTLAB\ADDC01$ (S-1-5-18)","","PrivilegeList: SeSecurityPrivilege, SeBackupPrivilege, SeRestorePrivilege, SeTakeOwnershipPrivilege, SeDebugPrivilege, SeSystemEnvironmentPrivilege, SeLoadDriverPrivilege, SeImpersonatePrivilege, SeDelegateSessionUserImpersonatePrivilege, SeEnableDelegationPrivilege","LogonId: 0x182344","","","","","","False","C:\Users\IR\Downloads\golden.evtx","Audit success","0","{""EventData"":{""Data"":[{""@Name"":""SubjectUserSid"",""#text"":""S-1-5-18""},{""@Name"":""SubjectUserName"",""#text"":""ADDC01$""},{""@Name"":""SubjectDomainName"",""#text"":""TESTLAB""},{""@Name"":""SubjectLogonId"",""#text"":""0x182344""},{""@Name"":""PrivilegeList"",""#text"":""SeSecurityPrivilege, SeBackupPrivilege, SeRestorePrivilege, SeTakeOwnershipPrivilege, SeDebugPrivilege, SeSystemEnvironmentPrivilege, SeLoadDriverPrivilege, SeImpersonatePrivilege, SeDelegateSessionUserImpersonatePrivilege, SeEnableDelegationPrivilege""}]}}"
"319","27807","2021-07-28 20:05:09.0638002","4624","LogAlways","Microsoft-Windows-Security-Auditing","Security","680","2804","ADDC01.testlab.local","3","","Successful logon","-\-"," (::1)","Target: TESTLAB.LOCAL\ADDC01$","LogonType 3","LogonId: 0x182344","AuthenticationPackageName: Kerberos","LogonProcessName: Kerberos","","-","False","C:\Users\IR\Downloads\golden.evtx","Audit success","0","{""EventData"":{""Data"":[{""@Name"":""SubjectUserSid"",""#text"":""S-1-0-0""},{""@Name"":""SubjectUserName"",""#text"":""-""},{""@Name"":""SubjectDomainName"",""#text"":""-""},{""@Name"":""SubjectLogonId"",""#text"":""0x0""},{""@Name"":""TargetUserSid"",""#text"":""S-1-5-18""},{""@Name"":""TargetUserName"",""#text"":""ADDC01$""},{""@Name"":""TargetDomainName"",""#text"":""TESTLAB.LOCAL""},{""@Name"":""TargetLogonId"",""#text"":""0x182344""},{""@Name"":""LogonType"",""#text"":""3""},{""@Name"":""LogonProcessName"",""#text"":""Kerberos""},{""@Name"":""AuthenticationPackageName"",""#text"":""Kerberos""},{""@Name"":""WorkstationName""},{""@Name"":""LogonGuid"",""#text"":""04a8889f-a446-c084-eb0e-87279c4afdf3""},{""@Name"":""TransmittedServices"",""#text"":""-""},{""@Name"":""LmPackageName"",""#text"":""-""},{""@Name"":""KeyLength"",""#text"":""0""},{""@Name"":""ProcessId"",""#text"":""0x0""},{""@Name"":""ProcessName"",""#text"":""-""},{""@Name"":""IpAddress"",""#text"":""::1""},{""@Name"":""IpPort"",""#text"":""52208""},{""@Name"":""ImpersonationLevel"",""#text"":""%%1833""},{""@Name"":""RestrictedAdminMode"",""#text"":""-""},{""@Name"":""TargetOutboundUserName"",""#text"":""-""},{""@Name"":""TargetOutboundDomainName"",""#text"":""-""},{""@Name"":""VirtualAccount"",""#text"":""%%1843""},{""@Name"":""TargetLinkedLogonId"",""#text"":""0x0""},{""@Name"":""ElevatedToken"",""#text"":""%%1842""}]}}"
"320","27808","2021-07-28 20:05:09.0649334","4634","LogAlways","Microsoft-Windows-Security-Auditing","Security","680","1796","ADDC01.testlab.local","3","","An account was logged off","","","Target: TESTLAB\ADDC01$","LogonType 3","LogonId: 0x182344","","","","","False","C:\Users\IR\Downloads\golden.evtx","Audit success","0","{""EventData"":{""Data"":[{""@Name"":""TargetUserSid"",""#text"":""S-1-5-18""},{""@Name"":""TargetUserName"",""#text"":""ADDC01$""},{""@Name"":""TargetDomainName"",""#text"":""TESTLAB""},{""@Name"":""TargetLogonId"",""#text"":""0x182344""},{""@Name"":""LogonType"",""#text"":""3""}]}}"
"321","27809","2021-07-28 20:06:09.0754374","4672","LogAlways","Microsoft-Windows-Security-Auditing","Security","680","2804","ADDC01.testlab.local","3","","Administrative logon","TESTLAB\ADDC01$ (S-1-5-18)","","PrivilegeList: SeSecurityPrivilege, SeBackupPrivilege, SeRestorePrivilege, SeTakeOwnershipPrivilege, SeDebugPrivilege, SeSystemEnvironmentPrivilege, SeLoadDriverPrivilege, SeImpersonatePrivilege, SeDelegateSessionUserImpersonatePrivilege, SeEnableDelegationPrivilege","LogonId: 0x187A54","","","","","","False","C:\Users\IR\Downloads\golden.evtx","Audit success","0","{""EventData"":{""Data"":[{""@Name"":""SubjectUserSid"",""#text"":""S-1-5-18""},{""@Name"":""SubjectUserName"",""#text"":""ADDC01$""},{""@Name"":""SubjectDomainName"",""#text"":""TESTLAB""},{""@Name"":""SubjectLogonId"",""#text"":""0x187A54""},{""@Name"":""PrivilegeList"",""#text"":""SeSecurityPrivilege, SeBackupPrivilege, SeRestorePrivilege, SeTakeOwnershipPrivilege, SeDebugPrivilege, SeSystemEnvironmentPrivilege, SeLoadDriverPrivilege, SeImpersonatePrivilege, SeDelegateSessionUserImpersonatePrivilege, SeEnableDelegationPrivilege""}]}}"
"322","27810","2021-07-28 20:06:09.0755218","4624","LogAlways","Microsoft-Windows-Security-Auditing","Security","680","2804","ADDC01.testlab.local","3","","Successful logon","-\-"," (::1)","Target: TESTLAB.LOCAL\ADDC01$","LogonType 3","LogonId: 0x187A54","AuthenticationPackageName: Kerberos","LogonProcessName: Kerberos","","-","False","C:\Users\IR\Downloads\golden.evtx","Audit success","0","{""EventData"":{""Data"":[{""@Name"":""SubjectUserSid"",""#text"":""S-1-0-0""},{""@Name"":""SubjectUserName"",""#text"":""-""},{""@Name"":""SubjectDomainName"",""#text"":""-""},{""@Name"":""SubjectLogonId"",""#text"":""0x0""},{""@Name"":""TargetUserSid"",""#text"":""S-1-5-18""},{""@Name"":""TargetUserName"",""#text"":""ADDC01$""},{""@Name"":""TargetDomainName"",""#text"":""TESTLAB.LOCAL""},{""@Name"":""TargetLogonId"",""#text"":""0x187A54""},{""@Name"":""LogonType"",""#text"":""3""},{""@Name"":""LogonProcessName"",""#text"":""Kerberos""},{""@Name"":""AuthenticationPackageName"",""#text"":""Kerberos""},{""@Name"":""WorkstationName""},{""@Name"":""LogonGuid"",""#text"":""04a8889f-a446-c084-eb0e-87279c4afdf3""},{""@Name"":""TransmittedServices"",""#text"":""-""},{""@Name"":""LmPackageName"",""#text"":""-""},{""@Name"":""KeyLength"",""#text"":""0""},{""@Name"":""ProcessId"",""#text"":""0x0""},{""@Name"":""ProcessName"",""#text"":""-""},{""@Name"":""IpAddress"",""#text"":""::1""},{""@Name"":""IpPort"",""#text"":""52209""},{""@Name"":""ImpersonationLevel"",""#text"":""%%1833""},{""@Name"":""RestrictedAdminMode"",""#text"":""-""},{""@Name"":""TargetOutboundUserName"",""#text"":""-""},{""@Name"":""TargetOutboundDomainName"",""#text"":""-""},{""@Name"":""VirtualAccount"",""#text"":""%%1843""},{""@Name"":""TargetLinkedLogonId"",""#text"":""0x0""},{""@Name"":""ElevatedToken"",""#text"":""%%1842""}]}}"
"323","27811","2021-07-28 20:06:09.0766208","4634","LogAlways","Microsoft-Windows-Security-Auditing","Security","680","732","ADDC01.testlab.local","3","","An account was logged off","","","Target: TESTLAB\ADDC01$","LogonType 3","LogonId: 0x187A54","","","","","False","C:\Users\IR\Downloads\golden.evtx","Audit success","0","{""EventData"":{""Data"":[{""@Name"":""TargetUserSid"",""#text"":""S-1-5-18""},{""@Name"":""TargetUserName"",""#text"":""ADDC01$""},{""@Name"":""TargetDomainName"",""#text"":""TESTLAB""},{""@Name"":""TargetLogonId"",""#text"":""0x187A54""},{""@Name"":""LogonType"",""#text"":""3""}]}}"
"324","27812","2021-07-28 20:07:09.0878701","4672","LogAlways","Microsoft-Windows-Security-Auditing","Security","680","2804","ADDC01.testlab.local","3","","Administrative logon","TESTLAB\ADDC01$ (S-1-5-18)","","PrivilegeList: SeSecurityPrivilege, SeBackupPrivilege, SeRestorePrivilege, SeTakeOwnershipPrivilege, SeDebugPrivilege, SeSystemEnvironmentPrivilege, SeLoadDriverPrivilege, SeImpersonatePrivilege, SeDelegateSessionUserImpersonatePrivilege, SeEnableDelegationPrivilege","LogonId: 0x188F97","","","","","","False","C:\Users\IR\Downloads\golden.evtx","Audit success","0","{""EventData"":{""Data"":[{""@Name"":""SubjectUserSid"",""#text"":""S-1-5-18""},{""@Name"":""SubjectUserName"",""#text"":""ADDC01$""},{""@Name"":""SubjectDomainName"",""#text"":""TESTLAB""},{""@Name"":""SubjectLogonId"",""#text"":""0x188F97""},{""@Name"":""PrivilegeList"",""#text"":""SeSecurityPrivilege, SeBackupPrivilege, SeRestorePrivilege, SeTakeOwnershipPrivilege, SeDebugPrivilege, SeSystemEnvironmentPrivilege, SeLoadDriverPrivilege, SeImpersonatePrivilege, SeDelegateSessionUserImpersonatePrivilege, SeEnableDelegationPrivilege""}]}}"
"325","27813","2021-07-28 20:07:09.0879507","4624","LogAlways","Microsoft-Windows-Security-Auditing","Security","680","2804","ADDC01.testlab.local","3","","Successful logon","-\-"," (::1)","Target: TESTLAB.LOCAL\ADDC01$","LogonType 3","LogonId: 0x188F97","AuthenticationPackageName: Kerberos","LogonProcessName: Kerberos","","-","False","C:\Users\IR\Downloads\golden.evtx","Audit success","0","{""EventData"":{""Data"":[{""@Name"":""SubjectUserSid"",""#text"":""S-1-0-0""},{""@Name"":""SubjectUserName"",""#text"":""-""},{""@Name"":""SubjectDomainName"",""#text"":""-""},{""@Name"":""SubjectLogonId"",""#text"":""0x0""},{""@Name"":""TargetUserSid"",""#text"":""S-1-5-18""},{""@Name"":""TargetUserName"",""#text"":""ADDC01$""},{""@Name"":""TargetDomainName"",""#text"":""TESTLAB.LOCAL""},{""@Name"":""TargetLogonId"",""#text"":""0x188F97""},{""@Name"":""LogonType"",""#text"":""3""},{""@Name"":""LogonProcessName"",""#text"":""Kerberos""},{""@Name"":""AuthenticationPackageName"",""#text"":""Kerberos""},{""@Name"":""WorkstationName""},{""@Name"":""LogonGuid"",""#text"":""04a8889f-a446-c084-eb0e-87279c4afdf3""},{""@Name"":""TransmittedServices"",""#text"":""-""},{""@Name"":""LmPackageName"",""#text"":""-""},{""@Name"":""KeyLength"",""#text"":""0""},{""@Name"":""ProcessId"",""#text"":""0x0""},{""@Name"":""ProcessName"",""#text"":""-""},{""@Name"":""IpAddress"",""#text"":""::1""},{""@Name"":""IpPort"",""#text"":""52211""},{""@Name"":""ImpersonationLevel"",""#text"":""%%1833""},{""@Name"":""RestrictedAdminMode"",""#text"":""-""},{""@Name"":""TargetOutboundUserName"",""#text"":""-""},{""@Name"":""TargetOutboundDomainName"",""#text"":""-""},{""@Name"":""VirtualAccount"",""#text"":""%%1843""},{""@Name"":""TargetLinkedLogonId"",""#text"":""0x0""},{""@Name"":""ElevatedToken"",""#text"":""%%1842""}]}}"
"326","27814","2021-07-28 20:07:09.0890345","4634","LogAlways","Microsoft-Windows-Security-Auditing","Security","680","876","ADDC01.testlab.local","3","","An account was logged off","","","Target: TESTLAB\ADDC01$","LogonType 3","LogonId: 0x188F97","","","","","False","C:\Users\IR\Downloads\golden.evtx","Audit success","0","{""EventData"":{""Data"":[{""@Name"":""TargetUserSid"",""#text"":""S-1-5-18""},{""@Name"":""TargetUserName"",""#text"":""ADDC01$""},{""@Name"":""TargetDomainName"",""#text"":""TESTLAB""},{""@Name"":""TargetLogonId"",""#text"":""0x188F97""},{""@Name"":""LogonType"",""#text"":""3""}]}}"
"327","27815","2021-07-28 20:08:09.0990498","4672","LogAlways","Microsoft-Windows-Security-Auditing","Security","680","2804","ADDC01.testlab.local","3","","Administrative logon","TESTLAB\ADDC01$ (S-1-5-18)","","PrivilegeList: SeSecurityPrivilege, SeBackupPrivilege, SeRestorePrivilege, SeTakeOwnershipPrivilege, SeDebugPrivilege, SeSystemEnvironmentPrivilege, SeLoadDriverPrivilege, SeImpersonatePrivilege, SeDelegateSessionUserImpersonatePrivilege, SeEnableDelegationPrivilege","LogonId: 0x1893EA","","","","","","False","C:\Users\IR\Downloads\golden.evtx","Audit success","0","{""EventData"":{""Data"":[{""@Name"":""SubjectUserSid"",""#text"":""S-1-5-18""},{""@Name"":""SubjectUserName"",""#text"":""ADDC01$""},{""@Name"":""SubjectDomainName"",""#text"":""TESTLAB""},{""@Name"":""SubjectLogonId"",""#text"":""0x1893EA""},{""@Name"":""PrivilegeList"",""#text"":""SeSecurityPrivilege, SeBackupPrivilege, SeRestorePrivilege, SeTakeOwnershipPrivilege, SeDebugPrivilege, SeSystemEnvironmentPrivilege, SeLoadDriverPrivilege, SeImpersonatePrivilege, SeDelegateSessionUserImpersonatePrivilege, SeEnableDelegationPrivilege""}]}}"
"328","27816","2021-07-28 20:08:09.0991297","4624","LogAlways","Microsoft-Windows-Security-Auditing","Security","680","2804","ADDC01.testlab.local","3","","Successful logon","-\-"," (::1)","Target: TESTLAB.LOCAL\ADDC01$","LogonType 3","LogonId: 0x1893EA","AuthenticationPackageName: Kerberos","LogonProcessName: Kerberos","","-","False","C:\Users\IR\Downloads\golden.evtx","Audit success","0","{""EventData"":{""Data"":[{""@Name"":""SubjectUserSid"",""#text"":""S-1-0-0""},{""@Name"":""SubjectUserName"",""#text"":""-""},{""@Name"":""SubjectDomainName"",""#text"":""-""},{""@Name"":""SubjectLogonId"",""#text"":""0x0""},{""@Name"":""TargetUserSid"",""#text"":""S-1-5-18""},{""@Name"":""TargetUserName"",""#text"":""ADDC01$""},{""@Name"":""TargetDomainName"",""#text"":""TESTLAB.LOCAL""},{""@Name"":""TargetLogonId"",""#text"":""0x1893EA""},{""@Name"":""LogonType"",""#text"":""3""},{""@Name"":""LogonProcessName"",""#text"":""Kerberos""},{""@Name"":""AuthenticationPackageName"",""#text"":""Kerberos""},{""@Name"":""WorkstationName""},{""@Name"":""LogonGuid"",""#text"":""04a8889f-a446-c084-eb0e-87279c4afdf3""},{""@Name"":""TransmittedServices"",""#text"":""-""},{""@Name"":""LmPackageName"",""#text"":""-""},{""@Name"":""KeyLength"",""#text"":""0""},{""@Name"":""ProcessId"",""#text"":""0x0""},{""@Name"":""ProcessName"",""#text"":""-""},{""@Name"":""IpAddress"",""#text"":""::1""},{""@Name"":""IpPort"",""#text"":""52212""},{""@Name"":""ImpersonationLevel"",""#text"":""%%1833""},{""@Name"":""RestrictedAdminMode"",""#text"":""-""},{""@Name"":""TargetOutboundUserName"",""#text"":""-""},{""@Name"":""TargetOutboundDomainName"",""#text"":""-""},{""@Name"":""VirtualAccount"",""#text"":""%%1843""},{""@Name"":""TargetLinkedLogonId"",""#text"":""0x0""},{""@Name"":""ElevatedToken"",""#text"":""%%1842""}]}}"
