"162","27650","2021-07-28 19:44:58.1001600","4624","LogAlways","Microsoft-Windows-Security-Auditing","Security","680","2804","ADDC01.testlab.local","1","","Successful logon","-\-"," (2001:0:2851:782c:492:2bcc:f5ff:fffd)","Target: TESTLAB.LOCAL\ADDC01$","LogonType 3","LogonId: 0x160B24","AuthenticationPackageName: Kerberos","LogonProcessName: Kerberos","","-","False","C:\Users\IR\Downloads\golden.evtx","Audit success","0","{""EventData"":{""Data"":[{""@Name"":""SubjectUserSid"",""#text"":""S-1-0-0""},{""@Name"":""SubjectUserName"",""#text"":""-""},{""@Name"":""SubjectDomainName"",""#text"":""-""},{""@Name"":""SubjectLogonId"",""#text"":""0x0""},{""@Name"":""TargetUserSid"",""#text"":""S-1-5-18""},{""@Name"":""TargetUserName"",""#text"":""ADDC01$""},{""@Name"":""TargetDomainName"",""#text"":""TESTLAB.LOCAL""},{""@Name"":""TargetLogonId"",""#text"":""0x160B24""},{""@Name"":""LogonType"",""#text"":""3""},{""@Name"":""LogonProcessName"",""#text"":""Kerberos""},{""@Name"":""AuthenticationPackageName"",""#text"":""Kerberos""},{""@Name"":""WorkstationName""},{""@Name"":""LogonGuid"",""#text"":""efb59bf9-c536-da8d-4e03-66ccd9a89b6a""},{""@Name"":""TransmittedServices"",""#text"":""-""},{""@Name"":""LmPackageName"",""#text"":""-""},{""@Name"":""KeyLength"",""#text"":""0""},{""@Name"":""ProcessId"",""#text"":""0x0""},{""@Name"":""ProcessName"",""#text"":""-""},{""@Name"":""IpAddress"",""#text"":""2001:0:2851:782c:492:2bcc:f5ff:fffd""},{""@Name"":""IpPort"",""#text"":""52142""},{""@Name"":""ImpersonationLevel"",""#text"":""%%1833""},{""@Name"":""RestrictedAdminMode"",""#text"":""-""},{""@Name"":""TargetOutboundUserName"",""#text"":""-""},{""@Name"":""TargetOutboundDomainName"",""#text"":""-""},{""@Name"":""VirtualAccount"",""#text"":""%%1843""},{""@Name"":""TargetLinkedLogonId"",""#text"":""0x0""},{""@Name"":""ElevatedToken"",""#text"":""%%1842""}]}}"
"163","27651","2021-07-28 19:44:58.2057190","4672","LogAlways","Microsoft-Windows-Security-Auditing","Security","680","1796","ADDC01.testlab.local","1","","Administrative logon","TESTLAB\ADDC01$ (S-1-5-18)","","PrivilegeList: SeSecurityPrivilege, SeBackupPrivilege, SeRestorePrivilege, SeTakeOwnershipPrivilege, SeDebugPrivilege, SeSystemEnvironmentPrivilege, SeLoadDriverPrivilege, SeImpersonatePrivilege, SeDelegateSessionUserImpersonatePrivilege, SeEnableDelegationPrivilege","LogonId: 0x160B8B","","","","","","False","C:\Users\IR\Downloads\golden.evtx","Audit success","0","{""EventData"":{""Data"":[{""@Name"":""SubjectUserSid"",""#text"":""S-1-5-18""},{""@Name"":""SubjectUserName"",""#text"":""ADDC01$""},{""@Name"":""SubjectDomainName"",""#text"":""TESTLAB""},{""@Name"":""SubjectLogonId"",""#text"":""0x160B8B""},{""@Name"":""PrivilegeList"",""#text"":""SeSecurityPrivilege, SeBackupPrivilege, SeRestorePrivilege, SeTakeOwnershipPrivilege, SeDebugPrivilege, SeSystemEnvironmentPrivilege, SeLoadDriverPrivilege, SeImpersonatePrivilege, SeDelegateSessionUserImpersonatePrivilege, SeEnableDelegationPrivilege""}]}}"
"164","27652","2021-07-28 19:44:58.2058301","4624","LogAlways","Microsoft-Windows-Security-Auditing","Security","680","1796","ADDC01.testlab.local","1","","Successful logon","-\-"," (fe80::492:2bcc:f5ff:fffd)","Target: TESTLAB.LOCAL\ADDC01$","LogonType 3","LogonId: 0x160B8B","AuthenticationPackageName: Kerberos","LogonProcessName: Kerberos","","-","False","C:\Users\IR\Downloads\golden.evtx","Audit success","0","{""EventData"":{""Data"":[{""@Name"":""SubjectUserSid"",""#text"":""S-1-0-0""},{""@Name"":""SubjectUserName"",""#text"":""-""},{""@Name"":""SubjectDomainName"",""#text"":""-""},{""@Name"":""SubjectLogonId"",""#text"":""0x0""},{""@Name"":""TargetUserSid"",""#text"":""S-1-5-18""},{""@Name"":""TargetUserName"",""#text"":""ADDC01$""},{""@Name"":""TargetDomainName"",""#text"":""TESTLAB.LOCAL""},{""@Name"":""TargetLogonId"",""#text"":""0x160B8B""},{""@Name"":""LogonType"",""#text"":""3""},{""@Name"":""LogonProcessName"",""#text"":""Kerberos""},{""@Name"":""AuthenticationPackageName"",""#text"":""Kerberos""},{""@Name"":""WorkstationName""},{""@Name"":""LogonGuid"",""#text"":""c1a82053-85aa-37cc-1459-6df6d69c743e""},{""@Name"":""TransmittedServices"",""#text"":""-""},{""@Name"":""LmPackageName"",""#text"":""-""},{""@Name"":""KeyLength"",""#text"":""0""},{""@Name"":""ProcessId"",""#text"":""0x0""},{""@Name"":""ProcessName"",""#text"":""-""},{""@Name"":""IpAddress"",""#text"":""fe80::492:2bcc:f5ff:fffd""},{""@Name"":""IpPort"",""#text"":""52138""},{""@Name"":""ImpersonationLevel"",""#text"":""%%1840""},{""@Name"":""RestrictedAdminMode"",""#text"":""-""},{""@Name"":""TargetOutboundUserName"",""#text"":""-""},{""@Name"":""TargetOutboundDomainName"",""#text"":""-""},{""@Name"":""VirtualAccount"",""#text"":""%%1843""},{""@Name"":""TargetLinkedLogonId"",""#text"":""0x0""},{""@Name"":""ElevatedToken"",""#text"":""%%1842""}]}}"
"165","27653","2021-07-28 19:44:58.2078333","4634","LogAlways","Microsoft-Windows-Security-Auditing","Security","680","1796","ADDC01.testlab.local","1","","An account was logged off","","","Target: TESTLAB\ADDC01$","LogonType 3","LogonId: 0x160B24","","","","","False","C:\Users\IR\Downloads\golden.evtx","Audit success","0","{""EventData"":{""Data"":[{""@Name"":""TargetUserSid"",""#text"":""S-1-5-18""},{""@Name"":""TargetUserName"",""#text"":""ADDC01$""},{""@Name"":""TargetDomainName"",""#text"":""TESTLAB""},{""@Name"":""TargetLogonId"",""#text"":""0x160B24""},{""@Name"":""LogonType"",""#text"":""3""}]}}"
"166","27654","2021-07-28 19:44:58.2078383","4634","LogAlways","Microsoft-Windows-Security-Auditing","Security","680","844","ADDC01.testlab.local","1","","An account was logged off","","","Target: TESTLAB\ADDC01$","LogonType 3","LogonId: 0x160AE0","","","","","False","C:\Users\IR\Downloads\golden.evtx","Audit success","0","{""EventData"":{""Data"":[{""@Name"":""TargetUserSid"",""#text"":""S-1-5-18""},{""@Name"":""TargetUserName"",""#text"":""ADDC01$""},{""@Name"":""TargetDomainName"",""#text"":""TESTLAB""},{""@Name"":""TargetLogonId"",""#text"":""0x160AE0""},{""@Name"":""LogonType"",""#text"":""3""}]}}"
"167","27655","2021-07-28 19:44:58.2098985","4634","LogAlways","Microsoft-Windows-Security-Auditing","Security","680","732","ADDC01.testlab.local","1","","An account was logged off","","","Target: TESTLAB\ADDC01$","LogonType 3","LogonId: 0x160A01","","","","","False","C:\Users\IR\Downloads\golden.evtx","Audit success","0","{""EventData"":{""Data"":[{""@Name"":""TargetUserSid"",""#text"":""S-1-5-18""},{""@Name"":""TargetUserName"",""#text"":""ADDC01$""},{""@Name"":""TargetDomainName"",""#text"":""TESTLAB""},{""@Name"":""TargetLogonId"",""#text"":""0x160A01""},{""@Name"":""LogonType"",""#text"":""3""}]}}"
"168","27656","2021-07-28 19:45:12.2680435","4672","LogAlways","Microsoft-Windows-Security-Auditing","Security","680","2804","ADDC01.testlab.local","1","","Administrative logon","TESTLAB\ADDC01$ (S-1-5-18)","","PrivilegeList: SeSecurityPrivilege, SeBackupPrivilege, SeRestorePrivilege, SeTakeOwnershipPrivilege, SeDebugPrivilege, SeSystemEnvironmentPrivilege, SeLoadDriverPrivilege, SeImpersonatePrivilege, SeDelegateSessionUserImpersonatePrivilege, SeEnableDelegationPrivilege","LogonId: 0x160E93","","","","","","False","C:\Users\IR\Downloads\golden.evtx","Audit success","0","{""EventData"":{""Data"":[{""@Name"":""SubjectUserSid"",""#text"":""S-1-5-18""},{""@Name"":""SubjectUserName"",""#text"":""ADDC01$""},{""@Name"":""SubjectDomainName"",""#text"":""TESTLAB""},{""@Name"":""SubjectLogonId"",""#text"":""0x160E93""},{""@Name"":""PrivilegeList"",""#text"":""SeSecurityPrivilege, SeBackupPrivilege, SeRestorePrivilege, SeTakeOwnershipPrivilege, SeDebugPrivilege, SeSystemEnvironmentPrivilege, SeLoadDriverPrivilege, SeImpersonatePrivilege, SeDelegateSessionUserImpersonatePrivilege, SeEnableDelegationPrivilege""}]}}"
"169","27657","2021-07-28 19:45:12.2681389","4624","LogAlways","Microsoft-Windows-Security-Auditing","Security","680","2804","ADDC01.testlab.local","1","","Successful logon","-\-"," (::1)","Target: TESTLAB.LOCAL\ADDC01$","LogonType 3","LogonId: 0x160E93","AuthenticationPackageName: Kerberos","LogonProcessName: Kerberos","","-","False","C:\Users\IR\Downloads\golden.evtx","Audit success","0","{""EventData"":{""Data"":[{""@Name"":""SubjectUserSid"",""#text"":""S-1-0-0""},{""@Name"":""SubjectUserName"",""#text"":""-""},{""@Name"":""SubjectDomainName"",""#text"":""-""},{""@Name"":""SubjectLogonId"",""#text"":""0x0""},{""@Name"":""TargetUserSid"",""#text"":""S-1-5-18""},{""@Name"":""TargetUserName"",""#text"":""ADDC01$""},{""@Name"":""TargetDomainName"",""#text"":""TESTLAB.LOCAL""},{""@Name"":""TargetLogonId"",""#text"":""0x160E93""},{""@Name"":""LogonType"",""#text"":""3""},{""@Name"":""LogonProcessName"",""#text"":""Kerberos""},{""@Name"":""AuthenticationPackageName"",""#text"":""Kerberos""},{""@Name"":""WorkstationName""},{""@Name"":""LogonGuid"",""#text"":""04a8889f-a446-c084-eb0e-87279c4afdf3""},{""@Name"":""TransmittedServices"",""#text"":""-""},{""@Name"":""LmPackageName"",""#text"":""-""},{""@Name"":""KeyLength"",""#text"":""0""},{""@Name"":""ProcessId"",""#text"":""0x0""},{""@Name"":""ProcessName"",""#text"":""-""},{""@Name"":""IpAddress"",""#text"":""::1""},{""@Name"":""IpPort"",""#text"":""52145""},{""@Name"":""ImpersonationLevel"",""#text"":""%%1833""},{""@Name"":""RestrictedAdminMode"",""#text"":""-""},{""@Name"":""TargetOutboundUserName"",""#text"":""-""},{""@Name"":""TargetOutboundDomainName"",""#text"":""-""},{""@Name"":""VirtualAccount"",""#text"":""%%1843""},{""@Name"":""TargetLinkedLogonId"",""#text"":""0x0""},{""@Name"":""ElevatedToken"",""#text"":""%%1842""}]}}"
"170","27658","2021-07-28 19:45:12.2691333","4634","LogAlways","Microsoft-Windows-Security-Auditing","Security","680","732","ADDC01.testlab.local","1","","An account was logged off","","","Target: TESTLAB\ADDC01$","LogonType 3","LogonId: 0x160E93","","","","","False","C:\Users\IR\Downloads\golden.evtx","Audit success","0","{""EventData"":{""Data"":[{""@Name"":""TargetUserSid"",""#text"":""S-1-5-18""},{""@Name"":""TargetUserName"",""#text"":""ADDC01$""},{""@Name"":""TargetDomainName"",""#text"":""TESTLAB""},{""@Name"":""TargetLogonId"",""#text"":""0x160E93""},{""@Name"":""LogonType"",""#text"":""3""}]}}"
"171","27659","2021-07-28 19:45:12.6951820","4634","LogAlways","Microsoft-Windows-Security-Auditing","Security","680","732","ADDC01.testlab.local","1","","An account was logged off","","","Target: TESTLAB\ADDC01$","LogonType 3","LogonId: 0x160B8B","","","","","False","C:\Users\IR\Downloads\golden.evtx","Audit success","0","{""EventData"":{""Data"":[{""@Name"":""TargetUserSid"",""#text"":""S-1-5-18""},{""@Name"":""TargetUserName"",""#text"":""ADDC01$""},{""@Name"":""TargetDomainName"",""#text"":""TESTLAB""},{""@Name"":""TargetLogonId"",""#text"":""0x160B8B""},{""@Name"":""LogonType"",""#text"":""3""}]}}"
"172","27660","2021-07-28 19:46:12.2742456","4672","LogAlways","Microsoft-Windows-Security-Auditing","Security","680","1564","ADDC01.testlab.local","1","","Administrative logon","TESTLAB\ADDC01$ (S-1-5-18)","","PrivilegeList: SeSecurityPrivilege, SeBackupPrivilege, SeRestorePrivilege, SeTakeOwnershipPrivilege, SeDebugPrivilege, SeSystemEnvironmentPrivilege, SeLoadDriverPrivilege, SeImpersonatePrivilege, SeDelegateSessionUserImpersonatePrivilege, SeEnableDelegationPrivilege","LogonId: 0x166C3C","","","","","","False","C:\Users\IR\Downloads\golden.evtx","Audit success","0","{""EventData"":{""Data"":[{""@Name"":""SubjectUserSid"",""#text"":""S-1-5-18""},{""@Name"":""SubjectUserName"",""#text"":""ADDC01$""},{""@Name"":""SubjectDomainName"",""#text"":""TESTLAB""},{""@Name"":""SubjectLogonId"",""#text"":""0x166C3C""},{""@Name"":""PrivilegeList"",""#text"":""SeSecurityPrivilege, SeBackupPrivilege, SeRestorePrivilege, SeTakeOwnershipPrivilege, SeDebugPrivilege, SeSystemEnvironmentPrivilege, SeLoadDriverPrivilege, SeImpersonatePrivilege, SeDelegateSessionUserImpersonatePrivilege, SeEnableDelegationPrivilege""}]}}"
"173","27661","2021-07-28 19:46:12.2743262","4624","LogAlways","Microsoft-Windows-Security-Auditing","Security","680","1564","ADDC01.testlab.local","1","","Successful logon","-\-"," (::1)","Target: TESTLAB.LOCAL\ADDC01$","LogonType 3","LogonId: 0x166C3C","AuthenticationPackageName: Kerberos","LogonProcessName: Kerberos","","-","False","C:\Users\IR\Downloads\golden.evtx","Audit success","0","{""EventData"":{""Data"":[{""@Name"":""SubjectUserSid"",""#text"":""S-1-0-0""},{""@Name"":""SubjectUserName"",""#text"":""-""},{""@Name"":""SubjectDomainName"",""#text"":""-""},{""@Name"":""SubjectLogonId"",""#text"":""0x0""},{""@Name"":""TargetUserSid"",""#text"":""S-1-5-18""},{""@Name"":""TargetUserName"",""#text"":""ADDC01$""},{""@Name"":""TargetDomainName"",""#text"":""TESTLAB.LOCAL""},{""@Name"":""TargetLogonId"",""#text"":""0x166C3C""},{""@Name"":""LogonType"",""#text"":""3""},{""@Name"":""LogonProcessName"",""#text"":""Kerberos""},{""@Name"":""AuthenticationPackageName"",""#text"":""Kerberos""},{""@Name"":""WorkstationName""},{""@Name"":""LogonGuid"",""#text"":""04a8889f-a446-c084-eb0e-87279c4afdf3""},{""@Name"":""TransmittedServices"",""#text"":""-""},{""@Name"":""LmPackageName"",""#text"":""-""},{""@Name"":""KeyLength"",""#text"":""0""},{""@Name"":""ProcessId"",""#text"":""0x0""},{""@Name"":""ProcessName"",""#text"":""-""},{""@Name"":""IpAddress"",""#text"":""::1""},{""@Name"":""IpPort"",""#text"":""52146""},{""@Name"":""ImpersonationLevel"",""#text"":""%%1833""},{""@Name"":""RestrictedAdminMode"",""#text"":""-""},{""@Name"":""TargetOutboundUserName"",""#text"":""-""},{""@Name"":""TargetOutboundDomainName"",""#text"":""-""},{""@Name"":""VirtualAccount"",""#text"":""%%1843""},{""@Name"":""TargetLinkedLogonId"",""#text"":""0x0""},{""@Name"":""ElevatedToken"",""#text"":""%%1842""}]}}"
"174","27662","2021-07-28 19:46:12.2755389","4634","LogAlways","Microsoft-Windows-Security-Auditing","Security","680","732","ADDC01.testlab.local","1","","An account was logged off","","","Target: TESTLAB\ADDC01$","LogonType 3","LogonId: 0x166C3C","","","","","False","C:\Users\IR\Downloads\golden.evtx","Audit success","0","{""EventData"":{""Data"":[{""@Name"":""TargetUserSid"",""#text"":""S-1-5-18""},{""@Name"":""TargetUserName"",""#text"":""ADDC01$""},{""@Name"":""TargetDomainName"",""#text"":""TESTLAB""},{""@Name"":""TargetLogonId"",""#text"":""0x166C3C""},{""@Name"":""LogonType"",""#text"":""3""}]}}"
"175","27663","2021-07-28 19:46:30.9849971","4634","LogAlways","Microsoft-Windows-Security-Auditing","Security","680","876","ADDC01.testlab.local","1","","An account was logged off","","","Target: TESTLAB\ADDC01$","LogonType 3","LogonId: 0x1609DF","","","","","False","C:\Users\IR\Downloads\golden.evtx","Audit success","0","{""EventData"":{""Data"":[{""@Name"":""TargetUserSid"",""#text"":""S-1-5-18""},{""@Name"":""TargetUserName"",""#text"":""ADDC01$""},{""@Name"":""TargetDomainName"",""#text"":""TESTLAB""},{""@Name"":""TargetLogonId"",""#text"":""0x1609DF""},{""@Name"":""LogonType"",""#text"":""3""}]}}"
"176","27664","2021-07-28 19:47:12.2866041","4672","LogAlways","Microsoft-Windows-Security-Auditing","Security","680","2804","ADDC01.testlab.local","1","","Administrative logon","TESTLAB\ADDC01$ (S-1-5-18)","","PrivilegeList: SeSecurityPrivilege, SeBackupPrivilege, SeRestorePrivilege, SeTakeOwnershipPrivilege, SeDebugPrivilege, SeSystemEnvironmentPrivilege, SeLoadDriverPrivilege, SeImpersonatePrivilege, SeDelegateSessionUserImpersonatePrivilege, SeEnableDelegationPrivilege","LogonId: 0x1686F1","","","","","","False","C:\Users\IR\Downloads\golden.evtx","Audit success","0","{""EventData"":{""Data"":[{""@Name"":""SubjectUserSid"",""#text"":""S-1-5-18""},{""@Name"":""SubjectUserName"",""#text"":""ADDC01$""},{""@Name"":""SubjectDomainName"",""#text"":""TESTLAB""},{""@Name"":""SubjectLogonId"",""#text"":""0x1686F1""},{""@Name"":""PrivilegeList"",""#text"":""SeSecurityPrivilege, SeBackupPrivilege, SeRestorePrivilege, SeTakeOwnershipPrivilege, SeDebugPrivilege, SeSystemEnvironmentPrivilege, SeLoadDriverPrivilege, SeImpersonatePrivilege, SeDelegateSessionUserImpersonatePrivilege, SeEnableDelegationPrivilege""}]}}"
"177","27665","2021-07-28 19:47:12.2867087","4624","LogAlways","Microsoft-Windows-Security-Auditing","Security","680","2804","ADDC01.testlab.local","1","","Successful logon","-\-"," (::1)","Target: TESTLAB.LOCAL\ADDC01$","LogonType 3","LogonId: 0x1686F1","AuthenticationPackageName: Kerberos","LogonProcessName: Kerberos","","-","False","C:\Users\IR\Downloads\golden.evtx","Audit success","0","{""EventData"":{""Data"":[{""@Name"":""SubjectUserSid"",""#text"":""S-1-0-0""},{""@Name"":""SubjectUserName"",""#text"":""-""},{""@Name"":""SubjectDomainName"",""#text"":""-""},{""@Name"":""SubjectLogonId"",""#text"":""0x0""},{""@Name"":""TargetUserSid"",""#text"":""S-1-5-18""},{""@Name"":""TargetUserName"",""#text"":""ADDC01$""},{""@Name"":""TargetDomainName"",""#text"":""TESTLAB.LOCAL""},{""@Name"":""TargetLogonId"",""#text"":""0x1686F1""},{""@Name"":""LogonType"",""#text"":""3""},{""@Name"":""LogonProcessName"",""#text"":""Kerberos""},{""@Name"":""AuthenticationPackageName"",""#text"":""Kerberos""},{""@Name"":""WorkstationName""},{""@Name"":""LogonGuid"",""#text"":""04a8889f-a446-c084-eb0e-87279c4afdf3""},{""@Name"":""TransmittedServices"",""#text"":""-""},{""@Name"":""LmPackageName"",""#text"":""-""},{""@Name"":""KeyLength"",""#text"":""0""},{""@Name"":""ProcessId"",""#text"":""0x0""},{""@Name"":""ProcessName"",""#text"":""-""},{""@Name"":""IpAddress"",""#text"":""::1""},{""@Name"":""IpPort"",""#text"":""52149""},{""@Name"":""ImpersonationLevel"",""#text"":""%%1833""},{""@Name"":""RestrictedAdminMode"",""#text"":""-""},{""@Name"":""TargetOutboundUserName"",""#text"":""-""},{""@Name"":""TargetOutboundDomainName"",""#text"":""-""},{""@Name"":""VirtualAccount"",""#text"":""%%1843""},{""@Name"":""TargetLinkedLogonId"",""#text"":""0x0""},{""@Name"":""ElevatedToken"",""#text"":""%%1842""}]}}"
"178","27666","2021-07-28 19:47:12.2876974","4634","LogAlways","Microsoft-Windows-Security-Auditing","Security","680","876","ADDC01.testlab.local","1","","An account was logged off","","","Target: TESTLAB\ADDC01$","LogonType 3","LogonId: 0x1686F1","","","","","False","C:\Users\IR\Downloads\golden.evtx","Audit success","0","{""EventData"":{""Data"":[{""@Name"":""TargetUserSid"",""#text"":""S-1-5-18""},{""@Name"":""TargetUserName"",""#text"":""ADDC01$""},{""@Name"":""TargetDomainName"",""#text"":""TESTLAB""},{""@Name"":""TargetLogonId"",""#text"":""0x1686F1""},{""@Name"":""LogonType"",""#text"":""3""}]}}"
"179","27667","2021-07-28 19:48:12.2999552","4672","LogAlways","Microsoft-Windows-Security-Auditing","Security","680","2804","ADDC01.testlab.local","1","","Administrative logon","TESTLAB\ADDC01$ (S-1-5-18)","","PrivilegeList: SeSecurityPrivilege, SeBackupPrivilege, SeRestorePrivilege, SeTakeOwnershipPrivilege, SeDebugPrivilege, SeSystemEnvironmentPrivilege, SeLoadDriverPrivilege, SeImpersonatePrivilege, SeDelegateSessionUserImpersonatePrivilege, SeEnableDelegationPrivilege","LogonId: 0x1689BA","","","","","","False","C:\Users\IR\Downloads\golden.evtx","Audit success","0","{""EventData"":{""Data"":[{""@Name"":""SubjectUserSid"",""#text"":""S-1-5-18""},{""@Name"":""SubjectUserName"",""#text"":""ADDC01$""},{""@Name"":""SubjectDomainName"",""#text"":""TESTLAB""},{""@Name"":""SubjectLogonId"",""#text"":""0x1689BA""},{""@Name"":""PrivilegeList"",""#text"":""SeSecurityPrivilege, SeBackupPrivilege, SeRestorePrivilege, SeTakeOwnershipPrivilege, SeDebugPrivilege, SeSystemEnvironmentPrivilege, SeLoadDriverPrivilege, SeImpersonatePrivilege, SeDelegateSessionUserImpersonatePrivilege, SeEnableDelegationPrivilege""}]}}"
"180","27668","2021-07-28 19:48:12.3000508","4624","LogAlways","Microsoft-Windows-Security-Auditing","Security","680","2804","ADDC01.testlab.local","1","","Successful logon","-\-"," (::1)","Target: TESTLAB.LOCAL\ADDC01$","LogonType 3","LogonId: 0x1689BA","AuthenticationPackageName: Kerberos","LogonProcessName: Kerberos","","-","False","C:\Users\IR\Downloads\golden.evtx","Audit success","0","{""EventData"":{""Data"":[{""@Name"":""SubjectUserSid"",""#text"":""S-1-0-0""},{""@Name"":""SubjectUserName"",""#text"":""-""},{""@Name"":""SubjectDomainName"",""#text"":""-""},{""@Name"":""SubjectLogonId"",""#text"":""0x0""},{""@Name"":""TargetUserSid"",""#text"":""S-1-5-18""},{""@Name"":""TargetUserName"",""#text"":""ADDC01$""},{""@Name"":""TargetDomainName"",""#text"":""TESTLAB.LOCAL""},{""@Name"":""TargetLogonId"",""#text"":""0x1689BA""},{""@Name"":""LogonType"",""#text"":""3""},{""@Name"":""LogonProcessName"",""#text"":""Kerberos""},{""@Name"":""AuthenticationPackageName"",""#text"":""Kerberos""},{""@Name"":""WorkstationName""},{""@Name"":""LogonGuid"",""#text"":""04a8889f-a446-c084-eb0e-87279c4afdf3""},{""@Name"":""TransmittedServices"",""#text"":""-""},{""@Name"":""LmPackageName"",""#text"":""-""},{""@Name"":""KeyLength"",""#text"":""0""},{""@Name"":""ProcessId"",""#text"":""0x0""},{""@Name"":""ProcessName"",""#text"":""-""},{""@Name"":""IpAddress"",""#text"":""::1""},{""@Name"":""IpPort"",""#text"":""52150""},{""@Name"":""ImpersonationLevel"",""#text"":""%%1833""},{""@Name"":""RestrictedAdminMode"",""#text"":""-""},{""@Name"":""TargetOutboundUserName"",""#text"":""-""},{""@Name"":""TargetOutboundDomainName"",""#text"":""-""},{""@Name"":""VirtualAccount"",""#text"":""%%1843""},{""@Name"":""TargetLinkedLogonId"",""#text"":""0x0""},{""@Name"":""ElevatedToken"",""#text"":""%%1842""}]}}"
"181","27669","2021-07-28 19:48:12.3014649","4634","LogAlways","Microsoft-Windows-Security-Auditing","Security","680","1796","ADDC01.testlab.local","1","","An account was logged off","","","Target: TESTLAB\ADDC01$","LogonType 3","LogonId: 0x1689BA","","","","","False","C:\Users\IR\Downloads\golden.evtx","Audit success","0","{""EventData"":{""Data"":[{""@Name"":""TargetUserSid"",""#text"":""S-1-5-18""},{""@Name"":""TargetUserName"",""#text"":""ADDC01$""},{""@Name"":""TargetDomainName"",""#text"":""TESTLAB""},{""@Name"":""TargetLogonId"",""#text"":""0x1689BA""},{""@Name"":""LogonType"",""#text"":""3""}]}}"
"182","27670","2021-07-28 19:48:17.4717583","4624","LogAlways","Microsoft-Windows-Security-Auditing","Security","680","844","ADDC01.testlab.local","1","","Successful logon","-\-"," (10.0.0.3)","Target: TESTLAB.LOCAL\WIN10CLIENT$","LogonType 3","LogonId: 0x168A19","AuthenticationPackageName: Kerberos","LogonProcessName: Kerberos","","-","False","C:\Users\IR\Downloads\golden.evtx","Audit success","0","{""EventData"":{""Data"":[{""@Name"":""SubjectUserSid"",""#text"":""S-1-0-0""},{""@Name"":""SubjectUserName"",""#text"":""-""},{""@Name"":""SubjectDomainName"",""#text"":""-""},{""@Name"":""SubjectLogonId"",""#text"":""0x0""},{""@Name"":""TargetUserSid"",""#text"":""S-1-5-21-2439045635-180506259-1748410918-1103""},{""@Name"":""TargetUserName"",""#text"":""WIN10CLIENT$""},{""@Name"":""TargetDomainName"",""#text"":""TESTLAB.LOCAL""},{""@Name"":""TargetLogonId"",""#text"":""0x168A19""},{""@Name"":""LogonType"",""#text"":""3""},{""@Name"":""LogonProcessName"",""#text"":""Kerberos""},{""@Name"":""AuthenticationPackageName"",""#text"":""Kerberos""},{""@Name"":""WorkstationName""},{""@Name"":""LogonGuid"",""#text"":""527dc319-d155-5e54-0238-c188795f37c2""},{""@Name"":""TransmittedServices"",""#text"":""-""},{""@Name"":""LmPackageName"",""#text"":""-""},{""@Name"":""KeyLength"",""#text"":""0""},{""@Name"":""ProcessId"",""#text"":""0x0""},{""@Name"":""ProcessName"",""#text"":""-""},{""@Name"":""IpAddress"",""#text"":""10.0.0.3""},{""@Name"":""IpPort"",""#text"":""49820""},{""@Name"":""ImpersonationLevel"",""#text"":""%%1840""},{""@Name"":""RestrictedAdminMode"",""#text"":""-""},{""@Name"":""TargetOutboundUserName"",""#text"":""-""},{""@Name"":""TargetOutboundDomainName"",""#text"":""-""},{""@Name"":""VirtualAccount"",""#text"":""%%1843""},{""@Name"":""TargetLinkedLogonId"",""#text"":""0x0""},{""@Name"":""ElevatedToken"",""#text"":""%%1842""}]}}"
"183","27671","2021-07-28 19:48:28.2033774","4634","LogAlways","Microsoft-Windows-Security-Auditing","Security","680","1796","ADDC01.testlab.local","1","","An account was logged off","","","Target: TESTLAB\WIN10CLIENT$","LogonType 3","LogonId: 0x168A19","","","","","False","C:\Users\IR\Downloads\golden.evtx","Audit success","0","{""EventData"":{""Data"":[{""@Name"":""TargetUserSid"",""#text"":""S-1-5-21-2439045635-180506259-1748410918-1103""},{""@Name"":""TargetUserName"",""#text"":""WIN10CLIENT$""},{""@Name"":""TargetDomainName"",""#text"":""TESTLAB""},{""@Name"":""TargetLogonId"",""#text"":""0x168A19""},{""@Name"":""LogonType"",""#text"":""3""}]}}"
"184","27672","2021-07-28 19:49:12.3153714","4672","LogAlways","Microsoft-Windows-Security-Auditing","Security","680","2804","ADDC01.testlab.local","1","","Administrative logon","TESTLAB\ADDC01$ (S-1-5-18)","","PrivilegeList: SeSecurityPrivilege, SeBackupPrivilege, SeRestorePrivilege, SeTakeOwnershipPrivilege, SeDebugPrivilege, SeSystemEnvironmentPrivilege, SeLoadDriverPrivilege, SeImpersonatePrivilege, SeDelegateSessionUserImpersonatePrivilege, SeEnableDelegationPrivilege","LogonId: 0x16A44D","","","","","","False","C:\Users\IR\Downloads\golden.evtx","Audit success","0","{""EventData"":{""Data"":[{""@Name"":""SubjectUserSid"",""#text"":""S-1-5-18""},{""@Name"":""SubjectUserName"",""#text"":""ADDC01$""},{""@Name"":""SubjectDomainName"",""#text"":""TESTLAB""},{""@Name"":""SubjectLogonId"",""#text"":""0x16A44D""},{""@Name"":""PrivilegeList"",""#text"":""SeSecurityPrivilege, SeBackupPrivilege, SeRestorePrivilege, SeTakeOwnershipPrivilege, SeDebugPrivilege, SeSystemEnvironmentPrivilege, SeLoadDriverPrivilege, SeImpersonatePrivilege, SeDelegateSessionUserImpersonatePrivilege, SeEnableDelegationPrivilege""}]}}"
"185","27673","2021-07-28 19:49:12.3154564","4624","LogAlways","Microsoft-Windows-Security-Auditing","Security","680","2804","ADDC01.testlab.local","1","","Successful logon","-\-"," (::1)","Target: TESTLAB.LOCAL\ADDC01$","LogonType 3","LogonId: 0x16A44D","AuthenticationPackageName: Kerberos","LogonProcessName: Kerberos","","-","False","C:\Users\IR\Downloads\golden.evtx","Audit success","0","{""EventData"":{""Data"":[{""@Name"":""SubjectUserSid"",""#text"":""S-1-0-0""},{""@Name"":""SubjectUserName"",""#text"":""-""},{""@Name"":""SubjectDomainName"",""#text"":""-""},{""@Name"":""SubjectLogonId"",""#text"":""0x0""},{""@Name"":""TargetUserSid"",""#text"":""S-1-5-18""},{""@Name"":""TargetUserName"",""#text"":""ADDC01$""},{""@Name"":""TargetDomainName"",""#text"":""TESTLAB.LOCAL""},{""@Name"":""TargetLogonId"",""#text"":""0x16A44D""},{""@Name"":""LogonType"",""#text"":""3""},{""@Name"":""LogonProcessName"",""#text"":""Kerberos""},{""@Name"":""AuthenticationPackageName"",""#text"":""Kerberos""},{""@Name"":""WorkstationName""},{""@Name"":""LogonGuid"",""#text"":""04a8889f-a446-c084-eb0e-87279c4afdf3""},{""@Name"":""TransmittedServices"",""#text"":""-""},{""@Name"":""LmPackageName"",""#text"":""-""},{""@Name"":""KeyLength"",""#text"":""0""},{""@Name"":""ProcessId"",""#text"":""0x0""},{""@Name"":""ProcessName"",""#text"":""-""},{""@Name"":""IpAddress"",""#text"":""::1""},{""@Name"":""IpPort"",""#text"":""52152""},{""@Name"":""ImpersonationLevel"",""#text"":""%%1833""},{""@Name"":""RestrictedAdminMode"",""#text"":""-""},{""@Name"":""TargetOutboundUserName"",""#text"":""-""},{""@Name"":""TargetOutboundDomainName"",""#text"":""-""},{""@Name"":""VirtualAccount"",""#text"":""%%1843""},{""@Name"":""TargetLinkedLogonId"",""#text"":""0x0""},{""@Name"":""ElevatedToken"",""#text"":""%%1842""}]}}"
"186","27674","2021-07-28 19:49:12.3166833","4634","LogAlways","Microsoft-Windows-Security-Auditing","Security","680","1796","ADDC01.testlab.local","1","","An account was logged off","","","Target: TESTLAB\ADDC01$","LogonType 3","LogonId: 0x16A44D","","","","","False","C:\Users\IR\Downloads\golden.evtx","Audit success","0","{""EventData"":{""Data"":[{""@Name"":""TargetUserSid"",""#text"":""S-1-5-18""},{""@Name"":""TargetUserName"",""#text"":""ADDC01$""},{""@Name"":""TargetDomainName"",""#text"":""TESTLAB""},{""@Name"":""TargetLogonId"",""#text"":""0x16A44D""},{""@Name"":""LogonType"",""#text"":""3""}]}}"
"187","27675","2021-07-28 19:49:16.9496175","4672","LogAlways","Microsoft-Windows-Security-Auditing","Security","680","2804","ADDC01.testlab.local","1","","Administrative logon","TESTLAB\ADDC01$ (S-1-5-18)","","PrivilegeList: SeSecurityPrivilege, SeBackupPrivilege, SeRestorePrivilege, SeTakeOwnershipPrivilege, SeDebugPrivilege, SeSystemEnvironmentPrivilege, SeLoadDriverPrivilege, SeImpersonatePrivilege, SeDelegateSessionUserImpersonatePrivilege, SeEnableDelegationPrivilege","LogonId: 0x16A594","","","","","","False","C:\Users\IR\Downloads\golden.evtx","Audit success","0","{""EventData"":{""Data"":[{""@Name"":""SubjectUserSid"",""#text"":""S-1-5-18""},{""@Name"":""SubjectUserName"",""#text"":""ADDC01$""},{""@Name"":""SubjectDomainName"",""#text"":""TESTLAB""},{""@Name"":""SubjectLogonId"",""#text"":""0x16A594""},{""@Name"":""PrivilegeList"",""#text"":""SeSecurityPrivilege, SeBackupPrivilege, SeRestorePrivilege, SeTakeOwnershipPrivilege, SeDebugPrivilege, SeSystemEnvironmentPrivilege, SeLoadDriverPrivilege, SeImpersonatePrivilege, SeDelegateSessionUserImpersonatePrivilege, SeEnableDelegationPrivilege""}]}}"
"188","27676","2021-07-28 19:49:16.9497078","4624","LogAlways","Microsoft-Windows-Security-Auditing","Security","680","2804","ADDC01.testlab.local","1","","Successful logon","-\-"," (fe80::492:2bcc:f5ff:fffd)","Target: TESTLAB.LOCAL\ADDC01$","LogonType 3","LogonId: 0x16A594","AuthenticationPackageName: Kerberos","LogonProcessName: Kerberos","","-","False","C:\Users\IR\Downloads\golden.evtx","Audit success","0","{""EventData"":{""Data"":[{""@Name"":""SubjectUserSid"",""#text"":""S-1-0-0""},{""@Name"":""SubjectUserName"",""#text"":""-""},{""@Name"":""SubjectDomainName"",""#text"":""-""},{""@Name"":""SubjectLogonId"",""#text"":""0x0""},{""@Name"":""TargetUserSid"",""#text"":""S-1-5-18""},{""@Name"":""TargetUserName"",""#text"":""ADDC01$""},{""@Name"":""TargetDomainName"",""#text"":""TESTLAB.LOCAL""},{""@Name"":""TargetLogonId"",""#text"":""0x16A594""},{""@Name"":""LogonType"",""#text"":""3""},{""@Name"":""LogonProcessName"",""#text"":""Kerberos""},{""@Name"":""AuthenticationPackageName"",""#text"":""Kerberos""},{""@Name"":""WorkstationName""},{""@Name"":""LogonGuid"",""#text"":""04a8889f-a446-c084-eb0e-87279c4afdf3""},{""@Name"":""TransmittedServices"",""#text"":""-""},{""@Name"":""LmPackageName"",""#text"":""-""},{""@Name"":""KeyLength"",""#text"":""0""},{""@Name"":""ProcessId"",""#text"":""0x0""},{""@Name"":""ProcessName"",""#text"":""-""},{""@Name"":""IpAddress"",""#text"":""fe80::492:2bcc:f5ff:fffd""},{""@Name"":""IpPort"",""#text"":""52154""},{""@Name"":""ImpersonationLevel"",""#text"":""%%1833""},{""@Name"":""RestrictedAdminMode"",""#text"":""-""},{""@Name"":""TargetOutboundUserName"",""#text"":""-""},{""@Name"":""TargetOutboundDomainName"",""#text"":""-""},{""@Name"":""VirtualAccount"",""#text"":""%%1843""},{""@Name"":""TargetLinkedLogonId"",""#text"":""0x0""},{""@Name"":""ElevatedToken"",""#text"":""%%1842""}]}}"
"189","27677","2021-07-28 19:49:16.9532695","4634","LogAlways","Microsoft-Windows-Security-Auditing","Security","680","844","ADDC01.testlab.local","1","","An account was logged off","","","Target: TESTLAB\ADDC01$","LogonType 3","LogonId: 0x16A594","","","","","False","C:\Users\IR\Downloads\golden.evtx","Audit success","0","{""EventData"":{""Data"":[{""@Name"":""TargetUserSid"",""#text"":""S-1-5-18""},{""@Name"":""TargetUserName"",""#text"":""ADDC01$""},{""@Name"":""TargetDomainName"",""#text"":""TESTLAB""},{""@Name"":""TargetLogonId"",""#text"":""0x16A594""},{""@Name"":""LogonType"",""#text"":""3""}]}}"
"190","27678","2021-07-28 19:49:16.9549442","4672","LogAlways","Microsoft-Windows-Security-Auditing","Security","680","1564","ADDC01.testlab.local","1","","Administrative logon","TESTLAB\ADDC01$ (S-1-5-18)","","PrivilegeList: SeSecurityPrivilege, SeBackupPrivilege, SeRestorePrivilege, SeTakeOwnershipPrivilege, SeDebugPrivilege, SeSystemEnvironmentPrivilege, SeLoadDriverPrivilege, SeImpersonatePrivilege, SeDelegateSessionUserImpersonatePrivilege, SeEnableDelegationPrivilege","LogonId: 0x16A5FD","","","","","","False","C:\Users\IR\Downloads\golden.evtx","Audit success","0","{""EventData"":{""Data"":[{""@Name"":""SubjectUserSid"",""#text"":""S-1-5-18""},{""@Name"":""SubjectUserName"",""#text"":""ADDC01$""},{""@Name"":""SubjectDomainName"",""#text"":""TESTLAB""},{""@Name"":""SubjectLogonId"",""#text"":""0x16A5FD""},{""@Name"":""PrivilegeList"",""#text"":""SeSecurityPrivilege, SeBackupPrivilege, SeRestorePrivilege, SeTakeOwnershipPrivilege, SeDebugPrivilege, SeSystemEnvironmentPrivilege, SeLoadDriverPrivilege, SeImpersonatePrivilege, SeDelegateSessionUserImpersonatePrivilege, SeEnableDelegationPrivilege""}]}}"
"191","27679","2021-07-28 19:49:16.9550235","4624","LogAlways","Microsoft-Windows-Security-Auditing","Security","680","1564","ADDC01.testlab.local","1","","Successful logon","-\-"," (fe80::492:2bcc:f5ff:fffd)","Target: TESTLAB.LOCAL\ADDC01$","LogonType 3","LogonId: 0x16A5FD","AuthenticationPackageName: Kerberos","LogonProcessName: Kerberos","","-","False","C:\Users\IR\Downloads\golden.evtx","Audit success","0","{""EventData"":{""Data"":[{""@Name"":""SubjectUserSid"",""#text"":""S-1-0-0""},{""@Name"":""SubjectUserName"",""#text"":""-""},{""@Name"":""SubjectDomainName"",""#text"":""-""},{""@Name"":""SubjectLogonId"",""#text"":""0x0""},{""@Name"":""TargetUserSid"",""#text"":""S-1-5-18""},{""@Name"":""TargetUserName"",""#text"":""ADDC01$""},{""@Name"":""TargetDomainName"",""#text"":""TESTLAB.LOCAL""},{""@Name"":""TargetLogonId"",""#text"":""0x16A5FD""},{""@Name"":""LogonType"",""#text"":""3""},{""@Name"":""LogonProcessName"",""#text"":""Kerberos""},{""@Name"":""AuthenticationPackageName"",""#text"":""Kerberos""},{""@Name"":""WorkstationName""},{""@Name"":""LogonGuid"",""#text"":""04a8889f-a446-c084-eb0e-87279c4afdf3""},{""@Name"":""TransmittedServices"",""#text"":""-""},{""@Name"":""LmPackageName"",""#text"":""-""},{""@Name"":""KeyLength"",""#text"":""0""},{""@Name"":""ProcessId"",""#text"":""0x0""},{""@Name"":""ProcessName"",""#text"":""-""},{""@Name"":""IpAddress"",""#text"":""fe80::492:2bcc:f5ff:fffd""},{""@Name"":""IpPort"",""#text"":""52155""},{""@Name"":""ImpersonationLevel"",""#text"":""%%1833""},{""@Name"":""RestrictedAdminMode"",""#text"":""-""},{""@Name"":""TargetOutboundUserName"",""#text"":""-""},{""@Name"":""TargetOutboundDomainName"",""#text"":""-""},{""@Name"":""VirtualAccount"",""#text"":""%%1843""},{""@Name"":""TargetLinkedLogonId"",""#text"":""0x0""},{""@Name"":""ElevatedToken"",""#text"":""%%1842""}]}}"
"192","27680","2021-07-28 19:49:16.9593926","4634","LogAlways","Microsoft-Windows-Security-Auditing","Security","680","876","ADDC01.testlab.local","1","","An account was logged off","","","Target: TESTLAB\ADDC01$","LogonType 3","LogonId: 0x16A5FD","","","","","False","C:\Users\IR\Downloads\golden.evtx","Audit success","0","{""EventData"":{""Data"":[{""@Name"":""TargetUserSid"",""#text"":""S-1-5-18""},{""@Name"":""TargetUserName"",""#text"":""ADDC01$""},{""@Name"":""TargetDomainName"",""#text"":""TESTLAB""},{""@Name"":""TargetLogonId"",""#text"":""0x16A5FD""},{""@Name"":""LogonType"",""#text"":""3""}]}}"
"193","27681","2021-07-28 19:49:58.2171828","4672","LogAlways","Microsoft-Windows-Security-Auditing","Security","680","1564","ADDC01.testlab.local","1","","Administrative logon","TESTLAB\ADDC01$ (S-1-5-18)","","PrivilegeList: SeSecurityPrivilege, SeBackupPrivilege, SeRestorePrivilege, SeTakeOwnershipPrivilege, SeDebugPrivilege, SeSystemEnvironmentPrivilege, SeLoadDriverPrivilege, SeImpersonatePrivilege, SeDelegateSessionUserImpersonatePrivilege, SeEnableDelegationPrivilege","LogonId: 0x16A8C0","","","","","","False","C:\Users\IR\Downloads\golden.evtx","Audit success","0","{""EventData"":{""Data"":[{""@Name"":""SubjectUserSid"",""#text"":""S-1-5-18""},{""@Name"":""SubjectUserName"",""#text"":""ADDC01$""},{""@Name"":""SubjectDomainName"",""#text"":""TESTLAB""},{""@Name"":""SubjectLogonId"",""#text"":""0x16A8C0""},{""@Name"":""PrivilegeList"",""#text"":""SeSecurityPrivilege, SeBackupPrivilege, SeRestorePrivilege, SeTakeOwnershipPrivilege, SeDebugPrivilege, SeSystemEnvironmentPrivilege, SeLoadDriverPrivilege, SeImpersonatePrivilege, SeDelegateSessionUserImpersonatePrivilege, SeEnableDelegationPrivilege""}]}}"
"194","27682","2021-07-28 19:49:58.2173054","4624","LogAlways","Microsoft-Windows-Security-Auditing","Security","680","1564","ADDC01.testlab.local","1","","Successful logon","-\-"," (fe80::492:2bcc:f5ff:fffd)","Target: TESTLAB.LOCAL\ADDC01$","LogonType 3","LogonId: 0x16A8C0","AuthenticationPackageName: Kerberos","LogonProcessName: Kerberos","","-","False","C:\Users\IR\Downloads\golden.evtx","Audit success","648","{""EventData"":{""Data"":[{""@Name"":""SubjectUserSid"",""#text"":""S-1-0-0""},{""@Name"":""SubjectUserName"",""#text"":""-""},{""@Name"":""SubjectDomainName"",""#text"":""-""},{""@Name"":""SubjectLogonId"",""#text"":""0x0""},{""@Name"":""TargetUserSid"",""#text"":""S-1-5-18""},{""@Name"":""TargetUserName"",""#text"":""ADDC01$""},{""@Name"":""TargetDomainName"",""#text"":""TESTLAB.LOCAL""},{""@Name"":""TargetLogonId"",""#text"":""0x16A8C0""},{""@Name"":""LogonType"",""#text"":""3""},{""@Name"":""LogonProcessName"",""#text"":""Kerberos""},{""@Name"":""AuthenticationPackageName"",""#text"":""Kerberos""},{""@Name"":""WorkstationName""},{""@Name"":""LogonGuid"",""#text"":""efb59bf9-c536-da8d-4e03-66ccd9a89b6a""},{""@Name"":""TransmittedServices"",""#text"":""-""},{""@Name"":""LmPackageName"",""#text"":""-""},{""@Name"":""KeyLength"",""#text"":""0""},{""@Name"":""ProcessId"",""#text"":""0x0""},{""@Name"":""ProcessName"",""#text"":""-""},{""@Name"":""IpAddress"",""#text"":""fe80::492:2bcc:f5ff:fffd""},{""@Name"":""IpPort"",""#text"":""52156""},{""@Name"":""ImpersonationLevel"",""#text"":""%%1833""},{""@Name"":""RestrictedAdminMode"",""#text"":""-""},{""@Name"":""TargetOutboundUserName"",""#text"":""-""},{""@Name"":""TargetOutboundDomainName"",""#text"":""-""},{""@Name"":""VirtualAccount"",""#text"":""%%1843""},{""@Name"":""TargetLinkedLogonId"",""#text"":""0x0""},{""@Name"":""ElevatedToken"",""#text"":""%%1842""}]}}"
"195","27683","2021-07-28 19:49:58.2206923","4672","LogAlways","Microsoft-Windows-Security-Auditing","Security","680","844","ADDC01.testlab.local","1","","Administrative logon","TESTLAB\ADDC01$ (S-1-5-18)","","PrivilegeList: SeSecurityPrivilege, SeBackupPrivilege, SeRestorePrivilege, SeTakeOwnershipPrivilege, SeDebugPrivilege, SeSystemEnvironmentPrivilege, SeLoadDriverPrivilege, SeImpersonatePrivilege, SeDelegateSessionUserImpersonatePrivilege, SeEnableDelegationPrivilege","LogonId: 0x16A99F","","","","","","False","C:\Users\IR\Downloads\golden.evtx","Audit success","0","{""EventData"":{""Data"":[{""@Name"":""SubjectUserSid"",""#text"":""S-1-5-18""},{""@Name"":""SubjectUserName"",""#text"":""ADDC01$""},{""@Name"":""SubjectDomainName"",""#text"":""TESTLAB""},{""@Name"":""SubjectLogonId"",""#text"":""0x16A99F""},{""@Name"":""PrivilegeList"",""#text"":""SeSecurityPrivilege, SeBackupPrivilege, SeRestorePrivilege, SeTakeOwnershipPrivilege, SeDebugPrivilege, SeSystemEnvironmentPrivilege, SeLoadDriverPrivilege, SeImpersonatePrivilege, SeDelegateSessionUserImpersonatePrivilege, SeEnableDelegationPrivilege""}]}}"
"196","27684","2021-07-28 19:49:58.2207826","4624","LogAlways","Microsoft-Windows-Security-Auditing","Security","680","844","ADDC01.testlab.local","1","","Successful logon","-\-"," (::1)","Target: TESTLAB.LOCAL\ADDC01$","LogonType 3","LogonId: 0x16A99F","AuthenticationPackageName: Kerberos","LogonProcessName: Kerberos","","-","False","C:\Users\IR\Downloads\golden.evtx","Audit success","0","{""EventData"":{""Data"":[{""@Name"":""SubjectUserSid"",""#text"":""S-1-0-0""},{""@Name"":""SubjectUserName"",""#text"":""-""},{""@Name"":""SubjectDomainName"",""#text"":""-""},{""@Name"":""SubjectLogonId"",""#text"":""0x0""},{""@Name"":""TargetUserSid"",""#text"":""S-1-5-18""},{""@Name"":""TargetUserName"",""#text"":""ADDC01$""},{""@Name"":""TargetDomainName"",""#text"":""TESTLAB.LOCAL""},{""@Name"":""TargetLogonId"",""#text"":""0x16A99F""},{""@Name"":""LogonType"",""#text"":""3""},{""@Name"":""LogonProcessName"",""#text"":""Kerberos""},{""@Name"":""AuthenticationPackageName"",""#text"":""Kerberos""},{""@Name"":""WorkstationName""},{""@Name"":""LogonGuid"",""#text"":""dee56454-ce8c-7a62-549b-9a932eeda11a""},{""@Name"":""TransmittedServices"",""#text"":""-""},{""@Name"":""LmPackageName"",""#text"":""-""},{""@Name"":""KeyLength"",""#text"":""0""},{""@Name"":""ProcessId"",""#text"":""0x0""},{""@Name"":""ProcessName"",""#text"":""-""},{""@Name"":""IpAddress"",""#text"":""::1""},{""@Name"":""IpPort"",""#text"":""0""},{""@Name"":""ImpersonationLevel"",""#text"":""%%1833""},{""@Name"":""RestrictedAdminMode"",""#text"":""-""},{""@Name"":""TargetOutboundUserName"",""#text"":""-""},{""@Name"":""TargetOutboundDomainName"",""#text"":""-""},{""@Name"":""VirtualAccount"",""#text"":""%%1843""},{""@Name"":""TargetLinkedLogonId"",""#text"":""0x0""},{""@Name"":""ElevatedToken"",""#text"":""%%1842""}]}}"
"197","27685","2021-07-28 19:49:58.2238028","4672","LogAlways","Microsoft-Windows-Security-Auditing","Security","680","2804","ADDC01.testlab.local","2","","Administrative logon","TESTLAB\ADDC01$ (S-1-5-18)","","PrivilegeList: SeSecurityPrivilege, SeBackupPrivilege, SeRestorePrivilege, SeTakeOwnershipPrivilege, SeDebugPrivilege, SeSystemEnvironmentPrivilege, SeLoadDriverPrivilege, SeImpersonatePrivilege, SeDelegateSessionUserImpersonatePrivilege, SeEnableDelegationPrivilege","LogonId: 0x16A9E3","","","","","","False","C:\Users\IR\Downloads\golden.evtx","Audit success","0","{""EventData"":{""Data"":[{""@Name"":""SubjectUserSid"",""#text"":""S-1-5-18""},{""@Name"":""SubjectUserName"",""#text"":""ADDC01$""},{""@Name"":""SubjectDomainName"",""#text"":""TESTLAB""},{""@Name"":""SubjectLogonId"",""#text"":""0x16A9E3""},{""@Name"":""PrivilegeList"",""#text"":""SeSecurityPrivilege, SeBackupPrivilege, SeRestorePrivilege, SeTakeOwnershipPrivilege, SeDebugPrivilege, SeSystemEnvironmentPrivilege, SeLoadDriverPrivilege, SeImpersonatePrivilege, SeDelegateSessionUserImpersonatePrivilege, SeEnableDelegationPrivilege""}]}}"
"198","27686","2021-07-28 19:49:58.2238855","4624","LogAlways","Microsoft-Windows-Security-Auditing","Security","680","2804","ADDC01.testlab.local","2","","Successful logon","-\-"," (2001:0:2851:782c:492:2bcc:f5ff:fffd)","Target: TESTLAB.LOCAL\ADDC01$","LogonType 3","LogonId: 0x16A9E3","AuthenticationPackageName: Kerberos","LogonProcessName: Kerberos","","-","False","C:\Users\IR\Downloads\golden.evtx","Audit success","0","{""EventData"":{""Data"":[{""@Name"":""SubjectUserSid"",""#text"":""S-1-0-0""},{""@Name"":""SubjectUserName"",""#text"":""-""},{""@Name"":""SubjectDomainName"",""#text"":""-""},{""@Name"":""SubjectLogonId"",""#text"":""0x0""},{""@Name"":""TargetUserSid"",""#text"":""S-1-5-18""},{""@Name"":""TargetUserName"",""#text"":""ADDC01$""},{""@Name"":""TargetDomainName"",""#text"":""TESTLAB.LOCAL""},{""@Name"":""TargetLogonId"",""#text"":""0x16A9E3""},{""@Name"":""LogonType"",""#text"":""3""},{""@Name"":""LogonProcessName"",""#text"":""Kerberos""},{""@Name"":""AuthenticationPackageName"",""#text"":""Kerberos""},{""@Name"":""WorkstationName""},{""@Name"":""LogonGuid"",""#text"":""efb59bf9-c536-da8d-4e03-66ccd9a89b6a""},{""@Name"":""TransmittedServices"",""#text"":""-""},{""@Name"":""LmPackageName"",""#text"":""-""},{""@Name"":""KeyLength"",""#text"":""0""},{""@Name"":""ProcessId"",""#text"":""0x0""},{""@Name"":""ProcessName"",""#text"":""-""},{""@Name"":""IpAddress"",""#text"":""2001:0:2851:782c:492:2bcc:f5ff:fffd""},{""@Name"":""IpPort"",""#text"":""52157""},{""@Name"":""ImpersonationLevel"",""#text"":""%%1833""},{""@Name"":""RestrictedAdminMode"",""#text"":""-""},{""@Name"":""TargetOutboundUserName"",""#text"":""-""},{""@Name"":""TargetOutboundDomainName"",""#text"":""-""},{""@Name"":""VirtualAccount"",""#text"":""%%1843""},{""@Name"":""TargetLinkedLogonId"",""#text"":""0x0""},{""@Name"":""ElevatedToken"",""#text"":""%%1842""}]}}"
"199","27687","2021-07-28 19:49:58.3264080","4672","LogAlways","Microsoft-Windows-Security-Auditing","Security","680","844","ADDC01.testlab.local","2","","Administrative logon","TESTLAB\ADDC01$ (S-1-5-18)","","PrivilegeList: SeSecurityPrivilege, SeBackupPrivilege, SeRestorePrivilege, SeTakeOwnershipPrivilege, SeDebugPrivilege, SeSystemEnvironmentPrivilege, SeLoadDriverPrivilege, SeImpersonatePrivilege, SeDelegateSessionUserImpersonatePrivilege, SeEnableDelegationPrivilege","LogonId: 0x16AA46","","","","","","False","C:\Users\IR\Downloads\golden.evtx","Audit success","0","{""EventData"":{""Data"":[{""@Name"":""SubjectUserSid"",""#text"":""S-1-5-18""},{""@Name"":""SubjectUserName"",""#text"":""ADDC01$""},{""@Name"":""SubjectDomainName"",""#text"":""TESTLAB""},{""@Name"":""SubjectLogonId"",""#text"":""0x16AA46""},{""@Name"":""PrivilegeList"",""#text"":""SeSecurityPrivilege, SeBackupPrivilege, SeRestorePrivilege, SeTakeOwnershipPrivilege, SeDebugPrivilege, SeSystemEnvironmentPrivilege, SeLoadDriverPrivilege, SeImpersonatePrivilege, SeDelegateSessionUserImpersonatePrivilege, SeEnableDelegationPrivilege""}]}}"
"200","27688","2021-07-28 19:49:58.3265152","4624","LogAlways","Microsoft-Windows-Security-Auditing","Security","680","844","ADDC01.testlab.local","2","","Successful logon","-\-"," (fe80::492:2bcc:f5ff:fffd)","Target: TESTLAB.LOCAL\ADDC01$","LogonType 3","LogonId: 0x16AA46","AuthenticationPackageName: Kerberos","LogonProcessName: Kerberos","","-","False","C:\Users\IR\Downloads\golden.evtx","Audit success","0","{""EventData"":{""Data"":[{""@Name"":""SubjectUserSid"",""#text"":""S-1-0-0""},{""@Name"":""SubjectUserName"",""#text"":""-""},{""@Name"":""SubjectDomainName"",""#text"":""-""},{""@Name"":""SubjectLogonId"",""#text"":""0x0""},{""@Name"":""TargetUserSid"",""#text"":""S-1-5-18""},{""@Name"":""TargetUserName"",""#text"":""ADDC01$""},{""@Name"":""TargetDomainName"",""#text"":""TESTLAB.LOCAL""},{""@Name"":""TargetLogonId"",""#text"":""0x16AA46""},{""@Name"":""LogonType"",""#text"":""3""},{""@Name"":""LogonProcessName"",""#text"":""Kerberos""},{""@Name"":""AuthenticationPackageName"",""#text"":""Kerberos""},{""@Name"":""WorkstationName""},{""@Name"":""LogonGuid"",""#text"":""c1a82053-85aa-37cc-1459-6df6d69c743e""},{""@Name"":""TransmittedServices"",""#text"":""-""},{""@Name"":""LmPackageName"",""#text"":""-""},{""@Name"":""KeyLength"",""#text"":""0""},{""@Name"":""ProcessId"",""#text"":""0x0""},{""@Name"":""ProcessName"",""#text"":""-""},{""@Name"":""IpAddress"",""#text"":""fe80::492:2bcc:f5ff:fffd""},{""@Name"":""IpPort"",""#text"":""52158""},{""@Name"":""ImpersonationLevel"",""#text"":""%%1840""},{""@Name"":""RestrictedAdminMode"",""#text"":""-""},{""@Name"":""TargetOutboundUserName"",""#text"":""-""},{""@Name"":""TargetOutboundDomainName"",""#text"":""-""},{""@Name"":""VirtualAccount"",""#text"":""%%1843""},{""@Name"":""TargetLinkedLogonId"",""#text"":""0x0""},{""@Name"":""ElevatedToken"",""#text"":""%%1842""}]}}"
"201","27689","2021-07-28 19:49:58.3296246","4634","LogAlways","Microsoft-Windows-Security-Auditing","Security","680","844","ADDC01.testlab.local","2","","An account was logged off","","","Target: TESTLAB\ADDC01$","LogonType 3","LogonId: 0x16A9E3","","","","","False","C:\Users\IR\Downloads\golden.evtx","Audit success","0","{""EventData"":{""Data"":[{""@Name"":""TargetUserSid"",""#text"":""S-1-5-18""},{""@Name"":""TargetUserName"",""#text"":""ADDC01$""},{""@Name"":""TargetDomainName"",""#text"":""TESTLAB""},{""@Name"":""TargetLogonId"",""#text"":""0x16A9E3""},{""@Name"":""LogonType"",""#text"":""3""}]}}"
"202","27690","2021-07-28 19:49:58.3296487","4634","LogAlways","Microsoft-Windows-Security-Auditing","Security","680","844","ADDC01.testlab.local","2","","An account was logged off","","","Target: TESTLAB\ADDC01$","LogonType 3","LogonId: 0x16A99F","","","","","False","C:\Users\IR\Downloads\golden.evtx","Audit success","0","{""EventData"":{""Data"":[{""@Name"":""TargetUserSid"",""#text"":""S-1-5-18""},{""@Name"":""TargetUserName"",""#text"":""ADDC01$""},{""@Name"":""TargetDomainName"",""#text"":""TESTLAB""},{""@Name"":""TargetLogonId"",""#text"":""0x16A99F""},{""@Name"":""LogonType"",""#text"":""3""}]}}"
"203","27691","2021-07-28 19:49:58.3316958","4634","LogAlways","Microsoft-Windows-Security-Auditing","Security","680","1796","ADDC01.testlab.local","2","","An account was logged off","","","Target: TESTLAB\ADDC01$","LogonType 3","LogonId: 0x16A8C0","","","","","False","C:\Users\IR\Downloads\golden.evtx","Audit success","0","{""EventData"":{""Data"":[{""@Name"":""TargetUserSid"",""#text"":""S-1-5-18""},{""@Name"":""TargetUserName"",""#text"":""ADDC01$""},{""@Name"":""TargetDomainName"",""#text"":""TESTLAB""},{""@Name"":""TargetLogonId"",""#text"":""0x16A8C0""},{""@Name"":""LogonType"",""#text"":""3""}]}}"
"204","27692","2021-07-28 19:50:10.2327111","4634","LogAlways","Microsoft-Windows-Security-Auditing","Security","680","844","ADDC01.testlab.local","2","","An account was logged off","","","Target: TESTLAB\ADDC01$","LogonType 3","LogonId: 0x16AA46","","","","","False","C:\Users\IR\Downloads\golden.evtx","Audit success","0","{""EventData"":{""Data"":[{""@Name"":""TargetUserSid"",""#text"":""S-1-5-18""},{""@Name"":""TargetUserName"",""#text"":""ADDC01$""},{""@Name"":""TargetDomainName"",""#text"":""TESTLAB""},{""@Name"":""TargetLogonId"",""#text"":""0x16AA46""},{""@Name"":""LogonType"",""#text"":""3""}]}}"
