"576","28064","2021-07-28 20:39:18.4243694","4624","LogAlways","Microsoft-Windows-Security-Auditing","Security","680","2804","ADDC01.testlab.local","5","","Successful logon","-\-"," (::1)","Target: TESTLAB.LOCAL\ADDC01$","LogonType 3","LogonId: 0x1CC987","AuthenticationPackageName: Kerberos","LogonProcessName: Kerberos","","-","False","C:\Users\IR\Downloads\golden.evtx","Audit success","0","{""EventData"":{""Data"":[{""@Name"":""SubjectUserSid"",""#text"":""S-1-0-0""},{""@Name"":""SubjectUserName"",""#text"":""-""},{""@Name"":""SubjectDomainName"",""#text"":""-""},{""@Name"":""SubjectLogonId"",""#text"":""0x0""},{""@Name"":""TargetUserSid"",""#text"":""S-1-5-18""},{""@Name"":""TargetUserName"",""#text"":""ADDC01$""},{""@Name"":""TargetDomainName"",""#text"":""TESTLAB.LOCAL""},{""@Name"":""TargetLogonId"",""#text"":""0x1CC987""},{""@Name"":""LogonType"",""#text"":""3""},{""@Name"":""LogonProcessName"",""#text"":""Kerberos""},{""@Name"":""AuthenticationPackageName"",""#text"":""Kerberos""},{""@Name"":""WorkstationName""},{""@Name"":""LogonGuid"",""#text"":""04a8889f-a446-c084-eb0e-87279c4afdf3""},{""@Name"":""TransmittedServices"",""#text"":""-""},{""@Name"":""LmPackageName"",""#text"":""-""},{""@Name"":""KeyLength"",""#text"":""0""},{""@Name"":""ProcessId"",""#text"":""0x0""},{""@Name"":""ProcessName"",""#text"":""-""},{""@Name"":""IpAddress"",""#text"":""::1""},{""@Name"":""IpPort"",""#text"":""52314""},{""@Name"":""ImpersonationLevel"",""#text"":""%%1833""},{""@Name"":""RestrictedAdminMode"",""#text"":""-""},{""@Name"":""TargetOutboundUserName"",""#text"":""-""},{""@Name"":""TargetOutboundDomainName"",""#text"":""-""},{""@Name"":""VirtualAccount"",""#text"":""%%1843""},{""@Name"":""TargetLinkedLogonId"",""#text"":""0x0""},{""@Name"":""ElevatedToken"",""#text"":""%%1842""}]}}"
"577","28065","2021-07-28 20:39:18.4261401","4634","LogAlways","Microsoft-Windows-Security-Auditing","Security","680","732","ADDC01.testlab.local","5","","An account was logged off","","","Target: TESTLAB\ADDC01$","LogonType 3","LogonId: 0x1CC987","","","","","False","C:\Users\IR\Downloads\golden.evtx","Audit success","0","{""EventData"":{""Data"":[{""@Name"":""TargetUserSid"",""#text"":""S-1-5-18""},{""@Name"":""TargetUserName"",""#text"":""ADDC01$""},{""@Name"":""TargetDomainName"",""#text"":""TESTLAB""},{""@Name"":""TargetLogonId"",""#text"":""0x1CC987""},{""@Name"":""LogonType"",""#text"":""3""}]}}"
"578","28066","2021-07-28 20:39:25.7224276","4672","LogAlways","Microsoft-Windows-Security-Auditing","Security","680","2804","ADDC01.testlab.local","5","","Administrative logon","TESTLAB\ADDC01$ (S-1-5-18)","","PrivilegeList: SeSecurityPrivilege, SeBackupPrivilege, SeRestorePrivilege, SeTakeOwnershipPrivilege, SeDebugPrivilege, SeSystemEnvironmentPrivilege, SeLoadDriverPrivilege, SeImpersonatePrivilege, SeDelegateSessionUserImpersonatePrivilege, SeEnableDelegationPrivilege","LogonId: 0x1CCADE","","","","","","False","C:\Users\IR\Downloads\golden.evtx","Audit success","0","{""EventData"":{""Data"":[{""@Name"":""SubjectUserSid"",""#text"":""S-1-5-18""},{""@Name"":""SubjectUserName"",""#text"":""ADDC01$""},{""@Name"":""SubjectDomainName"",""#text"":""TESTLAB""},{""@Name"":""SubjectLogonId"",""#text"":""0x1CCADE""},{""@Name"":""PrivilegeList"",""#text"":""SeSecurityPrivilege, SeBackupPrivilege, SeRestorePrivilege, SeTakeOwnershipPrivilege, SeDebugPrivilege, SeSystemEnvironmentPrivilege, SeLoadDriverPrivilege, SeImpersonatePrivilege, SeDelegateSessionUserImpersonatePrivilege, SeEnableDelegationPrivilege""}]}}"
"579","28067","2021-07-28 20:39:25.7225082","4624","LogAlways","Microsoft-Windows-Security-Auditing","Security","680","2804","ADDC01.testlab.local","5","","Successful logon","-\-"," (fe80::492:2bcc:f5ff:fffd)","Target: TESTLAB.LOCAL\ADDC01$","LogonType 3","LogonId: 0x1CCADE","AuthenticationPackageName: Kerberos","LogonProcessName: Kerberos","","-","False","C:\Users\IR\Downloads\golden.evtx","Audit success","0","{""EventData"":{""Data"":[{""@Name"":""SubjectUserSid"",""#text"":""S-1-0-0""},{""@Name"":""SubjectUserName"",""#text"":""-""},{""@Name"":""SubjectDomainName"",""#text"":""-""},{""@Name"":""SubjectLogonId"",""#text"":""0x0""},{""@Name"":""TargetUserSid"",""#text"":""S-1-5-18""},{""@Name"":""TargetUserName"",""#text"":""ADDC01$""},{""@Name"":""TargetDomainName"",""#text"":""TESTLAB.LOCAL""},{""@Name"":""TargetLogonId"",""#text"":""0x1CCADE""},{""@Name"":""LogonType"",""#text"":""3""},{""@Name"":""LogonProcessName"",""#text"":""Kerberos""},{""@Name"":""AuthenticationPackageName"",""#text"":""Kerberos""},{""@Name"":""WorkstationName""},{""@Name"":""LogonGuid"",""#text"":""04a8889f-a446-c084-eb0e-87279c4afdf3""},{""@Name"":""TransmittedServices"",""#text"":""-""},{""@Name"":""LmPackageName"",""#text"":""-""},{""@Name"":""KeyLength"",""#text"":""0""},{""@Name"":""ProcessId"",""#text"":""0x0""},{""@Name"":""ProcessName"",""#text"":""-""},{""@Name"":""IpAddress"",""#text"":""fe80::492:2bcc:f5ff:fffd""},{""@Name"":""IpPort"",""#text"":""52316""},{""@Name"":""ImpersonationLevel"",""#text"":""%%1833""},{""@Name"":""RestrictedAdminMode"",""#text"":""-""},{""@Name"":""TargetOutboundUserName"",""#text"":""-""},{""@Name"":""TargetOutboundDomainName"",""#text"":""-""},{""@Name"":""VirtualAccount"",""#text"":""%%1843""},{""@Name"":""TargetLinkedLogonId"",""#text"":""0x0""},{""@Name"":""ElevatedToken"",""#text"":""%%1842""}]}}"
"580","28068","2021-07-28 20:39:25.7266156","4634","LogAlways","Microsoft-Windows-Security-Auditing","Security","680","732","ADDC01.testlab.local","5","","An account was logged off","","","Target: TESTLAB\ADDC01$","LogonType 3","LogonId: 0x1CCADE","","","","","False","C:\Users\IR\Downloads\golden.evtx","Audit success","0","{""EventData"":{""Data"":[{""@Name"":""TargetUserSid"",""#text"":""S-1-5-18""},{""@Name"":""TargetUserName"",""#text"":""ADDC01$""},{""@Name"":""TargetDomainName"",""#text"":""TESTLAB""},{""@Name"":""TargetLogonId"",""#text"":""0x1CCADE""},{""@Name"":""LogonType"",""#text"":""3""}]}}"
"581","28069","2021-07-28 20:39:25.7283088","4672","LogAlways","Microsoft-Windows-Security-Auditing","Security","680","3668","ADDC01.testlab.local","5","","Administrative logon","TESTLAB\ADDC01$ (S-1-5-18)","","PrivilegeList: SeSecurityPrivilege, SeBackupPrivilege, SeRestorePrivilege, SeTakeOwnershipPrivilege, SeDebugPrivilege, SeSystemEnvironmentPrivilege, SeLoadDriverPrivilege, SeImpersonatePrivilege, SeDelegateSessionUserImpersonatePrivilege, SeEnableDelegationPrivilege","LogonId: 0x1CCB47","","","","","","False","C:\Users\IR\Downloads\golden.evtx","Audit success","0","{""EventData"":{""Data"":[{""@Name"":""SubjectUserSid"",""#text"":""S-1-5-18""},{""@Name"":""SubjectUserName"",""#text"":""ADDC01$""},{""@Name"":""SubjectDomainName"",""#text"":""TESTLAB""},{""@Name"":""SubjectLogonId"",""#text"":""0x1CCB47""},{""@Name"":""PrivilegeList"",""#text"":""SeSecurityPrivilege, SeBackupPrivilege, SeRestorePrivilege, SeTakeOwnershipPrivilege, SeDebugPrivilege, SeSystemEnvironmentPrivilege, SeLoadDriverPrivilege, SeImpersonatePrivilege, SeDelegateSessionUserImpersonatePrivilege, SeEnableDelegationPrivilege""}]}}"
"582","28070","2021-07-28 20:39:25.7284408","4624","LogAlways","Microsoft-Windows-Security-Auditing","Security","680","3668","ADDC01.testlab.local","5","","Successful logon","-\-"," (fe80::492:2bcc:f5ff:fffd)","Target: TESTLAB.LOCAL\ADDC01$","LogonType 3","LogonId: 0x1CCB47","AuthenticationPackageName: Kerberos","LogonProcessName: Kerberos","","-","False","C:\Users\IR\Downloads\golden.evtx","Audit success","0","{""EventData"":{""Data"":[{""@Name"":""SubjectUserSid"",""#text"":""S-1-0-0""},{""@Name"":""SubjectUserName"",""#text"":""-""},{""@Name"":""SubjectDomainName"",""#text"":""-""},{""@Name"":""SubjectLogonId"",""#text"":""0x0""},{""@Name"":""TargetUserSid"",""#text"":""S-1-5-18""},{""@Name"":""TargetUserName"",""#text"":""ADDC01$""},{""@Name"":""TargetDomainName"",""#text"":""TESTLAB.LOCAL""},{""@Name"":""TargetLogonId"",""#text"":""0x1CCB47""},{""@Name"":""LogonType"",""#text"":""3""},{""@Name"":""LogonProcessName"",""#text"":""Kerberos""},{""@Name"":""AuthenticationPackageName"",""#text"":""Kerberos""},{""@Name"":""WorkstationName""},{""@Name"":""LogonGuid"",""#text"":""04a8889f-a446-c084-eb0e-87279c4afdf3""},{""@Name"":""TransmittedServices"",""#text"":""-""},{""@Name"":""LmPackageName"",""#text"":""-""},{""@Name"":""KeyLength"",""#text"":""0""},{""@Name"":""ProcessId"",""#text"":""0x0""},{""@Name"":""ProcessName"",""#text"":""-""},{""@Name"":""IpAddress"",""#text"":""fe80::492:2bcc:f5ff:fffd""},{""@Name"":""IpPort"",""#text"":""52317""},{""@Name"":""ImpersonationLevel"",""#text"":""%%1833""},{""@Name"":""RestrictedAdminMode"",""#text"":""-""},{""@Name"":""TargetOutboundUserName"",""#text"":""-""},{""@Name"":""TargetOutboundDomainName"",""#text"":""-""},{""@Name"":""VirtualAccount"",""#text"":""%%1843""},{""@Name"":""TargetLinkedLogonId"",""#text"":""0x0""},{""@Name"":""ElevatedToken"",""#text"":""%%1842""}]}}"
"583","28071","2021-07-28 20:39:25.7329816","4634","LogAlways","Microsoft-Windows-Security-Auditing","Security","680","844","ADDC01.testlab.local","5","","An account was logged off","","","Target: TESTLAB\ADDC01$","LogonType 3","LogonId: 0x1CCB47","","","","","False","C:\Users\IR\Downloads\golden.evtx","Audit success","0","{""EventData"":{""Data"":[{""@Name"":""TargetUserSid"",""#text"":""S-1-5-18""},{""@Name"":""TargetUserName"",""#text"":""ADDC01$""},{""@Name"":""TargetDomainName"",""#text"":""TESTLAB""},{""@Name"":""TargetLogonId"",""#text"":""0x1CCB47""},{""@Name"":""LogonType"",""#text"":""3""}]}}"
"584","28072","2021-07-28 20:40:05.0685667","4672","LogAlways","Microsoft-Windows-Security-Auditing","Security","680","3668","ADDC01.testlab.local","5","","Administrative logon","TESTLAB\ADDC01$ (S-1-5-18)","","PrivilegeList: SeSecurityPrivilege, SeBackupPrivilege, SeRestorePrivilege, SeTakeOwnershipPrivilege, SeDebugPrivilege, SeSystemEnvironmentPrivilege, SeLoadDriverPrivilege, SeImpersonatePrivilege, SeDelegateSessionUserImpersonatePrivilege, SeEnableDelegationPrivilege","LogonId: 0x1CCDD9","","","","","","False","C:\Users\IR\Downloads\golden.evtx","Audit success","0","{""EventData"":{""Data"":[{""@Name"":""SubjectUserSid"",""#text"":""S-1-5-18""},{""@Name"":""SubjectUserName"",""#text"":""ADDC01$""},{""@Name"":""SubjectDomainName"",""#text"":""TESTLAB""},{""@Name"":""SubjectLogonId"",""#text"":""0x1CCDD9""},{""@Name"":""PrivilegeList"",""#text"":""SeSecurityPrivilege, SeBackupPrivilege, SeRestorePrivilege, SeTakeOwnershipPrivilege, SeDebugPrivilege, SeSystemEnvironmentPrivilege, SeLoadDriverPrivilege, SeImpersonatePrivilege, SeDelegateSessionUserImpersonatePrivilege, SeEnableDelegationPrivilege""}]}}"
"585","28073","2021-07-28 20:40:05.0686494","4624","LogAlways","Microsoft-Windows-Security-Auditing","Security","680","3668","ADDC01.testlab.local","6","","Successful logon","-\-"," (fe80::492:2bcc:f5ff:fffd)","Target: TESTLAB.LOCAL\ADDC01$","LogonType 3","LogonId: 0x1CCDD9","AuthenticationPackageName: Kerberos","LogonProcessName: Kerberos","","-","False","C:\Users\IR\Downloads\golden.evtx","Audit success","0","{""EventData"":{""Data"":[{""@Name"":""SubjectUserSid"",""#text"":""S-1-0-0""},{""@Name"":""SubjectUserName"",""#text"":""-""},{""@Name"":""SubjectDomainName"",""#text"":""-""},{""@Name"":""SubjectLogonId"",""#text"":""0x0""},{""@Name"":""TargetUserSid"",""#text"":""S-1-5-18""},{""@Name"":""TargetUserName"",""#text"":""ADDC01$""},{""@Name"":""TargetDomainName"",""#text"":""TESTLAB.LOCAL""},{""@Name"":""TargetLogonId"",""#text"":""0x1CCDD9""},{""@Name"":""LogonType"",""#text"":""3""},{""@Name"":""LogonProcessName"",""#text"":""Kerberos""},{""@Name"":""AuthenticationPackageName"",""#text"":""Kerberos""},{""@Name"":""WorkstationName""},{""@Name"":""LogonGuid"",""#text"":""efb59bf9-c536-da8d-4e03-66ccd9a89b6a""},{""@Name"":""TransmittedServices"",""#text"":""-""},{""@Name"":""LmPackageName"",""#text"":""-""},{""@Name"":""KeyLength"",""#text"":""0""},{""@Name"":""ProcessId"",""#text"":""0x0""},{""@Name"":""ProcessName"",""#text"":""-""},{""@Name"":""IpAddress"",""#text"":""fe80::492:2bcc:f5ff:fffd""},{""@Name"":""IpPort"",""#text"":""52318""},{""@Name"":""ImpersonationLevel"",""#text"":""%%1833""},{""@Name"":""RestrictedAdminMode"",""#text"":""-""},{""@Name"":""TargetOutboundUserName"",""#text"":""-""},{""@Name"":""TargetOutboundDomainName"",""#text"":""-""},{""@Name"":""VirtualAccount"",""#text"":""%%1843""},{""@Name"":""TargetLinkedLogonId"",""#text"":""0x0""},{""@Name"":""ElevatedToken"",""#text"":""%%1842""}]}}"
"586","28074","2021-07-28 20:40:05.0716388","4672","LogAlways","Microsoft-Windows-Security-Auditing","Security","680","732","ADDC01.testlab.local","6","","Administrative logon","TESTLAB\ADDC01$ (S-1-5-18)","","PrivilegeList: SeSecurityPrivilege, SeBackupPrivilege, SeRestorePrivilege, SeTakeOwnershipPrivilege, SeDebugPrivilege, SeSystemEnvironmentPrivilege, SeLoadDriverPrivilege, SeImpersonatePrivilege, SeDelegateSessionUserImpersonatePrivilege, SeEnableDelegationPrivilege","LogonId: 0x1CCEB8","","","","","","False","C:\Users\IR\Downloads\golden.evtx","Audit success","0","{""EventData"":{""Data"":[{""@Name"":""SubjectUserSid"",""#text"":""S-1-5-18""},{""@Name"":""SubjectUserName"",""#text"":""ADDC01$""},{""@Name"":""SubjectDomainName"",""#text"":""TESTLAB""},{""@Name"":""SubjectLogonId"",""#text"":""0x1CCEB8""},{""@Name"":""PrivilegeList"",""#text"":""SeSecurityPrivilege, SeBackupPrivilege, SeRestorePrivilege, SeTakeOwnershipPrivilege, SeDebugPrivilege, SeSystemEnvironmentPrivilege, SeLoadDriverPrivilege, SeImpersonatePrivilege, SeDelegateSessionUserImpersonatePrivilege, SeEnableDelegationPrivilege""}]}}"
"587","28075","2021-07-28 20:40:05.0717326","4624","LogAlways","Microsoft-Windows-Security-Auditing","Security","680","732","ADDC01.testlab.local","6","","Successful logon","-\-"," (::1)","Target: TESTLAB.LOCAL\ADDC01$","LogonType 3","LogonId: 0x1CCEB8","AuthenticationPackageName: Kerberos","LogonProcessName: Kerberos","","-","False","C:\Users\IR\Downloads\golden.evtx","Audit success","0","{""EventData"":{""Data"":[{""@Name"":""SubjectUserSid"",""#text"":""S-1-0-0""},{""@Name"":""SubjectUserName"",""#text"":""-""},{""@Name"":""SubjectDomainName"",""#text"":""-""},{""@Name"":""SubjectLogonId"",""#text"":""0x0""},{""@Name"":""TargetUserSid"",""#text"":""S-1-5-18""},{""@Name"":""TargetUserName"",""#text"":""ADDC01$""},{""@Name"":""TargetDomainName"",""#text"":""TESTLAB.LOCAL""},{""@Name"":""TargetLogonId"",""#text"":""0x1CCEB8""},{""@Name"":""LogonType"",""#text"":""3""},{""@Name"":""LogonProcessName"",""#text"":""Kerberos""},{""@Name"":""AuthenticationPackageName"",""#text"":""Kerberos""},{""@Name"":""WorkstationName""},{""@Name"":""LogonGuid"",""#text"":""c1a82053-85aa-37cc-1459-6df6d69c743e""},{""@Name"":""TransmittedServices"",""#text"":""-""},{""@Name"":""LmPackageName"",""#text"":""-""},{""@Name"":""KeyLength"",""#text"":""0""},{""@Name"":""ProcessId"",""#text"":""0x0""},{""@Name"":""ProcessName"",""#text"":""-""},{""@Name"":""IpAddress"",""#text"":""::1""},{""@Name"":""IpPort"",""#text"":""0""},{""@Name"":""ImpersonationLevel"",""#text"":""%%1833""},{""@Name"":""RestrictedAdminMode"",""#text"":""-""},{""@Name"":""TargetOutboundUserName"",""#text"":""-""},{""@Name"":""TargetOutboundDomainName"",""#text"":""-""},{""@Name"":""VirtualAccount"",""#text"":""%%1843""},{""@Name"":""TargetLinkedLogonId"",""#text"":""0x0""},{""@Name"":""ElevatedToken"",""#text"":""%%1842""}]}}"
"588","28076","2021-07-28 20:40:05.0740300","4672","LogAlways","Microsoft-Windows-Security-Auditing","Security","680","3668","ADDC01.testlab.local","6","","Administrative logon","TESTLAB\ADDC01$ (S-1-5-18)","","PrivilegeList: SeSecurityPrivilege, SeBackupPrivilege, SeRestorePrivilege, SeTakeOwnershipPrivilege, SeDebugPrivilege, SeSystemEnvironmentPrivilege, SeLoadDriverPrivilege, SeImpersonatePrivilege, SeDelegateSessionUserImpersonatePrivilege, SeEnableDelegationPrivilege","LogonId: 0x1CCEFB","","","","","","False","C:\Users\IR\Downloads\golden.evtx","Audit success","0","{""EventData"":{""Data"":[{""@Name"":""SubjectUserSid"",""#text"":""S-1-5-18""},{""@Name"":""SubjectUserName"",""#text"":""ADDC01$""},{""@Name"":""SubjectDomainName"",""#text"":""TESTLAB""},{""@Name"":""SubjectLogonId"",""#text"":""0x1CCEFB""},{""@Name"":""PrivilegeList"",""#text"":""SeSecurityPrivilege, SeBackupPrivilege, SeRestorePrivilege, SeTakeOwnershipPrivilege, SeDebugPrivilege, SeSystemEnvironmentPrivilege, SeLoadDriverPrivilege, SeImpersonatePrivilege, SeDelegateSessionUserImpersonatePrivilege, SeEnableDelegationPrivilege""}]}}"
"589","28077","2021-07-28 20:40:05.0741302","4624","LogAlways","Microsoft-Windows-Security-Auditing","Security","680","3668","ADDC01.testlab.local","6","","Successful logon","-\-"," (2001:0:2851:782c:492:2bcc:f5ff:fffd)","Target: TESTLAB.LOCAL\ADDC01$","LogonType 3","LogonId: 0x1CCEFB","AuthenticationPackageName: Kerberos","LogonProcessName: Kerberos","","-","False","C:\Users\IR\Downloads\golden.evtx","Audit success","0","{""EventData"":{""Data"":[{""@Name"":""SubjectUserSid"",""#text"":""S-1-0-0""},{""@Name"":""SubjectUserName"",""#text"":""-""},{""@Name"":""SubjectDomainName"",""#text"":""-""},{""@Name"":""SubjectLogonId"",""#text"":""0x0""},{""@Name"":""TargetUserSid"",""#text"":""S-1-5-18""},{""@Name"":""TargetUserName"",""#text"":""ADDC01$""},{""@Name"":""TargetDomainName"",""#text"":""TESTLAB.LOCAL""},{""@Name"":""TargetLogonId"",""#text"":""0x1CCEFB""},{""@Name"":""LogonType"",""#text"":""3""},{""@Name"":""LogonProcessName"",""#text"":""Kerberos""},{""@Name"":""AuthenticationPackageName"",""#text"":""Kerberos""},{""@Name"":""WorkstationName""},{""@Name"":""LogonGuid"",""#text"":""efb59bf9-c536-da8d-4e03-66ccd9a89b6a""},{""@Name"":""TransmittedServices"",""#text"":""-""},{""@Name"":""LmPackageName"",""#text"":""-""},{""@Name"":""KeyLength"",""#text"":""0""},{""@Name"":""ProcessId"",""#text"":""0x0""},{""@Name"":""ProcessName"",""#text"":""-""},{""@Name"":""IpAddress"",""#text"":""2001:0:2851:782c:492:2bcc:f5ff:fffd""},{""@Name"":""IpPort"",""#text"":""52319""},{""@Name"":""ImpersonationLevel"",""#text"":""%%1833""},{""@Name"":""RestrictedAdminMode"",""#text"":""-""},{""@Name"":""TargetOutboundUserName"",""#text"":""-""},{""@Name"":""TargetOutboundDomainName"",""#text"":""-""},{""@Name"":""VirtualAccount"",""#text"":""%%1843""},{""@Name"":""TargetLinkedLogonId"",""#text"":""0x0""},{""@Name"":""ElevatedToken"",""#text"":""%%1842""}]}}"
"590","28078","2021-07-28 20:40:05.1783879","4672","LogAlways","Microsoft-Windows-Security-Auditing","Security","680","876","ADDC01.testlab.local","6","","Administrative logon","TESTLAB\ADDC01$ (S-1-5-18)","","PrivilegeList: SeSecurityPrivilege, SeBackupPrivilege, SeRestorePrivilege, SeTakeOwnershipPrivilege, SeDebugPrivilege, SeSystemEnvironmentPrivilege, SeLoadDriverPrivilege, SeImpersonatePrivilege, SeDelegateSessionUserImpersonatePrivilege, SeEnableDelegationPrivilege","LogonId: 0x1CCF5D","","","","","","False","C:\Users\IR\Downloads\golden.evtx","Audit success","0","{""EventData"":{""Data"":[{""@Name"":""SubjectUserSid"",""#text"":""S-1-5-18""},{""@Name"":""SubjectUserName"",""#text"":""ADDC01$""},{""@Name"":""SubjectDomainName"",""#text"":""TESTLAB""},{""@Name"":""SubjectLogonId"",""#text"":""0x1CCF5D""},{""@Name"":""PrivilegeList"",""#text"":""SeSecurityPrivilege, SeBackupPrivilege, SeRestorePrivilege, SeTakeOwnershipPrivilege, SeDebugPrivilege, SeSystemEnvironmentPrivilege, SeLoadDriverPrivilege, SeImpersonatePrivilege, SeDelegateSessionUserImpersonatePrivilege, SeEnableDelegationPrivilege""}]}}"
"591","28079","2021-07-28 20:40:05.1784904","4624","LogAlways","Microsoft-Windows-Security-Auditing","Security","680","876","ADDC01.testlab.local","6","","Successful logon","-\-"," (fe80::492:2bcc:f5ff:fffd)","Target: TESTLAB.LOCAL\ADDC01$","LogonType 3","LogonId: 0x1CCF5D","AuthenticationPackageName: Kerberos","LogonProcessName: Kerberos","","-","False","C:\Users\IR\Downloads\golden.evtx","Audit success","0","{""EventData"":{""Data"":[{""@Name"":""SubjectUserSid"",""#text"":""S-1-0-0""},{""@Name"":""SubjectUserName"",""#text"":""-""},{""@Name"":""SubjectDomainName"",""#text"":""-""},{""@Name"":""SubjectLogonId"",""#text"":""0x0""},{""@Name"":""TargetUserSid"",""#text"":""S-1-5-18""},{""@Name"":""TargetUserName"",""#text"":""ADDC01$""},{""@Name"":""TargetDomainName"",""#text"":""TESTLAB.LOCAL""},{""@Name"":""TargetLogonId"",""#text"":""0x1CCF5D""},{""@Name"":""LogonType"",""#text"":""3""},{""@Name"":""LogonProcessName"",""#text"":""Kerberos""},{""@Name"":""AuthenticationPackageName"",""#text"":""Kerberos""},{""@Name"":""WorkstationName""},{""@Name"":""LogonGuid"",""#text"":""c1a82053-85aa-37cc-1459-6df6d69c743e""},{""@Name"":""TransmittedServices"",""#text"":""-""},{""@Name"":""LmPackageName"",""#text"":""-""},{""@Name"":""KeyLength"",""#text"":""0""},{""@Name"":""ProcessId"",""#text"":""0x0""},{""@Name"":""ProcessName"",""#text"":""-""},{""@Name"":""IpAddress"",""#text"":""fe80::492:2bcc:f5ff:fffd""},{""@Name"":""IpPort"",""#text"":""52320""},{""@Name"":""ImpersonationLevel"",""#text"":""%%1840""},{""@Name"":""RestrictedAdminMode"",""#text"":""-""},{""@Name"":""TargetOutboundUserName"",""#text"":""-""},{""@Name"":""TargetOutboundDomainName"",""#text"":""-""},{""@Name"":""VirtualAccount"",""#text"":""%%1843""},{""@Name"":""TargetLinkedLogonId"",""#text"":""0x0""},{""@Name"":""ElevatedToken"",""#text"":""%%1842""}]}}"
"592","28080","2021-07-28 20:40:05.1814780","4634","LogAlways","Microsoft-Windows-Security-Auditing","Security","680","876","ADDC01.testlab.local","6","","An account was logged off","","","Target: TESTLAB\ADDC01$","LogonType 3","LogonId: 0x1CCEFB","","","","","False","C:\Users\IR\Downloads\golden.evtx","Audit success","0","{""EventData"":{""Data"":[{""@Name"":""TargetUserSid"",""#text"":""S-1-5-18""},{""@Name"":""TargetUserName"",""#text"":""ADDC01$""},{""@Name"":""TargetDomainName"",""#text"":""TESTLAB""},{""@Name"":""TargetLogonId"",""#text"":""0x1CCEFB""},{""@Name"":""LogonType"",""#text"":""3""}]}}"
"593","28081","2021-07-28 20:40:05.1814875","4634","LogAlways","Microsoft-Windows-Security-Auditing","Security","680","732","ADDC01.testlab.local","6","","An account was logged off","","","Target: TESTLAB\ADDC01$","LogonType 3","LogonId: 0x1CCEB8","","","","","False","C:\Users\IR\Downloads\golden.evtx","Audit success","0","{""EventData"":{""Data"":[{""@Name"":""TargetUserSid"",""#text"":""S-1-5-18""},{""@Name"":""TargetUserName"",""#text"":""ADDC01$""},{""@Name"":""TargetDomainName"",""#text"":""TESTLAB""},{""@Name"":""TargetLogonId"",""#text"":""0x1CCEB8""},{""@Name"":""LogonType"",""#text"":""3""}]}}"
"594","28082","2021-07-28 20:40:05.1835508","4634","LogAlways","Microsoft-Windows-Security-Auditing","Security","680","844","ADDC01.testlab.local","6","","An account was logged off","","","Target: TESTLAB\ADDC01$","LogonType 3","LogonId: 0x1CCDD9","","","","","False","C:\Users\IR\Downloads\golden.evtx","Audit success","0","{""EventData"":{""Data"":[{""@Name"":""TargetUserSid"",""#text"":""S-1-5-18""},{""@Name"":""TargetUserName"",""#text"":""ADDC01$""},{""@Name"":""TargetDomainName"",""#text"":""TESTLAB""},{""@Name"":""TargetLogonId"",""#text"":""0x1CCDD9""},{""@Name"":""LogonType"",""#text"":""3""}]}}"
"595","28083","2021-07-28 20:40:16.5689839","4634","LogAlways","Microsoft-Windows-Security-Auditing","Security","680","876","ADDC01.testlab.local","6","","An account was logged off","","","Target: TESTLAB\ADDC01$","LogonType 3","LogonId: 0x1CCF5D","","","","","False","C:\Users\IR\Downloads\golden.evtx","Audit success","0","{""EventData"":{""Data"":[{""@Name"":""TargetUserSid"",""#text"":""S-1-5-18""},{""@Name"":""TargetUserName"",""#text"":""ADDC01$""},{""@Name"":""TargetDomainName"",""#text"":""TESTLAB""},{""@Name"":""TargetLogonId"",""#text"":""0x1CCF5D""},{""@Name"":""LogonType"",""#text"":""3""}]}}"
"596","28084","2021-07-28 20:40:18.4446221","4672","LogAlways","Microsoft-Windows-Security-Auditing","Security","680","3668","ADDC01.testlab.local","6","","Administrative logon","TESTLAB\ADDC01$ (S-1-5-18)","","PrivilegeList: SeSecurityPrivilege, SeBackupPrivilege, SeRestorePrivilege, SeTakeOwnershipPrivilege, SeDebugPrivilege, SeSystemEnvironmentPrivilege, SeLoadDriverPrivilege, SeImpersonatePrivilege, SeDelegateSessionUserImpersonatePrivilege, SeEnableDelegationPrivilege","LogonId: 0x1CD1D7","","","","","","False","C:\Users\IR\Downloads\golden.evtx","Audit success","0","{""EventData"":{""Data"":[{""@Name"":""SubjectUserSid"",""#text"":""S-1-5-18""},{""@Name"":""SubjectUserName"",""#text"":""ADDC01$""},{""@Name"":""SubjectDomainName"",""#text"":""TESTLAB""},{""@Name"":""SubjectLogonId"",""#text"":""0x1CD1D7""},{""@Name"":""PrivilegeList"",""#text"":""SeSecurityPrivilege, SeBackupPrivilege, SeRestorePrivilege, SeTakeOwnershipPrivilege, SeDebugPrivilege, SeSystemEnvironmentPrivilege, SeLoadDriverPrivilege, SeImpersonatePrivilege, SeDelegateSessionUserImpersonatePrivilege, SeEnableDelegationPrivilege""}]}}"
"597","28085","2021-07-28 20:40:18.4447715","4624","LogAlways","Microsoft-Windows-Security-Auditing","Security","680","3668","ADDC01.testlab.local","6","","Successful logon","-\-"," (::1)","Target: TESTLAB.LOCAL\ADDC01$","LogonType 3","LogonId: 0x1CD1D7","AuthenticationPackageName: Kerberos","LogonProcessName: Kerberos","","-","False","C:\Users\IR\Downloads\golden.evtx","Audit success","0","{""EventData"":{""Data"":[{""@Name"":""SubjectUserSid"",""#text"":""S-1-0-0""},{""@Name"":""SubjectUserName"",""#text"":""-""},{""@Name"":""SubjectDomainName"",""#text"":""-""},{""@Name"":""SubjectLogonId"",""#text"":""0x0""},{""@Name"":""TargetUserSid"",""#text"":""S-1-5-18""},{""@Name"":""TargetUserName"",""#text"":""ADDC01$""},{""@Name"":""TargetDomainName"",""#text"":""TESTLAB.LOCAL""},{""@Name"":""TargetLogonId"",""#text"":""0x1CD1D7""},{""@Name"":""LogonType"",""#text"":""3""},{""@Name"":""LogonProcessName"",""#text"":""Kerberos""},{""@Name"":""AuthenticationPackageName"",""#text"":""Kerberos""},{""@Name"":""WorkstationName""},{""@Name"":""LogonGuid"",""#text"":""04a8889f-a446-c084-eb0e-87279c4afdf3""},{""@Name"":""TransmittedServices"",""#text"":""-""},{""@Name"":""LmPackageName"",""#text"":""-""},{""@Name"":""KeyLength"",""#text"":""0""},{""@Name"":""ProcessId"",""#text"":""0x0""},{""@Name"":""ProcessName"",""#text"":""-""},{""@Name"":""IpAddress"",""#text"":""::1""},{""@Name"":""IpPort"",""#text"":""52321""},{""@Name"":""ImpersonationLevel"",""#text"":""%%1833""},{""@Name"":""RestrictedAdminMode"",""#text"":""-""},{""@Name"":""TargetOutboundUserName"",""#text"":""-""},{""@Name"":""TargetOutboundDomainName"",""#text"":""-""},{""@Name"":""VirtualAccount"",""#text"":""%%1843""},{""@Name"":""TargetLinkedLogonId"",""#text"":""0x0""},{""@Name"":""ElevatedToken"",""#text"":""%%1842""}]}}"
"598","28086","2021-07-28 20:40:18.4468867","4634","LogAlways","Microsoft-Windows-Security-Auditing","Security","680","844","ADDC01.testlab.local","6","","An account was logged off","","","Target: TESTLAB\ADDC01$","LogonType 3","LogonId: 0x1CD1D7","","","","","False","C:\Users\IR\Downloads\golden.evtx","Audit success","0","{""EventData"":{""Data"":[{""@Name"":""TargetUserSid"",""#text"":""S-1-5-18""},{""@Name"":""TargetUserName"",""#text"":""ADDC01$""},{""@Name"":""TargetDomainName"",""#text"":""TESTLAB""},{""@Name"":""TargetLogonId"",""#text"":""0x1CD1D7""},{""@Name"":""LogonType"",""#text"":""3""}]}}"
"599","28087","2021-07-28 20:40:54.8299679","4624","LogAlways","Microsoft-Windows-Security-Auditing","Security","680","876","ADDC01.testlab.local","6","","Successful logon","-\-","WIN10CLIENT (10.0.0.3)","Target: NT AUTHORITY\ANONYMOUS LOGON","LogonType 3","LogonId: 0x1CD33B","AuthenticationPackageName: NTLM","LogonProcessName: NtLmSsp ","","-","False","C:\Users\IR\Downloads\golden.evtx","Audit success","0","{""EventData"":{""Data"":[{""@Name"":""SubjectUserSid"",""#text"":""S-1-0-0""},{""@Name"":""SubjectUserName"",""#text"":""-""},{""@Name"":""SubjectDomainName"",""#text"":""-""},{""@Name"":""SubjectLogonId"",""#text"":""0x0""},{""@Name"":""TargetUserSid"",""#text"":""S-1-5-7""},{""@Name"":""TargetUserName"",""#text"":""ANONYMOUS LOGON""},{""@Name"":""TargetDomainName"",""#text"":""NT AUTHORITY""},{""@Name"":""TargetLogonId"",""#text"":""0x1CD33B""},{""@Name"":""LogonType"",""#text"":""3""},{""@Name"":""LogonProcessName"",""#text"":""NtLmSsp ""},{""@Name"":""AuthenticationPackageName"",""#text"":""NTLM""},{""@Name"":""WorkstationName"",""#text"":""WIN10CLIENT""},{""@Name"":""LogonGuid"",""#text"":""00000000-0000-0000-0000-000000000000""},{""@Name"":""TransmittedServices"",""#text"":""-""},{""@Name"":""LmPackageName"",""#text"":""NTLM V1""},{""@Name"":""KeyLength"",""#text"":""128""},{""@Name"":""ProcessId"",""#text"":""0x0""},{""@Name"":""ProcessName"",""#text"":""-""},{""@Name"":""IpAddress"",""#text"":""10.0.0.3""},{""@Name"":""IpPort"",""#text"":""64617""},{""@Name"":""ImpersonationLevel"",""#text"":""%%1833""},{""@Name"":""RestrictedAdminMode"",""#text"":""-""},{""@Name"":""TargetOutboundUserName"",""#text"":""-""},{""@Name"":""TargetOutboundDomainName"",""#text"":""-""},{""@Name"":""VirtualAccount"",""#text"":""%%1843""},{""@Name"":""TargetLinkedLogonId"",""#text"":""0x0""},{""@Name"":""ElevatedToken"",""#text"":""%%1843""}]}}"
"600","28088","2021-07-28 20:41:05.5412154","4634","LogAlways","Microsoft-Windows-Security-Auditing","Security","680","844","ADDC01.testlab.local","6","","An account was logged off","","","Target: NT AUTHORITY\ANONYMOUS LOGON","LogonType 3","LogonId: 0x1CD33B","","","","","False","C:\Users\IR\Downloads\golden.evtx","Audit success","0","{""EventData"":{""Data"":[{""@Name"":""TargetUserSid"",""#text"":""S-1-5-7""},{""@Name"":""TargetUserName"",""#text"":""ANONYMOUS LOGON""},{""@Name"":""TargetDomainName"",""#text"":""NT AUTHORITY""},{""@Name"":""TargetLogonId"",""#text"":""0x1CD33B""},{""@Name"":""LogonType"",""#text"":""3""}]}}"
"601","28089","2021-07-28 20:41:18.4611996","4672","LogAlways","Microsoft-Windows-Security-Auditing","Security","680","3668","ADDC01.testlab.local","6","","Administrative logon","TESTLAB\ADDC01$ (S-1-5-18)","","PrivilegeList: SeSecurityPrivilege, SeBackupPrivilege, SeRestorePrivilege, SeTakeOwnershipPrivilege, SeDebugPrivilege, SeSystemEnvironmentPrivilege, SeLoadDriverPrivilege, SeImpersonatePrivilege, SeDelegateSessionUserImpersonatePrivilege, SeEnableDelegationPrivilege","LogonId: 0x1CD526","","","","","","False","C:\Users\IR\Downloads\golden.evtx","Audit success","0","{""EventData"":{""Data"":[{""@Name"":""SubjectUserSid"",""#text"":""S-1-5-18""},{""@Name"":""SubjectUserName"",""#text"":""ADDC01$""},{""@Name"":""SubjectDomainName"",""#text"":""TESTLAB""},{""@Name"":""SubjectLogonId"",""#text"":""0x1CD526""},{""@Name"":""PrivilegeList"",""#text"":""SeSecurityPrivilege, SeBackupPrivilege, SeRestorePrivilege, SeTakeOwnershipPrivilege, SeDebugPrivilege, SeSystemEnvironmentPrivilege, SeLoadDriverPrivilege, SeImpersonatePrivilege, SeDelegateSessionUserImpersonatePrivilege, SeEnableDelegationPrivilege""}]}}"
"602","28090","2021-07-28 20:41:18.4612851","4624","LogAlways","Microsoft-Windows-Security-Auditing","Security","680","3668","ADDC01.testlab.local","6","","Successful logon","-\-"," (::1)","Target: TESTLAB.LOCAL\ADDC01$","LogonType 3","LogonId: 0x1CD526","AuthenticationPackageName: Kerberos","LogonProcessName: Kerberos","","-","False","C:\Users\IR\Downloads\golden.evtx","Audit success","0","{""EventData"":{""Data"":[{""@Name"":""SubjectUserSid"",""#text"":""S-1-0-0""},{""@Name"":""SubjectUserName"",""#text"":""-""},{""@Name"":""SubjectDomainName"",""#text"":""-""},{""@Name"":""SubjectLogonId"",""#text"":""0x0""},{""@Name"":""TargetUserSid"",""#text"":""S-1-5-18""},{""@Name"":""TargetUserName"",""#text"":""ADDC01$""},{""@Name"":""TargetDomainName"",""#text"":""TESTLAB.LOCAL""},{""@Name"":""TargetLogonId"",""#text"":""0x1CD526""},{""@Name"":""LogonType"",""#text"":""3""},{""@Name"":""LogonProcessName"",""#text"":""Kerberos""},{""@Name"":""AuthenticationPackageName"",""#text"":""Kerberos""},{""@Name"":""WorkstationName""},{""@Name"":""LogonGuid"",""#text"":""04a8889f-a446-c084-eb0e-87279c4afdf3""},{""@Name"":""TransmittedServices"",""#text"":""-""},{""@Name"":""LmPackageName"",""#text"":""-""},{""@Name"":""KeyLength"",""#text"":""0""},{""@Name"":""ProcessId"",""#text"":""0x0""},{""@Name"":""ProcessName"",""#text"":""-""},{""@Name"":""IpAddress"",""#text"":""::1""},{""@Name"":""IpPort"",""#text"":""52322""},{""@Name"":""ImpersonationLevel"",""#text"":""%%1833""},{""@Name"":""RestrictedAdminMode"",""#text"":""-""},{""@Name"":""TargetOutboundUserName"",""#text"":""-""},{""@Name"":""TargetOutboundDomainName"",""#text"":""-""},{""@Name"":""VirtualAccount"",""#text"":""%%1843""},{""@Name"":""TargetLinkedLogonId"",""#text"":""0x0""},{""@Name"":""ElevatedToken"",""#text"":""%%1842""}]}}"
"603","28091","2021-07-28 20:41:18.4623381","4634","LogAlways","Microsoft-Windows-Security-Auditing","Security","680","876","ADDC01.testlab.local","6","","An account was logged off","","","Target: TESTLAB\ADDC01$","LogonType 3","LogonId: 0x1CD526","","","","","False","C:\Users\IR\Downloads\golden.evtx","Audit success","0","{""EventData"":{""Data"":[{""@Name"":""TargetUserSid"",""#text"":""S-1-5-18""},{""@Name"":""TargetUserName"",""#text"":""ADDC01$""},{""@Name"":""TargetDomainName"",""#text"":""TESTLAB""},{""@Name"":""TargetLogonId"",""#text"":""0x1CD526""},{""@Name"":""LogonType"",""#text"":""3""}]}}"
"604","28092","2021-07-28 20:41:28.0364247","4769","LogAlways","Microsoft-Windows-Security-Auditing","Security","680","1564","ADDC01.testlab.local","6","","A Kerberos service ticket was requested","","::ffff:10.0.0.3:64618","Target: testlab.local\Administrator@testlab.local","ServiceName: ADDC01$","ServiceSid: S-1-5-21-2439045635-180506259-1748410918-1000","TicketEncryptionType: AES256-CTS-HMAC-SHA1-96","Status: KDC_ERR_NONE - No error - No errors were found.","","","False","C:\Users\IR\Downloads\golden.evtx","Audit success","0","{""EventData"":{""Data"":[{""@Name"":""TargetUserName"",""#text"":""Administrator@testlab.local""},{""@Name"":""TargetDomainName"",""#text"":""testlab.local""},{""@Name"":""ServiceName"",""#text"":""ADDC01$""},{""@Name"":""ServiceSid"",""#text"":""S-1-5-21-2439045635-180506259-1748410918-1000""},{""@Name"":""TicketOptions"",""#text"":""0x40810000""},{""@Name"":""TicketEncryptionType"",""#text"":""0x12""},{""@Name"":""IpAddress"",""#text"":""::ffff:10.0.0.3""},{""@Name"":""IpPort"",""#text"":""64618""},{""@Name"":""Status"",""#text"":""0x0""},{""@Name"":""LogonGuid"",""#text"":""04c67702-3870-e551-6f71-ffa7d12df6b2""},{""@Name"":""TransmittedServices"",""#text"":""-""}]}}"
"605","28093","2021-07-28 20:41:28.0376166","4769","LogAlways","Microsoft-Windows-Security-Auditing","Security","680","1564","ADDC01.testlab.local","6","","A Kerberos service ticket was requested","","::ffff:10.0.0.3:64619","Target: testlab.local\Administrator@testlab.local","ServiceName: krbtgt","ServiceSid: S-1-5-21-2439045635-180506259-1748410918-502","TicketEncryptionType: AES256-CTS-HMAC-SHA1-96","Status: KDC_ERR_NONE - No error - No errors were found.","","","False","C:\Users\IR\Downloads\golden.evtx","Audit success","0","{""EventData"":{""Data"":[{""@Name"":""TargetUserName"",""#text"":""Administrator@testlab.local""},{""@Name"":""TargetDomainName"",""#text"":""testlab.local""},{""@Name"":""ServiceName"",""#text"":""krbtgt""},{""@Name"":""ServiceSid"",""#text"":""S-1-5-21-2439045635-180506259-1748410918-502""},{""@Name"":""TicketOptions"",""#text"":""0x60810010""},{""@Name"":""TicketEncryptionType"",""#text"":""0x12""},{""@Name"":""IpAddress"",""#text"":""::ffff:10.0.0.3""},{""@Name"":""IpPort"",""#text"":""64619""},{""@Name"":""Status"",""#text"":""0x0""},{""@Name"":""LogonGuid"",""#text"":""04c67702-3870-e551-6f71-ffa7d12df6b2""},{""@Name"":""TransmittedServices"",""#text"":""-""}]}}"
"606","28094","2021-07-28 20:41:28.0448528","4672","LogAlways","Microsoft-Windows-Security-Auditing","Security","680","844","ADDC01.testlab.local","6","","Administrative logon","TESTLAB\Administrator (S-1-5-21-2439045635-180506259-1748410918-500)","","PrivilegeList: SeSecurityPrivilege, SeBackupPrivilege, SeRestorePrivilege, SeTakeOwnershipPrivilege, SeDebugPrivilege, SeSystemEnvironmentPrivilege, SeLoadDriverPrivilege, SeImpersonatePrivilege, SeDelegateSessionUserImpersonatePrivilege, SeEnableDelegationPrivilege","LogonId: 0x1CD5D3","","","","","","False","C:\Users\IR\Downloads\golden.evtx","Audit success","0","{""EventData"":{""Data"":[{""@Name"":""SubjectUserSid"",""#text"":""S-1-5-21-2439045635-180506259-1748410918-500""},{""@Name"":""SubjectUserName"",""#text"":""Administrator""},{""@Name"":""SubjectDomainName"",""#text"":""TESTLAB""},{""@Name"":""SubjectLogonId"",""#text"":""0x1CD5D3""},{""@Name"":""PrivilegeList"",""#text"":""SeSecurityPrivilege, SeBackupPrivilege, SeRestorePrivilege, SeTakeOwnershipPrivilege, SeDebugPrivilege, SeSystemEnvironmentPrivilege, SeLoadDriverPrivilege, SeImpersonatePrivilege, SeDelegateSessionUserImpersonatePrivilege, SeEnableDelegationPrivilege""}]}}"
"607","28095","2021-07-28 20:41:28.0449876","4624","LogAlways","Microsoft-Windows-Security-Auditing","Security","680","844","ADDC01.testlab.local","6","","Successful logon","-\-"," (-)","Target: testlab.local\Administrator","LogonType 3","LogonId: 0x1CD5D3","AuthenticationPackageName: Kerberos","LogonProcessName: Kerberos","","-","False","C:\Users\IR\Downloads\golden.evtx","Audit success","0","{""EventData"":{""Data"":[{""@Name"":""SubjectUserSid"",""#text"":""S-1-0-0""},{""@Name"":""SubjectUserName"",""#text"":""-""},{""@Name"":""SubjectDomainName"",""#text"":""-""},{""@Name"":""SubjectLogonId"",""#text"":""0x0""},{""@Name"":""TargetUserSid"",""#text"":""S-1-5-21-2439045635-180506259-1748410918-500""},{""@Name"":""TargetUserName"",""#text"":""Administrator""},{""@Name"":""TargetDomainName"",""#text"":""testlab.local""},{""@Name"":""TargetLogonId"",""#text"":""0x1CD5D3""},{""@Name"":""LogonType"",""#text"":""3""},{""@Name"":""LogonProcessName"",""#text"":""Kerberos""},{""@Name"":""AuthenticationPackageName"",""#text"":""Kerberos""},{""@Name"":""WorkstationName""},{""@Name"":""LogonGuid"",""#text"":""67f57c0f-880b-54b8-94e7-44b6527b7d3a""},{""@Name"":""TransmittedServices"",""#text"":""-""},{""@Name"":""LmPackageName"",""#text"":""-""},{""@Name"":""KeyLength"",""#text"":""0""},{""@Name"":""ProcessId"",""#text"":""0x0""},{""@Name"":""ProcessName"",""#text"":""-""},{""@Name"":""IpAddress"",""#text"":""-""},{""@Name"":""IpPort"",""#text"":""-""},{""@Name"":""ImpersonationLevel"",""#text"":""%%1840""},{""@Name"":""RestrictedAdminMode"",""#text"":""-""},{""@Name"":""TargetOutboundUserName"",""#text"":""-""},{""@Name"":""TargetOutboundDomainName"",""#text"":""-""},{""@Name"":""VirtualAccount"",""#text"":""%%1843""},{""@Name"":""TargetLinkedLogonId"",""#text"":""0x0""},{""@Name"":""ElevatedToken"",""#text"":""%%1842""}]}}"
"608","28096","2021-07-28 20:41:28.1317411","4672","LogAlways","Microsoft-Windows-Security-Auditing","Security","680","876","ADDC01.testlab.local","6","","Administrative logon","TESTLAB\Administrator (S-1-5-21-2439045635-180506259-1748410918-500)","","PrivilegeList: SeSecurityPrivilege, SeBackupPrivilege, SeRestorePrivilege, SeTakeOwnershipPrivilege, SeDebugPrivilege, SeSystemEnvironmentPrivilege, SeLoadDriverPrivilege, SeImpersonatePrivilege, SeDelegateSessionUserImpersonatePrivilege, SeEnableDelegationPrivilege","LogonId: 0x1CD888","","","","","","False","C:\Users\IR\Downloads\golden.evtx","Audit success","0","{""EventData"":{""Data"":[{""@Name"":""SubjectUserSid"",""#text"":""S-1-5-21-2439045635-180506259-1748410918-500""},{""@Name"":""SubjectUserName"",""#text"":""Administrator""},{""@Name"":""SubjectDomainName"",""#text"":""TESTLAB""},{""@Name"":""SubjectLogonId"",""#text"":""0x1CD888""},{""@Name"":""PrivilegeList"",""#text"":""SeSecurityPrivilege, SeBackupPrivilege, SeRestorePrivilege, SeTakeOwnershipPrivilege, SeDebugPrivilege, SeSystemEnvironmentPrivilege, SeLoadDriverPrivilege, SeImpersonatePrivilege, SeDelegateSessionUserImpersonatePrivilege, SeEnableDelegationPrivilege""}]}}"
"609","28097","2021-07-28 20:41:28.1318672","4624","LogAlways","Microsoft-Windows-Security-Auditing","Security","680","876","ADDC01.testlab.local","6","","Successful logon","-\-"," (-)","Target: testlab.local\Administrator","LogonType 3","LogonId: 0x1CD888","AuthenticationPackageName: Kerberos","LogonProcessName: Kerberos","","-","False","C:\Users\IR\Downloads\golden.evtx","Audit success","0","{""EventData"":{""Data"":[{""@Name"":""SubjectUserSid"",""#text"":""S-1-0-0""},{""@Name"":""SubjectUserName"",""#text"":""-""},{""@Name"":""SubjectDomainName"",""#text"":""-""},{""@Name"":""SubjectLogonId"",""#text"":""0x0""},{""@Name"":""TargetUserSid"",""#text"":""S-1-5-21-2439045635-180506259-1748410918-500""},{""@Name"":""TargetUserName"",""#text"":""Administrator""},{""@Name"":""TargetDomainName"",""#text"":""testlab.local""},{""@Name"":""TargetLogonId"",""#text"":""0x1CD888""},{""@Name"":""LogonType"",""#text"":""3""},{""@Name"":""LogonProcessName"",""#text"":""Kerberos""},{""@Name"":""AuthenticationPackageName"",""#text"":""Kerberos""},{""@Name"":""WorkstationName""},{""@Name"":""LogonGuid"",""#text"":""67f57c0f-880b-54b8-94e7-44b6527b7d3a""},{""@Name"":""TransmittedServices"",""#text"":""-""},{""@Name"":""LmPackageName"",""#text"":""-""},{""@Name"":""KeyLength"",""#text"":""0""},{""@Name"":""ProcessId"",""#text"":""0x0""},{""@Name"":""ProcessName"",""#text"":""-""},{""@Name"":""IpAddress"",""#text"":""-""},{""@Name"":""IpPort"",""#text"":""-""},{""@Name"":""ImpersonationLevel"",""#text"":""%%1840""},{""@Name"":""RestrictedAdminMode"",""#text"":""-""},{""@Name"":""TargetOutboundUserName"",""#text"":""-""},{""@Name"":""TargetOutboundDomainName"",""#text"":""-""},{""@Name"":""VirtualAccount"",""#text"":""%%1843""},{""@Name"":""TargetLinkedLogonId"",""#text"":""0x0""},{""@Name"":""ElevatedToken"",""#text"":""%%1842""}]}}"
"610","28098","2021-07-28 20:41:28.3039017","4672","LogAlways","Microsoft-Windows-Security-Auditing","Security","680","876","ADDC01.testlab.local","6","","Administrative logon","TESTLAB\Administrator (S-1-5-21-2439045635-180506259-1748410918-500)","","PrivilegeList: SeSecurityPrivilege, SeBackupPrivilege, SeRestorePrivilege, SeTakeOwnershipPrivilege, SeDebugPrivilege, SeSystemEnvironmentPrivilege, SeLoadDriverPrivilege, SeImpersonatePrivilege, SeDelegateSessionUserImpersonatePrivilege, SeEnableDelegationPrivilege","LogonId: 0x1CDC59","","","","","","False","C:\Users\IR\Downloads\golden.evtx","Audit success","0","{""EventData"":{""Data"":[{""@Name"":""SubjectUserSid"",""#text"":""S-1-5-21-2439045635-180506259-1748410918-500""},{""@Name"":""SubjectUserName"",""#text"":""Administrator""},{""@Name"":""SubjectDomainName"",""#text"":""TESTLAB""},{""@Name"":""SubjectLogonId"",""#text"":""0x1CDC59""},{""@Name"":""PrivilegeList"",""#text"":""SeSecurityPrivilege, SeBackupPrivilege, SeRestorePrivilege, SeTakeOwnershipPrivilege, SeDebugPrivilege, SeSystemEnvironmentPrivilege, SeLoadDriverPrivilege, SeImpersonatePrivilege, SeDelegateSessionUserImpersonatePrivilege, SeEnableDelegationPrivilege""}]}}"
"611","28099","2021-07-28 20:41:28.3040281","4624","LogAlways","Microsoft-Windows-Security-Auditing","Security","680","876","ADDC01.testlab.local","6","","Successful logon","-\-"," (-)","Target: testlab.local\Administrator","LogonType 3","LogonId: 0x1CDC59","AuthenticationPackageName: Kerberos","LogonProcessName: Kerberos","","-","False","C:\Users\IR\Downloads\golden.evtx","Audit success","0","{""EventData"":{""Data"":[{""@Name"":""SubjectUserSid"",""#text"":""S-1-0-0""},{""@Name"":""SubjectUserName"",""#text"":""-""},{""@Name"":""SubjectDomainName"",""#text"":""-""},{""@Name"":""SubjectLogonId"",""#text"":""0x0""},{""@Name"":""TargetUserSid"",""#text"":""S-1-5-21-2439045635-180506259-1748410918-500""},{""@Name"":""TargetUserName"",""#text"":""Administrator""},{""@Name"":""TargetDomainName"",""#text"":""testlab.local""},{""@Name"":""TargetLogonId"",""#text"":""0x1CDC59""},{""@Name"":""LogonType"",""#text"":""3""},{""@Name"":""LogonProcessName"",""#text"":""Kerberos""},{""@Name"":""AuthenticationPackageName"",""#text"":""Kerberos""},{""@Name"":""WorkstationName""},{""@Name"":""LogonGuid"",""#text"":""67f57c0f-880b-54b8-94e7-44b6527b7d3a""},{""@Name"":""TransmittedServices"",""#text"":""-""},{""@Name"":""LmPackageName"",""#text"":""-""},{""@Name"":""KeyLength"",""#text"":""0""},{""@Name"":""ProcessId"",""#text"":""0x0""},{""@Name"":""ProcessName"",""#text"":""-""},{""@Name"":""IpAddress"",""#text"":""-""},{""@Name"":""IpPort"",""#text"":""-""},{""@Name"":""ImpersonationLevel"",""#text"":""%%1840""},{""@Name"":""RestrictedAdminMode"",""#text"":""-""},{""@Name"":""TargetOutboundUserName"",""#text"":""-""},{""@Name"":""TargetOutboundDomainName"",""#text"":""-""},{""@Name"":""VirtualAccount"",""#text"":""%%1843""},{""@Name"":""TargetLinkedLogonId"",""#text"":""0x0""},{""@Name"":""ElevatedToken"",""#text"":""%%1842""}]}}"
"612","28100","2021-07-28 20:42:18.4707869","4672","LogAlways","Microsoft-Windows-Security-Auditing","Security","680","2804","ADDC01.testlab.local","6","","Administrative logon","TESTLAB\ADDC01$ (S-1-5-18)","","PrivilegeList: SeSecurityPrivilege, SeBackupPrivilege, SeRestorePrivilege, SeTakeOwnershipPrivilege, SeDebugPrivilege, SeSystemEnvironmentPrivilege, SeLoadDriverPrivilege, SeImpersonatePrivilege, SeDelegateSessionUserImpersonatePrivilege, SeEnableDelegationPrivilege","LogonId: 0x1CF5F2","","","","","","False","C:\Users\IR\Downloads\golden.evtx","Audit success","0","{""EventData"":{""Data"":[{""@Name"":""SubjectUserSid"",""#text"":""S-1-5-18""},{""@Name"":""SubjectUserName"",""#text"":""ADDC01$""},{""@Name"":""SubjectDomainName"",""#text"":""TESTLAB""},{""@Name"":""SubjectLogonId"",""#text"":""0x1CF5F2""},{""@Name"":""PrivilegeList"",""#text"":""SeSecurityPrivilege, SeBackupPrivilege, SeRestorePrivilege, SeTakeOwnershipPrivilege, SeDebugPrivilege, SeSystemEnvironmentPrivilege, SeLoadDriverPrivilege, SeImpersonatePrivilege, SeDelegateSessionUserImpersonatePrivilege, SeEnableDelegationPrivilege""}]}}"
"613","28101","2021-07-28 20:42:18.4709322","4624","LogAlways","Microsoft-Windows-Security-Auditing","Security","680","2804","ADDC01.testlab.local","6","","Successful logon","-\-"," (::1)","Target: TESTLAB.LOCAL\ADDC01$","LogonType 3","LogonId: 0x1CF5F2","AuthenticationPackageName: Kerberos","LogonProcessName: Kerberos","","-","False","C:\Users\IR\Downloads\golden.evtx","Audit success","0","{""EventData"":{""Data"":[{""@Name"":""SubjectUserSid"",""#text"":""S-1-0-0""},{""@Name"":""SubjectUserName"",""#text"":""-""},{""@Name"":""SubjectDomainName"",""#text"":""-""},{""@Name"":""SubjectLogonId"",""#text"":""0x0""},{""@Name"":""TargetUserSid"",""#text"":""S-1-5-18""},{""@Name"":""TargetUserName"",""#text"":""ADDC01$""},{""@Name"":""TargetDomainName"",""#text"":""TESTLAB.LOCAL""},{""@Name"":""TargetLogonId"",""#text"":""0x1CF5F2""},{""@Name"":""LogonType"",""#text"":""3""},{""@Name"":""LogonProcessName"",""#text"":""Kerberos""},{""@Name"":""AuthenticationPackageName"",""#text"":""Kerberos""},{""@Name"":""WorkstationName""},{""@Name"":""LogonGuid"",""#text"":""04a8889f-a446-c084-eb0e-87279c4afdf3""},{""@Name"":""TransmittedServices"",""#text"":""-""},{""@Name"":""LmPackageName"",""#text"":""-""},{""@Name"":""KeyLength"",""#text"":""0""},{""@Name"":""ProcessId"",""#text"":""0x0""},{""@Name"":""ProcessName"",""#text"":""-""},{""@Name"":""IpAddress"",""#text"":""::1""},{""@Name"":""IpPort"",""#text"":""52323""},{""@Name"":""ImpersonationLevel"",""#text"":""%%1833""},{""@Name"":""RestrictedAdminMode"",""#text"":""-""},{""@Name"":""TargetOutboundUserName"",""#text"":""-""},{""@Name"":""TargetOutboundDomainName"",""#text"":""-""},{""@Name"":""VirtualAccount"",""#text"":""%%1843""},{""@Name"":""TargetLinkedLogonId"",""#text"":""0x0""},{""@Name"":""ElevatedToken"",""#text"":""%%1842""}]}}"
"614","28102","2021-07-28 20:42:18.4721621","4634","LogAlways","Microsoft-Windows-Security-Auditing","Security","680","844","ADDC01.testlab.local","6","","An account was logged off","","","Target: TESTLAB\ADDC01$","LogonType 3","LogonId: 0x1CF5F2","","","","","False","C:\Users\IR\Downloads\golden.evtx","Audit success","0","{""EventData"":{""Data"":[{""@Name"":""TargetUserSid"",""#text"":""S-1-5-18""},{""@Name"":""TargetUserName"",""#text"":""ADDC01$""},{""@Name"":""TargetDomainName"",""#text"":""TESTLAB""},{""@Name"":""TargetLogonId"",""#text"":""0x1CF5F2""},{""@Name"":""LogonType"",""#text"":""3""}]}}"
"615","28103","2021-07-28 20:43:11.4908782","4634","LogAlways","Microsoft-Windows-Security-Auditing","Security","680","844","ADDC01.testlab.local","6","","An account was logged off","","","Target: TESTLAB\Administrator","LogonType 3","LogonId: 0x1CDC59","","","","","False","C:\Users\IR\Downloads\golden.evtx","Audit success","0","{""EventData"":{""Data"":[{""@Name"":""TargetUserSid"",""#text"":""S-1-5-21-2439045635-180506259-1748410918-500""},{""@Name"":""TargetUserName"",""#text"":""Administrator""},{""@Name"":""TargetDomainName"",""#text"":""TESTLAB""},{""@Name"":""TargetLogonId"",""#text"":""0x1CDC59""},{""@Name"":""LogonType"",""#text"":""3""}]}}"
