"4","887121","2020-07-22 20:30:12.1110000","4768","LogAlways","Microsoft-Windows-Security-Auditing","Security","568","6916","01566s-win16-ir.threebeesco.com","0","","A Kerberos authentication ticket (TGT) was requested","","172.16.66.1:55973","Target: THREEBEESCO.COM\svc_backup","ServiceName: krbtgt","ServiceSid: S-1-5-21-308926384-506822093-3341789130-502","TicketEncryptionType: AES256-CTS-HMAC-SHA1-96","Status: KDC_ERR_NONE","PreAuthType: 2","","False","C:\Users\IR\Downloads\kerberos.evtx","Audit success","0","{""EventData"":{""Data"":[{""@Name"":""TargetUserName"",""#text"":""svc_backup""},{""@Name"":""TargetDomainName"",""#text"":""THREEBEESCO.COM""},{""@Name"":""TargetSid"",""#text"":""S-1-5-21-308926384-506822093-3341789130-3001""},{""@Name"":""ServiceName"",""#text"":""krbtgt""},{""@Name"":""ServiceSid"",""#text"":""S-1-5-21-308926384-506822093-3341789130-502""},{""@Name"":""TicketOptions"",""#text"":""0x40810010""},{""@Name"":""Status"",""#text"":""0x0""},{""@Name"":""TicketEncryptionType"",""#text"":""0x12""},{""@Name"":""PreAuthType"",""#text"":""2""},{""@Name"":""IpAddress"",""#text"":""172.16.66.10""},{""@Name"":""IpPort"",""#text"":""55973""}]}}"
"5","887122","2020-07-22 20:30:15.8880000","4769","LogAlways","Microsoft-Windows-Security-Auditing","Security","568","2320","01566s-win16-ir.threebeesco.com","0","","A Kerberos service ticket was requested","","172.16.66.1:55974","Target: THREEBEESCO.COM\SYSTEM","ServiceName: ldap/dc01.threebeesco.com","ServiceSid: S-1-5-18","TicketEncryptionType: AES256-CTS-HMAC-SHA1-96","Status: 0x0","PreAuthType: -","","False","C:\Users\IR\Downloads\kerberos.evtx","Audit success","0","{""EventData"":{""Data"":[{""@Name"":""TargetUserName"",""#text"":""SYSTEM""},{""@Name"":""TargetDomainName"",""#text"":""THREEBEESCO.COM""},{""@Name"":""TargetSid"",""#text"":""S-1-5-18""},{""@Name"":""ServiceName"",""#text"":""ldap/dc01.threebeesco.com""},{""@Name"":""ServiceSid"",""#text"":""S-1-5-18""},{""@Name"":""TicketOptions"",""#text"":""0x40810000""},{""@Name"":""Status"",""#text"":""0x0""},{""@Name"":""TicketEncryptionType"",""#text"":""0x12""},{""@Name"":""IpAddress"",""#text"":""::1""},{""@Name"":""IpPort"",""#text"":""0""}]}}"
"6","887123","2020-07-22 20:31:01.0000000","4769","LogAlways","Microsoft-Windows-Security-Auditing","Security","568","1680","01566s-win16-ir.threebeesco.com","0","","A Kerberos service ticket was requested","","172.16.66.200:44810","Target: THREEBEESCO.COM\m.hacker","ServiceName: MSSQLSvc/sql01.threebeesco.com:1433","ServiceSid: S-1-5-21-308926384-506822093-3341789130-4001","TicketEncryptionType: RC4-HMAC","Status: 0x0","PreAuthType: -","","False","C:\Users\IR\Downloads\kerberos.evtx","Audit success","0","{""EventData"":{""Data"":[{""@Name"":""TargetUserName"",""#text"":""m.hacker""},{""@Name"":""TargetDomainName"",""#text"":""THREEBEESCO.COM""},{""@Name"":""TargetSid"",""#text"":""S-1-5-21-308926384-506822093-3341789130-9999""},{""@Name"":""ServiceName"",""#text"":""MSSQLSvc/sql01.threebeesco.com:1433""},{""@Name"":""ServiceSid"",""#text"":""S-1-5-21-308926384-506822093-3341789130-4001""},{""@Name"":""TicketOptions"",""#text"":""0x40810000""},{""@Name"":""Status"",""#text"":""0x0""},{""@Name"":""TicketEncryptionType"",""#text"":""0x17""},{""@Name"":""IpAddress"",""#text"":""172.16.66.200""},{""@Name"":""IpPort"",""#text"":""44810""}]}}"
"7","887124","2020-07-22 20:31:01.0500000","4769","LogAlways","Microsoft-Windows-Security-Auditing","Security","568","1680","01566s-win16-ir.threebeesco.com","0","","A Kerberos service ticket was requested","","172.16.66.200:44811","Target: THREEBEESCO.COM\m.hacker","ServiceName: MSSQLSvc/sql01.threebeesco.com:1433","ServiceSid: S-1-5-21-308926384-506822093-3341789130-4002","TicketEncryptionType: RC4-HMAC","Status: 0x0","PreAuthType: -","","False","C:\Users\IR\Downloads\kerberos.evtx","Audit success","0","{""EventData"":{""Data"":[{""@Name"":""TargetUserName"",""#text"":""m.hacker""},{""@Name"":""TargetDomainName"",""#text"":""THREEBEESCO.COM""},{""@Name"":""TargetSid"",""#text"":""S-1-5-21-308926384-506822093-3341789130-9999""},{""@Name"":""ServiceName"",""#text"":""MSSQLSvc/sql01.threebeesco.com:1433""},{""@Name"":""ServiceSid"",""#text"":""S-1-5-21-308926384-506822093-3341789130-4002""},{""@Name"":""TicketOptions"",""#text"":""0x40810000""},{""@Name"":""Status"",""#text"":""0x0""},{""@Name"":""TicketEncryptionType"",""#text"":""0x17""},{""@Name"":""IpAddress"",""#text"":""172.16.66.200""},{""@Name"":""IpPort"",""#text"":""44811""}]}}"
"8","887125","2020-07-22 20:31:01.1000000","4769","LogAlways","Microsoft-Windows-Security-Auditing","Security","568","1680","01566s-win16-ir.threebeesco.com","0","","A Kerberos service ticket was requested","","172.16.66.200:44812","Target: THREEBEESCO.COM\m.hacker","ServiceName: HTTP/web01.threebeesco.com","ServiceSid: S-1-5-21-308926384-506822093-3341789130-4003","TicketEncryptionType: RC4-HMAC","Status: 0x0","PreAuthType: -","","False","C:\Users\IR\Downloads\kerberos.evtx","Audit success","0","{""EventData"":{""Data"":[{""@Name"":""TargetUserName"",""#text"":""m.hacker""},{""@Name"":""TargetDomainName"",""#text"":""THREEBEESCO.COM""},{""@Name"":""TargetSid"",""#text"":""S-1-5-21-308926384-506822093-3341789130-9999""},{""@Name"":""ServiceName"",""#text"":""HTTP/web01.threebeesco.com""},{""@Name"":""ServiceSid"",""#text"":""S-1-5-21-308926384-506822093-3341789130-4003""},{""@Name"":""TicketOptions"",""#text"":""0x40810000""},{""@Name"":""Status"",""#text"":""0x0""},{""@Name"":""TicketEncryptionType"",""#text"":""0x17""},{""@Name"":""IpAddress"",""#text"":""172.16.66.200""},{""@Name"":""IpPort"",""#text"":""44812""}]}}"
"9","887126","2020-07-22 20:31:01.1500000","4769","LogAlways","Microsoft-Windows-Security-Auditing","Security","568","1680","01566s-win16-ir.threebeesco.com","0","","A Kerberos service ticket was requested","","172.16.66.200:44813","Target: THREEBEESCO.COM\m.hacker","ServiceName: BackupExec/backup01","ServiceSid: S-1-5-21-308926384-506822093-3341789130-4004","TicketEncryptionType: RC4-HMAC","Status: 0x0","PreAuthType: -","","False","C:\Users\IR\Downloads\kerberos.evtx","Audit success","0","{""EventData"":{""Data"":[{""@Name"":""TargetUserName"",""#text"":""m.hacker""},{""@Name"":""TargetDomainName"",""#text"":""THREEBEESCO.COM""},{""@Name"":""TargetSid"",""#text"":""S-1-5-21-308926384-506822093-3341789130-9999""},{""@Name"":""ServiceName"",""#text"":""BackupExec/backup01""},{""@Name"":""ServiceSid"",""#text"":""S-1-5-21-308926384-506822093-3341789130-4004""},{""@Name"":""TicketOptions"",""#text"":""0x40810000""},{""@Name"":""Status"",""#text"":""0x0""},{""@Name"":""TicketEncryptionType"",""#text"":""0x17""},{""@Name"":""IpAddress"",""#text"":""172.16.66.200""},{""@Name"":""IpPort"",""#text"":""44813""}]}}"
"10","887127","2020-07-22 20:31:01.2000000","4769","LogAlways","Microsoft-Windows-Security-Auditing","Security","568","1680","01566s-win16-ir.threebeesco.com","0","","A Kerberos service ticket was requested","","172.16.66.200:44814","Target: THREEBEESCO.COM\m.hacker","ServiceName: VNC/term01.threebeesco.com","ServiceSid: S-1-5-21-308926384-506822093-3341789130-4005","TicketEncryptionType: RC4-HMAC","Status: 0x0","PreAuthType: -","","False","C:\Users\IR\Downloads\kerberos.evtx","Audit success","0","{""EventData"":{""Data"":[{""@Name"":""TargetUserName"",""#text"":""m.hacker""},{""@Name"":""TargetDomainName"",""#text"":""THREEBEESCO.COM""},{""@Name"":""TargetSid"",""#text"":""S-1-5-21-308926384-506822093-3341789130-9999""},{""@Name"":""ServiceName"",""#text"":""VNC/term01.threebeesco.com""},{""@Name"":""ServiceSid"",""#text"":""S-1-5-21-308926384-506822093-3341789130-4005""},{""@Name"":""TicketOptions"",""#text"":""0x40810000""},{""@Name"":""Status"",""#text"":""0x0""},{""@Name"":""TicketEncryptionType"",""#text"":""0x17""},{""@Name"":""IpAddress"",""#text"":""172.16.66.200""},{""@Name"":""IpPort"",""#text"":""44814""}]}}"
"11","887128","2020-07-22 20:31:01.2500000","4769","LogAlways","Microsoft-Windows-Security-Auditing","Security","568","1680","01566s-win16-ir.threebeesco.com","0","","A Kerberos service ticket was requested","","172.16.66.200:44815","Target: THREEBEESCO.COM\m.hacker","ServiceName: Oracle/db02.threebeesco.com","ServiceSid: S-1-5-21-308926384-506822093-3341789130-4006","TicketEncryptionType: RC4-HMAC","Status: 0x0","PreAuthType: -","","False","C:\Users\IR\Downloads\kerberos.evtx","Audit success","0","{""EventData"":{""Data"":[{""@Name"":""TargetUserName"",""#text"":""m.hacker""},{""@Name"":""TargetDomainName"",""#text"":""THREEBEESCO.COM""},{""@Name"":""TargetSid"",""#text"":""S-1-5-21-308926384-506822093-3341789130-9999""},{""@Name"":""ServiceName"",""#text"":""Oracle/db02.threebeesco.com""},{""@Name"":""ServiceSid"",""#text"":""S-1-5-21-308926384-506822093-3341789130-4006""},{""@Name"":""TicketOptions"",""#text"":""0x40810000""},{""@Name"":""Status"",""#text"":""0x0""},{""@Name"":""TicketEncryptionType"",""#text"":""0x17""},{""@Name"":""IpAddress"",""#text"":""172.16.66.200""},{""@Name"":""IpPort"",""#text"":""44815""}]}}"
"12","887129","2020-07-22 20:31:01.3000000","4769","LogAlways","Microsoft-Windows-Security-Auditing","Security","568","1680","01566s-win16-ir.threebeesco.com","0","","A Kerberos service ticket was requested","","172.16.66.200:44816","Target: THREEBEESCO.COM\m.hacker","ServiceName: SharePoint/sp01","ServiceSid: S-1-5-21-308926384-506822093-3341789130-4007","TicketEncryptionType: RC4-HMAC","Status: 0x0","PreAuthType: -","","False","C:\Users\IR\Downloads\kerberos.evtx","Audit success","0","{""EventData"":{""Data"":[{""@Name"":""TargetUserName"",""#text"":""m.hacker""},{""@Name"":""TargetDomainName"",""#text"":""THREEBEESCO.COM""},{""@Name"":""TargetSid"",""#text"":""S-1-5-21-308926384-506822093-3341789130-9999""},{""@Name"":""ServiceName"",""#text"":""SharePoint/sp01""},{""@Name"":""ServiceSid"",""#text"":""S-1-5-21-308926384-506822093-3341789130-4007""},{""@Name"":""TicketOptions"",""#text"":""0x40810000""},{""@Name"":""Status"",""#text"":""0x0""},{""@Name"":""TicketEncryptionType"",""#text"":""0x17""},{""@Name"":""IpAddress"",""#text"":""172.16.66.200""},{""@Name"":""IpPort"",""#text"":""44816""}]}}"
"13","887130","2020-07-22 20:31:01.3500000","4769","LogAlways","Microsoft-Windows-Security-Auditing","Security","568","1680","01566s-win16-ir.threebeesco.com","0","","A Kerberos service ticket was requested","","172.16.66.200:44817","Target: THREEBEESCO.COM\m.hacker","ServiceName: Tomcat/app02","ServiceSid: S-1-5-21-308926384-506822093-3341789130-4008","TicketEncryptionType: RC4-HMAC","Status: 0x0","PreAuthType: -","","False","C:\Users\IR\Downloads\kerberos.evtx","Audit success","0","{""EventData"":{""Data"":[{""@Name"":""TargetUserName"",""#text"":""m.hacker""},{""@Name"":""TargetDomainName"",""#text"":""THREEBEESCO.COM""},{""@Name"":""TargetSid"",""#text"":""S-1-5-21-308926384-506822093-3341789130-9999""},{""@Name"":""ServiceName"",""#text"":""Tomcat/app02""},{""@Name"":""ServiceSid"",""#text"":""S-1-5-21-308926384-506822093-3341789130-4008""},{""@Name"":""TicketOptions"",""#text"":""0x40810000""},{""@Name"":""Status"",""#text"":""0x0""},{""@Name"":""TicketEncryptionType"",""#text"":""0x17""},{""@Name"":""IpAddress"",""#text"":""172.16.66.200""},{""@Name"":""IpPort"",""#text"":""44817""}]}}"
"14","887131","2020-07-22 20:31:01.4000000","4769","LogAlways","Microsoft-Windows-Security-Auditing","Security","568","1680","01566s-win16-ir.threebeesco.com","0","","A Kerberos service ticket was requested","","172.16.66.200:44818","Target: THREEBEESCO.COM\m.hacker","ServiceName: CIFS/fileserver01","ServiceSid: S-1-5-21-308926384-506822093-3341789130-4009","TicketEncryptionType: RC4-HMAC","Status: 0x0","PreAuthType: -","","False","C:\Users\IR\Downloads\kerberos.evtx","Audit success","0","{""EventData"":{""Data"":[{""@Name"":""TargetUserName"",""#text"":""m.hacker""},{""@Name"":""TargetDomainName"",""#text"":""THREEBEESCO.COM""},{""@Name"":""TargetSid"",""#text"":""S-1-5-21-308926384-506822093-3341789130-9999""},{""@Name"":""ServiceName"",""#text"":""CIFS/fileserver01""},{""@Name"":""ServiceSid"",""#text"":""S-1-5-21-308926384-506822093-3341789130-4009""},{""@Name"":""TicketOptions"",""#text"":""0x40810000""},{""@Name"":""Status"",""#text"":""0x0""},{""@Name"":""TicketEncryptionType"",""#text"":""0x17""},{""@Name"":""IpAddress"",""#text"":""172.16.66.200""},{""@Name"":""IpPort"",""#text"":""44818""}]}}"
"15","887132","2020-07-22 20:31:01.4500000","4769","LogAlways","Microsoft-Windows-Security-Auditing","Security","568","1680","01566s-win16-ir.threebeesco.com","0","","A Kerberos service ticket was requested","","172.16.66.200:44819","Target: THREEBEESCO.COM\m.hacker","ServiceName: SMTP/mail01","ServiceSid: S-1-5-21-308926384-506822093-3341789130-4010","TicketEncryptionType: RC4-HMAC","Status: 0x0","PreAuthType: -","","False","C:\Users\IR\Downloads\kerberos.evtx","Audit success","0","{""EventData"":{""Data"":[{""@Name"":""TargetUserName"",""#text"":""m.hacker""},{""@Name"":""TargetDomainName"",""#text"":""THREEBEESCO.COM""},{""@Name"":""TargetSid"",""#text"":""S-1-5-21-308926384-506822093-3341789130-9999""},{""@Name"":""ServiceName"",""#text"":""SMTP/mail01""},{""@Name"":""ServiceSid"",""#text"":""S-1-5-21-308926384-506822093-3341789130-4010""},{""@Name"":""TicketOptions"",""#text"":""0x40810000""},{""@Name"":""Status"",""#text"":""0x0""},{""@Name"":""TicketEncryptionType"",""#text"":""0x17""},{""@Name"":""IpAddress"",""#text"":""172.16.66.200""},{""@Name"":""IpPort"",""#text"":""44819""}]}}"
"16","887133","2020-07-22 20:35:05.1120000","4771","LogAlways","Microsoft-Windows-Security-Auditing","Security","568","3384","01566s-win16-ir.threebeesco.com","0","","Kerberos pre-authentication failed","","172.16.66.1:55980","Target: Administrator","ServiceName: krbtgt/THREEBEESCO.COM","Status: KDC_ERR_PREAUTH_FAILED","PreAuthType: 2","","False","C:\Users\IR\Downloads\kerberos.evtx","Audit failure","0","{""EventData"":{""Data"":[{""@Name"":""TargetUserName"",""#text"":""Administrator""},{""@Name"":""TargetSid"",""#text"":""S-1-5-21-308926384-506822093-3341789130-500""},{""@Name"":""ServiceName"",""#text"":""krbtgt/THREEBEESCO.COM""},{""@Name"":""TicketOptions"",""#text"":""0x40810010""},{""@Name"":""Status"",""#text"":""0x18""},{""@Name"":""PreAuthType"",""#text"":""2""},{""@Name"":""IpAddress"",""#text"":""172.16.66.10""},{""@Name"":""IpPort"",""#text"":""55980""}]}}",,
"17","887134","2020-07-22 20:36:10.2220000","4768","LogAlways","Microsoft-Windows-Security-Auditing","Security","568","2356","01566s-win16-ir.threebeesco.com","0","","A Kerberos authentication ticket (TGT) was requested","","172.16.66.1:55981","Target: THREEBEESCO.COM\Administrator","ServiceName: krbtgt","ServiceSid: S-1-5-21-308926384-506822093-3341789130-500","TicketEncryptionType: AES256-CTS-HMAC-SHA1-96","Status: KDC_ERR_NONE","PreAuthType: 2","","False","C:\Users\IR\Downloads\kerberos.evtx","Audit success","0","{""EventData"":{""Data"":[{""@Name"":""TargetUserName"",""#text"":""Administrator""},{""@Name"":""TargetDomainName"",""#text"":""THREEBEESCO.COM""},{""@Name"":""TargetSid"",""#text"":""S-1-5-21-308926384-506822093-3341789130-500""},{""@Name"":""ServiceName"",""#text"":""krbtgt""},{""@Name"":""ServiceSid"",""#text"":""S-1-5-21-308926384-506822093-3341789130-502""},{""@Name"":""TicketOptions"",""#text"":""0x40810010""},{""@Name"":""Status"",""#text"":""0x0""},{""@Name"":""TicketEncryptionType"",""#text"":""0x12""},{""@Name"":""PreAuthType"",""#text"":""2""},{""@Name"":""IpAddress"",""#text"":""172.16.66.10""},{""@Name"":""IpPort"",""#text"":""55981""}]}}"
"18","887135","2020-07-22 20:38:22.3330000","4769","LogAlways","Microsoft-Windows-Security-Auditing","Security","568","4856","01566s-win16-ir.threebeesco.com","0","","A Kerberos service ticket was requested","","172.16.66.1:55982","Target: THREEBEESCO.COM\WIN-WEB01$","ServiceName: cifs/WIN-WEB01","ServiceSid: S-1-5-21-308926384-506822093-3341789130-2010","TicketEncryptionType: AES256-CTS-HMAC-SHA1-96","Status: 0x0","PreAuthType: -","","False","C:\Users\IR\Downloads\kerberos.evtx","Audit success","0","{""EventData"":{""Data"":[{""@Name"":""TargetUserName"",""#text"":""WIN-WEB01$""},{""@Name"":""TargetDomainName"",""#text"":""THREEBEESCO.COM""},{""@Name"":""TargetSid"",""#text"":""S-1-5-21-308926384-506822093-3341789130-2010""},{""@Name"":""ServiceName"",""#text"":""cifs/WIN-WEB01""},{""@Name"":""ServiceSid"",""#text"":""S-1-5-21-308926384-506822093-3341789130-2010""},{""@Name"":""TicketOptions"",""#text"":""0x40810000""},{""@Name"":""Status"",""#text"":""0x0""},{""@Name"":""TicketEncryptionType"",""#text"":""0x12""},{""@Name"":""IpAddress"",""#text"":""172.16.66.60""},{""@Name"":""IpPort"",""#text"":""55982""}]}}"
"19","887136","2020-07-22 20:40:44.4440000","4769","LogAlways","Microsoft-Windows-Security-Auditing","Security","568","6916","01566s-win16-ir.threebeesco.com","0","","A Kerberos service ticket was requested","","172.16.66.1:55983","Target: THREEBEESCO.COM\WIN-SQL01$","ServiceName: host/WIN-SQL01","ServiceSid: S-1-5-21-308926384-506822093-3341789130-2015","TicketEncryptionType: AES256-CTS-HMAC-SHA1-96","Status: 0x0","PreAuthType: -","","False","C:\Users\IR\Downloads\kerberos.evtx","Audit success","0","{""EventData"":{""Data"":[{""@Name"":""TargetUserName"",""#text"":""WIN-SQL01$""},{""@Name"":""TargetDomainName"",""#text"":""THREEBEESCO.COM""},{""@Name"":""TargetSid"",""#text"":""S-1-5-21-308926384-506822093-3341789130-2015""},{""@Name"":""ServiceName"",""#text"":""host/WIN-SQL01""},{""@Name"":""ServiceSid"",""#text"":""S-1-5-21-308926384-506822093-3341789130-2015""},{""@Name"":""TicketOptions"",""#text"":""0x40810000""},{""@Name"":""Status"",""#text"":""0x0""},{""@Name"":""TicketEncryptionType"",""#text"":""0x12""},{""@Name"":""IpAddress"",""#text"":""172.16.66.61""},{""@Name"":""IpPort"",""#text"":""55983""}]}}"
"20","887137","2020-07-22 20:42:01.5550000","4768","LogAlways","Microsoft-Windows-Security-Auditing","Security","568","2320","01566s-win16-ir.threebeesco.com","0","","A Kerberos authentication ticket (TGT) was requested","","172.16.66.1:55984","Target: THREEBEESCO.COM\audit_svc","ServiceName: krbtgt","ServiceSid: S-1-5-21-308926384-506822093-3341789130-502","TicketEncryptionType: AES256-CTS-HMAC-SHA1-96","Status: KDC_ERR_NONE","PreAuthType: 2","","False","C:\Users\IR\Downloads\kerberos.evtx","Audit success","0","{""EventData"":{""Data"":[{""@Name"":""TargetUserName"",""#text"":""audit_svc""},{""@Name"":""TargetDomainName"",""#text"":""THREEBEESCO.COM""},{""@Name"":""TargetSid"",""#text"":""S-1-5-21-308926384-506822093-3341789130-3020""},{""@Name"":""ServiceName"",""#text"":""krbtgt""},{""@Name"":""ServiceSid"",""#text"":""S-1-5-21-308926384-506822093-3341789130-502""},{""@Name"":""TicketOptions"",""#text"":""0x40810010""},{""@Name"":""Status"",""#text"":""0x0""},{""@Name"":""TicketEncryptionType"",""#text"":""0x12""},{""@Name"":""PreAuthType"",""#text"":""2""},{""@Name"":""IpAddress"",""#text"":""172.16.66.15""},{""@Name"":""IpPort"",""#text"":""55984""}]}}"
