"329","27817","2021-07-28 20:08:09.1000653","4634","LogAlways","Microsoft-Windows-Security-Auditing","Security","680","1796","ADDC01.testlab.local","3","","An account was logged off","","","Target: TESTLAB\ADDC01$","LogonType 3","LogonId: 0x1893EA","","","","","False","C:\Users\IR\Downloads\golden.evtx","Audit success","0","{""EventData"":{""Data"":[{""@Name"":""TargetUserSid"",""#text"":""S-1-5-18""},{""@Name"":""TargetUserName"",""#text"":""ADDC01$""},{""@Name"":""TargetDomainName"",""#text"":""TESTLAB""},{""@Name"":""TargetLogonId"",""#text"":""0x1893EA""},{""@Name"":""LogonType"",""#text"":""3""}]}}"
"330","27818","2021-07-28 20:09:09.1213463","4672","LogAlways","Microsoft-Windows-Security-Auditing","Security","680","1564","ADDC01.testlab.local","3","","Administrative logon","TESTLAB\ADDC01$ (S-1-5-18)","","PrivilegeList: SeSecurityPrivilege, SeBackupPrivilege, SeRestorePrivilege, SeTakeOwnershipPrivilege, SeDebugPrivilege, SeSystemEnvironmentPrivilege, SeLoadDriverPrivilege, SeImpersonatePrivilege, SeDelegateSessionUserImpersonatePrivilege, SeEnableDelegationPrivilege","LogonId: 0x18AAE8","","","","","","False","C:\Users\IR\Downloads\golden.evtx","Audit success","0","{""EventData"":{""Data"":[{""@Name"":""SubjectUserSid"",""#text"":""S-1-5-18""},{""@Name"":""SubjectUserName"",""#text"":""ADDC01$""},{""@Name"":""SubjectDomainName"",""#text"":""TESTLAB""},{""@Name"":""SubjectLogonId"",""#text"":""0x18AAE8""},{""@Name"":""PrivilegeList"",""#text"":""SeSecurityPrivilege, SeBackupPrivilege, SeRestorePrivilege, SeTakeOwnershipPrivilege, SeDebugPrivilege, SeSystemEnvironmentPrivilege, SeLoadDriverPrivilege, SeImpersonatePrivilege, SeDelegateSessionUserImpersonatePrivilege, SeEnableDelegationPrivilege""}]}}"
"331","27819","2021-07-28 20:09:09.1214288","4624","LogAlways","Microsoft-Windows-Security-Auditing","Security","680","1564","ADDC01.testlab.local","3","","Successful logon","-\-"," (::1)","Target: TESTLAB.LOCAL\ADDC01$","LogonType 3","LogonId: 0x18AAE8","AuthenticationPackageName: Kerberos","LogonProcessName: Kerberos","","-","False","C:\Users\IR\Downloads\golden.evtx","Audit success","0","{""EventData"":{""Data"":[{""@Name"":""SubjectUserSid"",""#text"":""S-1-0-0""},{""@Name"":""SubjectUserName"",""#text"":""-""},{""@Name"":""SubjectDomainName"",""#text"":""-""},{""@Name"":""SubjectLogonId"",""#text"":""0x0""},{""@Name"":""TargetUserSid"",""#text"":""S-1-5-18""},{""@Name"":""TargetUserName"",""#text"":""ADDC01$""},{""@Name"":""TargetDomainName"",""#text"":""TESTLAB.LOCAL""},{""@Name"":""TargetLogonId"",""#text"":""0x18AAE8""},{""@Name"":""LogonType"",""#text"":""3""},{""@Name"":""LogonProcessName"",""#text"":""Kerberos""},{""@Name"":""AuthenticationPackageName"",""#text"":""Kerberos""},{""@Name"":""WorkstationName""},{""@Name"":""LogonGuid"",""#text"":""04a8889f-a446-c084-eb0e-87279c4afdf3""},{""@Name"":""TransmittedServices"",""#text"":""-""},{""@Name"":""LmPackageName"",""#text"":""-""},{""@Name"":""KeyLength"",""#text"":""0""},{""@Name"":""ProcessId"",""#text"":""0x0""},{""@Name"":""ProcessName"",""#text"":""-""},{""@Name"":""IpAddress"",""#text"":""::1""},{""@Name"":""IpPort"",""#text"":""52214""},{""@Name"":""ImpersonationLevel"",""#text"":""%%1833""},{""@Name"":""RestrictedAdminMode"",""#text"":""-""},{""@Name"":""TargetOutboundUserName"",""#text"":""-""},{""@Name"":""TargetOutboundDomainName"",""#text"":""-""},{""@Name"":""VirtualAccount"",""#text"":""%%1843""},{""@Name"":""TargetLinkedLogonId"",""#text"":""0x0""},{""@Name"":""ElevatedToken"",""#text"":""%%1842""}]}}"
"332","27820","2021-07-28 20:09:09.1225860","4634","LogAlways","Microsoft-Windows-Security-Auditing","Security","680","876","ADDC01.testlab.local","3","","An account was logged off","","","Target: TESTLAB\ADDC01$","LogonType 3","LogonId: 0x18AAE8","","","","","False","C:\Users\IR\Downloads\golden.evtx","Audit success","0","{""EventData"":{""Data"":[{""@Name"":""TargetUserSid"",""#text"":""S-1-5-18""},{""@Name"":""TargetUserName"",""#text"":""ADDC01$""},{""@Name"":""TargetDomainName"",""#text"":""TESTLAB""},{""@Name"":""TargetLogonId"",""#text"":""0x18AAE8""},{""@Name"":""LogonType"",""#text"":""3""}]}}"
"333","27821","2021-07-28 20:09:14.6801231","4672","LogAlways","Microsoft-Windows-Security-Auditing","Security","680","1564","ADDC01.testlab.local","3","","Administrative logon","TESTLAB\ADDC01$ (S-1-5-18)","","PrivilegeList: SeSecurityPrivilege, SeBackupPrivilege, SeRestorePrivilege, SeTakeOwnershipPrivilege, SeDebugPrivilege, SeSystemEnvironmentPrivilege, SeLoadDriverPrivilege, SeImpersonatePrivilege, SeDelegateSessionUserImpersonatePrivilege, SeEnableDelegationPrivilege","LogonId: 0x18AC79","","","","","","False","C:\Users\IR\Downloads\golden.evtx","Audit success","0","{""EventData"":{""Data"":[{""@Name"":""SubjectUserSid"",""#text"":""S-1-5-18""},{""@Name"":""SubjectUserName"",""#text"":""ADDC01$""},{""@Name"":""SubjectDomainName"",""#text"":""TESTLAB""},{""@Name"":""SubjectLogonId"",""#text"":""0x18AC79""},{""@Name"":""PrivilegeList"",""#text"":""SeSecurityPrivilege, SeBackupPrivilege, SeRestorePrivilege, SeTakeOwnershipPrivilege, SeDebugPrivilege, SeSystemEnvironmentPrivilege, SeLoadDriverPrivilege, SeImpersonatePrivilege, SeDelegateSessionUserImpersonatePrivilege, SeEnableDelegationPrivilege""}]}}"
"334","27822","2021-07-28 20:09:14.6802750","4624","LogAlways","Microsoft-Windows-Security-Auditing","Security","680","1564","ADDC01.testlab.local","3","","Successful logon","-\-"," (fe80::492:2bcc:f5ff:fffd)","Target: TESTLAB.LOCAL\ADDC01$","LogonType 3","LogonId: 0x18AC79","AuthenticationPackageName: Kerberos","LogonProcessName: Kerberos","","-","False","C:\Users\IR\Downloads\golden.evtx","Audit success","0","{""EventData"":{""Data"":[{""@Name"":""SubjectUserSid"",""#text"":""S-1-0-0""},{""@Name"":""SubjectUserName"",""#text"":""-""},{""@Name"":""SubjectDomainName"",""#text"":""-""},{""@Name"":""SubjectLogonId"",""#text"":""0x0""},{""@Name"":""TargetUserSid"",""#text"":""S-1-5-18""},{""@Name"":""TargetUserName"",""#text"":""ADDC01$""},{""@Name"":""TargetDomainName"",""#text"":""TESTLAB.LOCAL""},{""@Name"":""TargetLogonId"",""#text"":""0x18AC79""},{""@Name"":""LogonType"",""#text"":""3""},{""@Name"":""LogonProcessName"",""#text"":""Kerberos""},{""@Name"":""AuthenticationPackageName"",""#text"":""Kerberos""},{""@Name"":""WorkstationName""},{""@Name"":""LogonGuid"",""#text"":""04a8889f-a446-c084-eb0e-87279c4afdf3""},{""@Name"":""TransmittedServices"",""#text"":""-""},{""@Name"":""LmPackageName"",""#text"":""-""},{""@Name"":""KeyLength"",""#text"":""0""},{""@Name"":""ProcessId"",""#text"":""0x0""},{""@Name"":""ProcessName"",""#text"":""-""},{""@Name"":""IpAddress"",""#text"":""fe80::492:2bcc:f5ff:fffd""},{""@Name"":""IpPort"",""#text"":""52216""},{""@Name"":""ImpersonationLevel"",""#text"":""%%1833""},{""@Name"":""RestrictedAdminMode"",""#text"":""-""},{""@Name"":""TargetOutboundUserName"",""#text"":""-""},{""@Name"":""TargetOutboundDomainName"",""#text"":""-""},{""@Name"":""VirtualAccount"",""#text"":""%%1843""},{""@Name"":""TargetLinkedLogonId"",""#text"":""0x0""},{""@Name"":""ElevatedToken"",""#text"":""%%1842""}]}}"
"335","27823","2021-07-28 20:09:14.6858737","4634","LogAlways","Microsoft-Windows-Security-Auditing","Security","680","876","ADDC01.testlab.local","3","","An account was logged off","","","Target: TESTLAB\ADDC01$","LogonType 3","LogonId: 0x18AC79","","","","","False","C:\Users\IR\Downloads\golden.evtx","Audit success","0","{""EventData"":{""Data"":[{""@Name"":""TargetUserSid"",""#text"":""S-1-5-18""},{""@Name"":""TargetUserName"",""#text"":""ADDC01$""},{""@Name"":""TargetDomainName"",""#text"":""TESTLAB""},{""@Name"":""TargetLogonId"",""#text"":""0x18AC79""},{""@Name"":""LogonType"",""#text"":""3""}]}}"
"336","27824","2021-07-28 20:09:14.6880530","4672","LogAlways","Microsoft-Windows-Security-Auditing","Security","680","2804","ADDC01.testlab.local","3","","Administrative logon","TESTLAB\ADDC01$ (S-1-5-18)","","PrivilegeList: SeSecurityPrivilege, SeBackupPrivilege, SeRestorePrivilege, SeTakeOwnershipPrivilege, SeDebugPrivilege, SeSystemEnvironmentPrivilege, SeLoadDriverPrivilege, SeImpersonatePrivilege, SeDelegateSessionUserImpersonatePrivilege, SeEnableDelegationPrivilege","LogonId: 0x18ACE2","","","","","","False","C:\Users\IR\Downloads\golden.evtx","Audit success","0","{""EventData"":{""Data"":[{""@Name"":""SubjectUserSid"",""#text"":""S-1-5-18""},{""@Name"":""SubjectUserName"",""#text"":""ADDC01$""},{""@Name"":""SubjectDomainName"",""#text"":""TESTLAB""},{""@Name"":""SubjectLogonId"",""#text"":""0x18ACE2""},{""@Name"":""PrivilegeList"",""#text"":""SeSecurityPrivilege, SeBackupPrivilege, SeRestorePrivilege, SeTakeOwnershipPrivilege, SeDebugPrivilege, SeSystemEnvironmentPrivilege, SeLoadDriverPrivilege, SeImpersonatePrivilege, SeDelegateSessionUserImpersonatePrivilege, SeEnableDelegationPrivilege""}]}}"
"337","27825","2021-07-28 20:09:14.6881514","4624","LogAlways","Microsoft-Windows-Security-Auditing","Security","680","2804","ADDC01.testlab.local","3","","Successful logon","-\-"," (fe80::492:2bcc:f5ff:fffd)","Target: TESTLAB.LOCAL\ADDC01$","LogonType 3","LogonId: 0x18ACE2","AuthenticationPackageName: Kerberos","LogonProcessName: Kerberos","","-","False","C:\Users\IR\Downloads\golden.evtx","Audit success","0","{""EventData"":{""Data"":[{""@Name"":""SubjectUserSid"",""#text"":""S-1-0-0""},{""@Name"":""SubjectUserName"",""#text"":""-""},{""@Name"":""SubjectDomainName"",""#text"":""-""},{""@Name"":""SubjectLogonId"",""#text"":""0x0""},{""@Name"":""TargetUserSid"",""#text"":""S-1-5-18""},{""@Name"":""TargetUserName"",""#text"":""ADDC01$""},{""@Name"":""TargetDomainName"",""#text"":""TESTLAB.LOCAL""},{""@Name"":""TargetLogonId"",""#text"":""0x18ACE2""},{""@Name"":""LogonType"",""#text"":""3""},{""@Name"":""LogonProcessName"",""#text"":""Kerberos""},{""@Name"":""AuthenticationPackageName"",""#text"":""Kerberos""},{""@Name"":""WorkstationName""},{""@Name"":""LogonGuid"",""#text"":""04a8889f-a446-c084-eb0e-87279c4afdf3""},{""@Name"":""TransmittedServices"",""#text"":""-""},{""@Name"":""LmPackageName"",""#text"":""-""},{""@Name"":""KeyLength"",""#text"":""0""},{""@Name"":""ProcessId"",""#text"":""0x0""},{""@Name"":""ProcessName"",""#text"":""-""},{""@Name"":""IpAddress"",""#text"":""fe80::492:2bcc:f5ff:fffd""},{""@Name"":""IpPort"",""#text"":""52217""},{""@Name"":""ImpersonationLevel"",""#text"":""%%1833""},{""@Name"":""RestrictedAdminMode"",""#text"":""-""},{""@Name"":""TargetOutboundUserName"",""#text"":""-""},{""@Name"":""TargetOutboundDomainName"",""#text"":""-""},{""@Name"":""VirtualAccount"",""#text"":""%%1843""},{""@Name"":""TargetLinkedLogonId"",""#text"":""0x0""},{""@Name"":""ElevatedToken"",""#text"":""%%1842""}]}}"
"338","27826","2021-07-28 20:09:14.6940428","4634","LogAlways","Microsoft-Windows-Security-Auditing","Security","680","732","ADDC01.testlab.local","3","","An account was logged off","","","Target: TESTLAB\ADDC01$","LogonType 3","LogonId: 0x18ACE2","","","","","False","C:\Users\IR\Downloads\golden.evtx","Audit success","0","{""EventData"":{""Data"":[{""@Name"":""TargetUserSid"",""#text"":""S-1-5-18""},{""@Name"":""TargetUserName"",""#text"":""ADDC01$""},{""@Name"":""TargetDomainName"",""#text"":""TESTLAB""},{""@Name"":""TargetLogonId"",""#text"":""0x18ACE2""},{""@Name"":""LogonType"",""#text"":""3""}]}}"
"339","27827","2021-07-28 20:09:27.2012431","4616","LogAlways","Microsoft-Windows-Security-Auditing","Security","4","164","ADDC01.testlab.local","3","","The system time was changed","NT AUTHORITY\LOCAL SERVICE (S-1-5-19)","","PreviousTime: 2021-07-28 20:09:18.1419625","NewTime: 2021-07-28 20:09:27.2060000","LogonId: 0x3E5","","","","C:\Windows\System32\svchost.exe","False","C:\Users\IR\Downloads\golden.evtx","Audit success","0","{""EventData"":{""Data"":[{""@Name"":""SubjectUserSid"",""#text"":""S-1-5-19""},{""@Name"":""SubjectUserName"",""#text"":""LOCAL SERVICE""},{""@Name"":""SubjectDomainName"",""#text"":""NT AUTHORITY""},{""@Name"":""SubjectLogonId"",""#text"":""0x3E5""},{""@Name"":""PreviousTime"",""#text"":""2021-07-28 20:09:18.1419625""},{""@Name"":""NewTime"",""#text"":""2021-07-28 20:09:27.2060000""},{""@Name"":""ProcessId"",""#text"":""0x460""},{""@Name"":""ProcessName"",""#text"":""C:\\Windows\\System32\\svchost.exe""}]}}"
"340","27828","2021-07-28 20:09:27.2537612","4769","LogAlways","Microsoft-Windows-Security-Auditing","Security","680","1564","ADDC01.testlab.local","3","","A Kerberos service ticket was requested","","::ffff:10.0.0.3:64598","Target: TESTLAB.LOCAL\WIN10CLIENT$@TESTLAB.LOCAL","ServiceName: ADDC01$","ServiceSid: S-1-5-21-2439045635-180506259-1748410918-1000","TicketEncryptionType: AES256-CTS-HMAC-SHA1-96","Status: KDC_ERR_NONE - No error - No errors were found.","","","False","C:\Users\IR\Downloads\golden.evtx","Audit success","0","{""EventData"":{""Data"":[{""@Name"":""TargetUserName"",""#text"":""WIN10CLIENT$@TESTLAB.LOCAL""},{""@Name"":""TargetDomainName"",""#text"":""TESTLAB.LOCAL""},{""@Name"":""ServiceName"",""#text"":""ADDC01$""},{""@Name"":""ServiceSid"",""#text"":""S-1-5-21-2439045635-180506259-1748410918-1000""},{""@Name"":""TicketOptions"",""#text"":""0x40810000""},{""@Name"":""TicketEncryptionType"",""#text"":""0x12""},{""@Name"":""IpAddress"",""#text"":""::ffff:10.0.0.3""},{""@Name"":""IpPort"",""#text"":""64598""},{""@Name"":""Status"",""#text"":""0x0""},{""@Name"":""LogonGuid"",""#text"":""a008b708-97ff-7c02-83c2-7f634f701793""},{""@Name"":""TransmittedServices"",""#text"":""-""}]}}"
"341","27829","2021-07-28 20:09:27.2570295","4624","LogAlways","Microsoft-Windows-Security-Auditing","Security","680","876","ADDC01.testlab.local","3","","Successful logon","-\-"," (10.0.0.3)","Target: TESTLAB.LOCAL\WIN10CLIENT$","LogonType 3","LogonId: 0x18AE3B","AuthenticationPackageName: Kerberos","LogonProcessName: Kerberos","","-","False","C:\Users\IR\Downloads\golden.evtx","Audit success","0","{""EventData"":{""Data"":[{""@Name"":""SubjectUserSid"",""#text"":""S-1-0-0""},{""@Name"":""SubjectUserName"",""#text"":""-""},{""@Name"":""SubjectDomainName"",""#text"":""-""},{""@Name"":""SubjectLogonId"",""#text"":""0x0""},{""@Name"":""TargetUserSid"",""#text"":""S-1-5-21-2439045635-180506259-1748410918-1103""},{""@Name"":""TargetUserName"",""#text"":""WIN10CLIENT$""},{""@Name"":""TargetDomainName"",""#text"":""TESTLAB.LOCAL""},{""@Name"":""TargetLogonId"",""#text"":""0x18AE3B""},{""@Name"":""LogonType"",""#text"":""3""},{""@Name"":""LogonProcessName"",""#text"":""Kerberos""},{""@Name"":""AuthenticationPackageName"",""#text"":""Kerberos""},{""@Name"":""WorkstationName""},{""@Name"":""LogonGuid"",""#text"":""b306013d-3dc2-e886-0a1c-a60b7236530f""},{""@Name"":""TransmittedServices"",""#text"":""-""},{""@Name"":""LmPackageName"",""#text"":""-""},{""@Name"":""KeyLength"",""#text"":""0""},{""@Name"":""ProcessId"",""#text"":""0x0""},{""@Name"":""ProcessName"",""#text"":""-""},{""@Name"":""IpAddress"",""#text"":""10.0.0.3""},{""@Name"":""IpPort"",""#text"":""64597""},{""@Name"":""ImpersonationLevel"",""#text"":""%%1833""},{""@Name"":""RestrictedAdminMode"",""#text"":""-""},{""@Name"":""TargetOutboundUserName"",""#text"":""-""},{""@Name"":""TargetOutboundDomainName"",""#text"":""-""},{""@Name"":""VirtualAccount"",""#text"":""%%1843""},{""@Name"":""TargetLinkedLogonId"",""#text"":""0x0""},{""@Name"":""ElevatedToken"",""#text"":""%%1842""}]}}"
"342","27830","2021-07-28 20:10:04.3657902","4672","LogAlways","Microsoft-Windows-Security-Auditing","Security","680","2804","ADDC01.testlab.local","3","","Administrative logon","TESTLAB\ADDC01$ (S-1-5-18)","","PrivilegeList: SeSecurityPrivilege, SeBackupPrivilege, SeRestorePrivilege, SeTakeOwnershipPrivilege, SeDebugPrivilege, SeSystemEnvironmentPrivilege, SeLoadDriverPrivilege, SeImpersonatePrivilege, SeDelegateSessionUserImpersonatePrivilege, SeEnableDelegationPrivilege","LogonId: 0x18B0E1","","","","","","False","C:\Users\IR\Downloads\golden.evtx","Audit success","0","{""EventData"":{""Data"":[{""@Name"":""SubjectUserSid"",""#text"":""S-1-5-18""},{""@Name"":""SubjectUserName"",""#text"":""ADDC01$""},{""@Name"":""SubjectDomainName"",""#text"":""TESTLAB""},{""@Name"":""SubjectLogonId"",""#text"":""0x18B0E1""},{""@Name"":""PrivilegeList"",""#text"":""SeSecurityPrivilege, SeBackupPrivilege, SeRestorePrivilege, SeTakeOwnershipPrivilege, SeDebugPrivilege, SeSystemEnvironmentPrivilege, SeLoadDriverPrivilege, SeImpersonatePrivilege, SeDelegateSessionUserImpersonatePrivilege, SeEnableDelegationPrivilege""}]}}"
"343","27831","2021-07-28 20:10:04.3658726","4624","LogAlways","Microsoft-Windows-Security-Auditing","Security","680","2804","ADDC01.testlab.local","3","","Successful logon","-\-"," (fe80::492:2bcc:f5ff:fffd)","Target: TESTLAB.LOCAL\ADDC01$","LogonType 3","LogonId: 0x18B0E1","AuthenticationPackageName: Kerberos","LogonProcessName: Kerberos","","-","False","C:\Users\IR\Downloads\golden.evtx","Audit success","0","{""EventData"":{""Data"":[{""@Name"":""SubjectUserSid"",""#text"":""S-1-0-0""},{""@Name"":""SubjectUserName"",""#text"":""-""},{""@Name"":""SubjectDomainName"",""#text"":""-""},{""@Name"":""SubjectLogonId"",""#text"":""0x0""},{""@Name"":""TargetUserSid"",""#text"":""S-1-5-18""},{""@Name"":""TargetUserName"",""#text"":""ADDC01$""},{""@Name"":""TargetDomainName"",""#text"":""TESTLAB.LOCAL""},{""@Name"":""TargetLogonId"",""#text"":""0x18B0E1""},{""@Name"":""LogonType"",""#text"":""3""},{""@Name"":""LogonProcessName"",""#text"":""Kerberos""},{""@Name"":""AuthenticationPackageName"",""#text"":""Kerberos""},{""@Name"":""WorkstationName""},{""@Name"":""LogonGuid"",""#text"":""efb59bf9-c536-da8d-4e03-66ccd9a89b6a""},{""@Name"":""TransmittedServices"",""#text"":""-""},{""@Name"":""LmPackageName"",""#text"":""-""},{""@Name"":""KeyLength"",""#text"":""0""},{""@Name"":""ProcessId"",""#text"":""0x0""},{""@Name"":""ProcessName"",""#text"":""-""},{""@Name"":""IpAddress"",""#text"":""fe80::492:2bcc:f5ff:fffd""},{""@Name"":""IpPort"",""#text"":""52218""},{""@Name"":""ImpersonationLevel"",""#text"":""%%1833""},{""@Name"":""RestrictedAdminMode"",""#text"":""-""},{""@Name"":""TargetOutboundUserName"",""#text"":""-""},{""@Name"":""TargetOutboundDomainName"",""#text"":""-""},{""@Name"":""VirtualAccount"",""#text"":""%%1843""},{""@Name"":""TargetLinkedLogonId"",""#text"":""0x0""},{""@Name"":""ElevatedToken"",""#text"":""%%1842""}]}}"
"344","27832","2021-07-28 20:10:04.3690731","4672","LogAlways","Microsoft-Windows-Security-Auditing","Security","680","876","ADDC01.testlab.local","3","","Administrative logon","TESTLAB\ADDC01$ (S-1-5-18)","","PrivilegeList: SeSecurityPrivilege, SeBackupPrivilege, SeRestorePrivilege, SeTakeOwnershipPrivilege, SeDebugPrivilege, SeSystemEnvironmentPrivilege, SeLoadDriverPrivilege, SeImpersonatePrivilege, SeDelegateSessionUserImpersonatePrivilege, SeEnableDelegationPrivilege","LogonId: 0x18B1C1","","","","","","False","C:\Users\IR\Downloads\golden.evtx","Audit success","0","{""EventData"":{""Data"":[{""@Name"":""SubjectUserSid"",""#text"":""S-1-5-18""},{""@Name"":""SubjectUserName"",""#text"":""ADDC01$""},{""@Name"":""SubjectDomainName"",""#text"":""TESTLAB""},{""@Name"":""SubjectLogonId"",""#text"":""0x18B1C1""},{""@Name"":""PrivilegeList"",""#text"":""SeSecurityPrivilege, SeBackupPrivilege, SeRestorePrivilege, SeTakeOwnershipPrivilege, SeDebugPrivilege, SeSystemEnvironmentPrivilege, SeLoadDriverPrivilege, SeImpersonatePrivilege, SeDelegateSessionUserImpersonatePrivilege, SeEnableDelegationPrivilege""}]}}"
"345","27833","2021-07-28 20:10:04.3691611","4624","LogAlways","Microsoft-Windows-Security-Auditing","Security","680","876","ADDC01.testlab.local","3","","Successful logon","-\-"," (::1)","Target: TESTLAB.LOCAL\ADDC01$","LogonType 3","LogonId: 0x18B1C1","AuthenticationPackageName: Kerberos","LogonProcessName: Kerberos","","-","False","C:\Users\IR\Downloads\golden.evtx","Audit success","0","{""EventData"":{""Data"":[{""@Name"":""SubjectUserSid"",""#text"":""S-1-0-0""},{""@Name"":""SubjectUserName"",""#text"":""-""},{""@Name"":""SubjectDomainName"",""#text"":""-""},{""@Name"":""SubjectLogonId"",""#text"":""0x0""},{""@Name"":""TargetUserSid"",""#text"":""S-1-5-18""},{""@Name"":""TargetUserName"",""#text"":""ADDC01$""},{""@Name"":""TargetDomainName"",""#text"":""TESTLAB.LOCAL""},{""@Name"":""TargetLogonId"",""#text"":""0x18B1C1""},{""@Name"":""LogonType"",""#text"":""3""},{""@Name"":""LogonProcessName"",""#text"":""Kerberos""},{""@Name"":""AuthenticationPackageName"",""#text"":""Kerberos""},{""@Name"":""WorkstationName""},{""@Name"":""LogonGuid"",""#text"":""c1a82053-85aa-37cc-1459-6df6d69c743e""},{""@Name"":""TransmittedServices"",""#text"":""-""},{""@Name"":""LmPackageName"",""#text"":""-""},{""@Name"":""KeyLength"",""#text"":""0""},{""@Name"":""ProcessId"",""#text"":""0x0""},{""@Name"":""ProcessName"",""#text"":""-""},{""@Name"":""IpAddress"",""#text"":""::1""},{""@Name"":""IpPort"",""#text"":""0""},{""@Name"":""ImpersonationLevel"",""#text"":""%%1833""},{""@Name"":""RestrictedAdminMode"",""#text"":""-""},{""@Name"":""TargetOutboundUserName"",""#text"":""-""},{""@Name"":""TargetOutboundDomainName"",""#text"":""-""},{""@Name"":""VirtualAccount"",""#text"":""%%1843""},{""@Name"":""TargetLinkedLogonId"",""#text"":""0x0""},{""@Name"":""ElevatedToken"",""#text"":""%%1842""}]}}"
"346","27834","2021-07-28 20:10:04.3718065","4672","LogAlways","Microsoft-Windows-Security-Auditing","Security","680","2804","ADDC01.testlab.local","3","","Administrative logon","TESTLAB\ADDC01$ (S-1-5-18)","","PrivilegeList: SeSecurityPrivilege, SeBackupPrivilege, SeRestorePrivilege, SeTakeOwnershipPrivilege, SeDebugPrivilege, SeSystemEnvironmentPrivilege, SeLoadDriverPrivilege, SeImpersonatePrivilege, SeDelegateSessionUserImpersonatePrivilege, SeEnableDelegationPrivilege","LogonId: 0x18B206","","","","","","False","C:\Users\IR\Downloads\golden.evtx","Audit success","0","{""EventData"":{""Data"":[{""@Name"":""SubjectUserSid"",""#text"":""S-1-5-18""},{""@Name"":""SubjectUserName"",""#text"":""ADDC01$""},{""@Name"":""SubjectDomainName"",""#text"":""TESTLAB""},{""@Name"":""SubjectLogonId"",""#text"":""0x18B206""},{""@Name"":""PrivilegeList"",""#text"":""SeSecurityPrivilege, SeBackupPrivilege, SeRestorePrivilege, SeTakeOwnershipPrivilege, SeDebugPrivilege, SeSystemEnvironmentPrivilege, SeLoadDriverPrivilege, SeImpersonatePrivilege, SeDelegateSessionUserImpersonatePrivilege, SeEnableDelegationPrivilege""}]}}"
"347","27835","2021-07-28 20:10:04.3718906","4624","LogAlways","Microsoft-Windows-Security-Auditing","Security","680","2804","ADDC01.testlab.local","3","","Successful logon","-\-"," (2001:0:2851:782c:492:2bcc:f5ff:fffd)","Target: TESTLAB.LOCAL\ADDC01$","LogonType 3","LogonId: 0x18B206","AuthenticationPackageName: Kerberos","LogonProcessName: Kerberos","","-","False","C:\Users\IR\Downloads\golden.evtx","Audit success","0","{""EventData"":{""Data"":[{""@Name"":""SubjectUserSid"",""#text"":""S-1-0-0""},{""@Name"":""SubjectUserName"",""#text"":""-""},{""@Name"":""SubjectDomainName"",""#text"":""-""},{""@Name"":""SubjectLogonId"",""#text"":""0x0""},{""@Name"":""TargetUserSid"",""#text"":""S-1-5-18""},{""@Name"":""TargetUserName"",""#text"":""ADDC01$""},{""@Name"":""TargetDomainName"",""#text"":""TESTLAB.LOCAL""},{""@Name"":""TargetLogonId"",""#text"":""0x18B206""},{""@Name"":""LogonType"",""#text"":""3""},{""@Name"":""LogonProcessName"",""#text"":""Kerberos""},{""@Name"":""AuthenticationPackageName"",""#text"":""Kerberos""},{""@Name"":""WorkstationName""},{""@Name"":""LogonGuid"",""#text"":""efb59bf9-c536-da8d-4e03-66ccd9a89b6a""},{""@Name"":""TransmittedServices"",""#text"":""-""},{""@Name"":""LmPackageName"",""#text"":""-""},{""@Name"":""KeyLength"",""#text"":""0""},{""@Name"":""ProcessId"",""#text"":""0x0""},{""@Name"":""ProcessName"",""#text"":""-""},{""@Name"":""IpAddress"",""#text"":""2001:0:2851:782c:492:2bcc:f5ff:fffd""},{""@Name"":""IpPort"",""#text"":""52219""},{""@Name"":""ImpersonationLevel"",""#text"":""%%1833""},{""@Name"":""RestrictedAdminMode"",""#text"":""-""},{""@Name"":""TargetOutboundUserName"",""#text"":""-""},{""@Name"":""TargetOutboundDomainName"",""#text"":""-""},{""@Name"":""VirtualAccount"",""#text"":""%%1843""},{""@Name"":""TargetLinkedLogonId"",""#text"":""0x0""},{""@Name"":""ElevatedToken"",""#text"":""%%1842""}]}}"
"348","27836","2021-07-28 20:10:04.4744683","4672","LogAlways","Microsoft-Windows-Security-Auditing","Security","680","732","ADDC01.testlab.local","3","","Administrative logon","TESTLAB\ADDC01$ (S-1-5-18)","","PrivilegeList: SeSecurityPrivilege, SeBackupPrivilege, SeRestorePrivilege, SeTakeOwnershipPrivilege, SeDebugPrivilege, SeSystemEnvironmentPrivilege, SeLoadDriverPrivilege, SeImpersonatePrivilege, SeDelegateSessionUserImpersonatePrivilege, SeEnableDelegationPrivilege","LogonId: 0x18B261","","","","","","False","C:\Users\IR\Downloads\golden.evtx","Audit success","0","{""EventData"":{""Data"":[{""@Name"":""SubjectUserSid"",""#text"":""S-1-5-18""},{""@Name"":""SubjectUserName"",""#text"":""ADDC01$""},{""@Name"":""SubjectDomainName"",""#text"":""TESTLAB""},{""@Name"":""SubjectLogonId"",""#text"":""0x18B261""},{""@Name"":""PrivilegeList"",""#text"":""SeSecurityPrivilege, SeBackupPrivilege, SeRestorePrivilege, SeTakeOwnershipPrivilege, SeDebugPrivilege, SeSystemEnvironmentPrivilege, SeLoadDriverPrivilege, SeImpersonatePrivilege, SeDelegateSessionUserImpersonatePrivilege, SeEnableDelegationPrivilege""}]}}"
"349","27837","2021-07-28 20:10:04.4745751","4624","LogAlways","Microsoft-Windows-Security-Auditing","Security","680","732","ADDC01.testlab.local","3","","Successful logon","-\-"," (fe80::492:2bcc:f5ff:fffd)","Target: TESTLAB.LOCAL\ADDC01$","LogonType 3","LogonId: 0x18B261","AuthenticationPackageName: Kerberos","LogonProcessName: Kerberos","","-","False","C:\Users\IR\Downloads\golden.evtx","Audit success","0","{""EventData"":{""Data"":[{""@Name"":""SubjectUserSid"",""#text"":""S-1-0-0""},{""@Name"":""SubjectUserName"",""#text"":""-""},{""@Name"":""SubjectDomainName"",""#text"":""-""},{""@Name"":""SubjectLogonId"",""#text"":""0x0""},{""@Name"":""TargetUserSid"",""#text"":""S-1-5-18""},{""@Name"":""TargetUserName"",""#text"":""ADDC01$""},{""@Name"":""TargetDomainName"",""#text"":""TESTLAB.LOCAL""},{""@Name"":""TargetLogonId"",""#text"":""0x18B261""},{""@Name"":""LogonType"",""#text"":""3""},{""@Name"":""LogonProcessName"",""#text"":""Kerberos""},{""@Name"":""AuthenticationPackageName"",""#text"":""Kerberos""},{""@Name"":""WorkstationName""},{""@Name"":""LogonGuid"",""#text"":""c1a82053-85aa-37cc-1459-6df6d69c743e""},{""@Name"":""TransmittedServices"",""#text"":""-""},{""@Name"":""LmPackageName"",""#text"":""-""},{""@Name"":""KeyLength"",""#text"":""0""},{""@Name"":""ProcessId"",""#text"":""0x0""},{""@Name"":""ProcessName"",""#text"":""-""},{""@Name"":""IpAddress"",""#text"":""fe80::492:2bcc:f5ff:fffd""},{""@Name"":""IpPort"",""#text"":""52220""},{""@Name"":""ImpersonationLevel"",""#text"":""%%1840""},{""@Name"":""RestrictedAdminMode"",""#text"":""-""},{""@Name"":""TargetOutboundUserName"",""#text"":""-""},{""@Name"":""TargetOutboundDomainName"",""#text"":""-""},{""@Name"":""VirtualAccount"",""#text"":""%%1843""},{""@Name"":""TargetLinkedLogonId"",""#text"":""0x0""},{""@Name"":""ElevatedToken"",""#text"":""%%1842""}]}}"
"350","27838","2021-07-28 20:10:04.4774265","4634","LogAlways","Microsoft-Windows-Security-Auditing","Security","680","732","ADDC01.testlab.local","3","","An account was logged off","","","Target: TESTLAB\ADDC01$","LogonType 3","LogonId: 0x18B206","","","","","False","C:\Users\IR\Downloads\golden.evtx","Audit success","0","{""EventData"":{""Data"":[{""@Name"":""TargetUserSid"",""#text"":""S-1-5-18""},{""@Name"":""TargetUserName"",""#text"":""ADDC01$""},{""@Name"":""TargetDomainName"",""#text"":""TESTLAB""},{""@Name"":""TargetLogonId"",""#text"":""0x18B206""},{""@Name"":""LogonType"",""#text"":""3""}]}}"
"351","27839","2021-07-28 20:10:04.4774315","4634","LogAlways","Microsoft-Windows-Security-Auditing","Security","680","876","ADDC01.testlab.local","3","","An account was logged off","","","Target: TESTLAB\ADDC01$","LogonType 3","LogonId: 0x18B1C1","","","","","False","C:\Users\IR\Downloads\golden.evtx","Audit success","0","{""EventData"":{""Data"":[{""@Name"":""TargetUserSid"",""#text"":""S-1-5-18""},{""@Name"":""TargetUserName"",""#text"":""ADDC01$""},{""@Name"":""TargetDomainName"",""#text"":""TESTLAB""},{""@Name"":""TargetLogonId"",""#text"":""0x18B1C1""},{""@Name"":""LogonType"",""#text"":""3""}]}}"
"352","27840","2021-07-28 20:10:04.4796363","4634","LogAlways","Microsoft-Windows-Security-Auditing","Security","680","844","ADDC01.testlab.local","3","","An account was logged off","","","Target: TESTLAB\ADDC01$","LogonType 3","LogonId: 0x18B0E1","","","","","False","C:\Users\IR\Downloads\golden.evtx","Audit success","0","{""EventData"":{""Data"":[{""@Name"":""TargetUserSid"",""#text"":""S-1-5-18""},{""@Name"":""TargetUserName"",""#text"":""ADDC01$""},{""@Name"":""TargetDomainName"",""#text"":""TESTLAB""},{""@Name"":""TargetLogonId"",""#text"":""0x18B0E1""},{""@Name"":""LogonType"",""#text"":""3""}]}}"
"353","27841","2021-07-28 20:10:15.2251298","4634","LogAlways","Microsoft-Windows-Security-Auditing","Security","680","844","ADDC01.testlab.local","3","","An account was logged off","","","Target: TESTLAB\ADDC01$","LogonType 3","LogonId: 0x18B261","","","","","False","C:\Users\IR\Downloads\golden.evtx","Audit success","0","{""EventData"":{""Data"":[{""@Name"":""TargetUserSid"",""#text"":""S-1-5-18""},{""@Name"":""TargetUserName"",""#text"":""ADDC01$""},{""@Name"":""TargetDomainName"",""#text"":""TESTLAB""},{""@Name"":""TargetLogonId"",""#text"":""0x18B261""},{""@Name"":""LogonType"",""#text"":""3""}]}}"
"354","27842","2021-07-28 20:10:18.1601625","4672","LogAlways","Microsoft-Windows-Security-Auditing","Security","680","2804","ADDC01.testlab.local","3","","Administrative logon","TESTLAB\ADDC01$ (S-1-5-18)","","PrivilegeList: SeSecurityPrivilege, SeBackupPrivilege, SeRestorePrivilege, SeTakeOwnershipPrivilege, SeDebugPrivilege, SeSystemEnvironmentPrivilege, SeLoadDriverPrivilege, SeImpersonatePrivilege, SeDelegateSessionUserImpersonatePrivilege, SeEnableDelegationPrivilege","LogonId: 0x18B4E8","","","","","","False","C:\Users\IR\Downloads\golden.evtx","Audit success","0","{""EventData"":{""Data"":[{""@Name"":""SubjectUserSid"",""#text"":""S-1-5-18""},{""@Name"":""SubjectUserName"",""#text"":""ADDC01$""},{""@Name"":""SubjectDomainName"",""#text"":""TESTLAB""},{""@Name"":""SubjectLogonId"",""#text"":""0x18B4E8""},{""@Name"":""PrivilegeList"",""#text"":""SeSecurityPrivilege, SeBackupPrivilege, SeRestorePrivilege, SeTakeOwnershipPrivilege, SeDebugPrivilege, SeSystemEnvironmentPrivilege, SeLoadDriverPrivilege, SeImpersonatePrivilege, SeDelegateSessionUserImpersonatePrivilege, SeEnableDelegationPrivilege""}]}}"
"355","27843","2021-07-28 20:10:18.1602427","4624","LogAlways","Microsoft-Windows-Security-Auditing","Security","680","2804","ADDC01.testlab.local","3","","Successful logon","-\-"," (::1)","Target: TESTLAB.LOCAL\ADDC01$","LogonType 3","LogonId: 0x18B4E8","AuthenticationPackageName: Kerberos","LogonProcessName: Kerberos","","-","False","C:\Users\IR\Downloads\golden.evtx","Audit success","0","{""EventData"":{""Data"":[{""@Name"":""SubjectUserSid"",""#text"":""S-1-0-0""},{""@Name"":""SubjectUserName"",""#text"":""-""},{""@Name"":""SubjectDomainName"",""#text"":""-""},{""@Name"":""SubjectLogonId"",""#text"":""0x0""},{""@Name"":""TargetUserSid"",""#text"":""S-1-5-18""},{""@Name"":""TargetUserName"",""#text"":""ADDC01$""},{""@Name"":""TargetDomainName"",""#text"":""TESTLAB.LOCAL""},{""@Name"":""TargetLogonId"",""#text"":""0x18B4E8""},{""@Name"":""LogonType"",""#text"":""3""},{""@Name"":""LogonProcessName"",""#text"":""Kerberos""},{""@Name"":""AuthenticationPackageName"",""#text"":""Kerberos""},{""@Name"":""WorkstationName""},{""@Name"":""LogonGuid"",""#text"":""04a8889f-a446-c084-eb0e-87279c4afdf3""},{""@Name"":""TransmittedServices"",""#text"":""-""},{""@Name"":""LmPackageName"",""#text"":""-""},{""@Name"":""KeyLength"",""#text"":""0""},{""@Name"":""ProcessId"",""#text"":""0x0""},{""@Name"":""ProcessName"",""#text"":""-""},{""@Name"":""IpAddress"",""#text"":""::1""},{""@Name"":""IpPort"",""#text"":""52221""},{""@Name"":""ImpersonationLevel"",""#text"":""%%1833""},{""@Name"":""RestrictedAdminMode"",""#text"":""-""},{""@Name"":""TargetOutboundUserName"",""#text"":""-""},{""@Name"":""TargetOutboundDomainName"",""#text"":""-""},{""@Name"":""VirtualAccount"",""#text"":""%%1843""},{""@Name"":""TargetLinkedLogonId"",""#text"":""0x0""},{""@Name"":""ElevatedToken"",""#text"":""%%1842""}]}}"
"356","27844","2021-07-28 20:10:18.1614166","4634","LogAlways","Microsoft-Windows-Security-Auditing","Security","680","1796","ADDC01.testlab.local","3","","An account was logged off","","","Target: TESTLAB\ADDC01$","LogonType 3","LogonId: 0x18B4E8","","","","","False","C:\Users\IR\Downloads\golden.evtx","Audit success","0","{""EventData"":{""Data"":[{""@Name"":""TargetUserSid"",""#text"":""S-1-5-18""},{""@Name"":""TargetUserName"",""#text"":""ADDC01$""},{""@Name"":""TargetDomainName"",""#text"":""TESTLAB""},{""@Name"":""TargetLogonId"",""#text"":""0x18B4E8""},{""@Name"":""LogonType"",""#text"":""3""}]}}"
"357","27845","2021-07-28 20:10:27.1990546","4634","LogAlways","Microsoft-Windows-Security-Auditing","Security","680","732","ADDC01.testlab.local","3","","An account was logged off","","","Target: TESTLAB\WIN10CLIENT$","LogonType 3","LogonId: 0x18AE3B","","","","","False","C:\Users\IR\Downloads\golden.evtx","Audit success","0","{""EventData"":{""Data"":[{""@Name"":""TargetUserSid"",""#text"":""S-1-5-21-2439045635-180506259-1748410918-1103""},{""@Name"":""TargetUserName"",""#text"":""WIN10CLIENT$""},{""@Name"":""TargetDomainName"",""#text"":""TESTLAB""},{""@Name"":""TargetLogonId"",""#text"":""0x18AE3B""},{""@Name"":""LogonType"",""#text"":""3""}]}}"
"358","27846","2021-07-28 20:11:18.1191140","4672","LogAlways","Microsoft-Windows-Security-Auditing","Security","680","2804","ADDC01.testlab.local","3","","Administrative logon","TESTLAB\ADDC01$ (S-1-5-18)","","PrivilegeList: SeSecurityPrivilege, SeBackupPrivilege, SeRestorePrivilege, SeTakeOwnershipPrivilege, SeDebugPrivilege, SeSystemEnvironmentPrivilege, SeLoadDriverPrivilege, SeImpersonatePrivilege, SeDelegateSessionUserImpersonatePrivilege, SeEnableDelegationPrivilege","LogonId: 0x18CB7F","","","","","","False","C:\Users\IR\Downloads\golden.evtx","Audit success","0","{""EventData"":{""Data"":[{""@Name"":""SubjectUserSid"",""#text"":""S-1-5-18""},{""@Name"":""SubjectUserName"",""#text"":""ADDC01$""},{""@Name"":""SubjectDomainName"",""#text"":""TESTLAB""},{""@Name"":""SubjectLogonId"",""#text"":""0x18CB7F""},{""@Name"":""PrivilegeList"",""#text"":""SeSecurityPrivilege, SeBackupPrivilege, SeRestorePrivilege, SeTakeOwnershipPrivilege, SeDebugPrivilege, SeSystemEnvironmentPrivilege, SeLoadDriverPrivilege, SeImpersonatePrivilege, SeDelegateSessionUserImpersonatePrivilege, SeEnableDelegationPrivilege""}]}}"
"359","27847","2021-07-28 20:11:18.1191991","4624","LogAlways","Microsoft-Windows-Security-Auditing","Security","680","2804","ADDC01.testlab.local","3","","Successful logon","-\-"," (::1)","Target: TESTLAB.LOCAL\ADDC01$","LogonType 3","LogonId: 0x18CB7F","AuthenticationPackageName: Kerberos","LogonProcessName: Kerberos","","-","False","C:\Users\IR\Downloads\golden.evtx","Audit success","0","{""EventData"":{""Data"":[{""@Name"":""SubjectUserSid"",""#text"":""S-1-0-0""},{""@Name"":""SubjectUserName"",""#text"":""-""},{""@Name"":""SubjectDomainName"",""#text"":""-""},{""@Name"":""SubjectLogonId"",""#text"":""0x0""},{""@Name"":""TargetUserSid"",""#text"":""S-1-5-18""},{""@Name"":""TargetUserName"",""#text"":""ADDC01$""},{""@Name"":""TargetDomainName"",""#text"":""TESTLAB.LOCAL""},{""@Name"":""TargetLogonId"",""#text"":""0x18CB7F""},{""@Name"":""LogonType"",""#text"":""3""},{""@Name"":""LogonProcessName"",""#text"":""Kerberos""},{""@Name"":""AuthenticationPackageName"",""#text"":""Kerberos""},{""@Name"":""WorkstationName""},{""@Name"":""LogonGuid"",""#text"":""04a8889f-a446-c084-eb0e-87279c4afdf3""},{""@Name"":""TransmittedServices"",""#text"":""-""},{""@Name"":""LmPackageName"",""#text"":""-""},{""@Name"":""KeyLength"",""#text"":""0""},{""@Name"":""ProcessId"",""#text"":""0x0""},{""@Name"":""ProcessName"",""#text"":""-""},{""@Name"":""IpAddress"",""#text"":""::1""},{""@Name"":""IpPort"",""#text"":""52223""},{""@Name"":""ImpersonationLevel"",""#text"":""%%1833""},{""@Name"":""RestrictedAdminMode"",""#text"":""-""},{""@Name"":""TargetOutboundUserName"",""#text"":""-""},{""@Name"":""TargetOutboundDomainName"",""#text"":""-""},{""@Name"":""VirtualAccount"",""#text"":""%%1843""},{""@Name"":""TargetLinkedLogonId"",""#text"":""0x0""},{""@Name"":""ElevatedToken"",""#text"":""%%1842""}]}}"
"360","27848","2021-07-28 20:11:18.1202592","4634","LogAlways","Microsoft-Windows-Security-Auditing","Security","680","1796","ADDC01.testlab.local","3","","An account was logged off","","","Target: TESTLAB\ADDC01$","LogonType 3","LogonId: 0x18CB7F","","","","","False","C:\Users\IR\Downloads\golden.evtx","Audit success","0","{""EventData"":{""Data"":[{""@Name"":""TargetUserSid"",""#text"":""S-1-5-18""},{""@Name"":""TargetUserName"",""#text"":""ADDC01$""},{""@Name"":""TargetDomainName"",""#text"":""TESTLAB""},{""@Name"":""TargetLogonId"",""#text"":""0x18CB7F""},{""@Name"":""LogonType"",""#text"":""3""}]}}"
"361","27849","2021-07-28 20:12:18.0993486","4672","LogAlways","Microsoft-Windows-Security-Auditing","Security","680","1564","ADDC01.testlab.local","3","","Administrative logon","TESTLAB\ADDC01$ (S-1-5-18)","","PrivilegeList: SeSecurityPrivilege, SeBackupPrivilege, SeRestorePrivilege, SeTakeOwnershipPrivilege, SeDebugPrivilege, SeSystemEnvironmentPrivilege, SeLoadDriverPrivilege, SeImpersonatePrivilege, SeDelegateSessionUserImpersonatePrivilege, SeEnableDelegationPrivilege","LogonId: 0x18CE5F","","","","","","False","C:\Users\IR\Downloads\golden.evtx","Audit success","0","{""EventData"":{""Data"":[{""@Name"":""SubjectUserSid"",""#text"":""S-1-5-18""},{""@Name"":""SubjectUserName"",""#text"":""ADDC01$""},{""@Name"":""SubjectDomainName"",""#text"":""TESTLAB""},{""@Name"":""SubjectLogonId"",""#text"":""0x18CE5F""},{""@Name"":""PrivilegeList"",""#text"":""SeSecurityPrivilege, SeBackupPrivilege, SeRestorePrivilege, SeTakeOwnershipPrivilege, SeDebugPrivilege, SeSystemEnvironmentPrivilege, SeLoadDriverPrivilege, SeImpersonatePrivilege, SeDelegateSessionUserImpersonatePrivilege, SeEnableDelegationPrivilege""}]}}"
"362","27850","2021-07-28 20:12:18.0994277","4624","LogAlways","Microsoft-Windows-Security-Auditing","Security","680","1564","ADDC01.testlab.local","3","","Successful logon","-\-"," (::1)","Target: TESTLAB.LOCAL\ADDC01$","LogonType 3","LogonId: 0x18CE5F","AuthenticationPackageName: Kerberos","LogonProcessName: Kerberos","","-","False","C:\Users\IR\Downloads\golden.evtx","Audit success","0","{""EventData"":{""Data"":[{""@Name"":""SubjectUserSid"",""#text"":""S-1-0-0""},{""@Name"":""SubjectUserName"",""#text"":""-""},{""@Name"":""SubjectDomainName"",""#text"":""-""},{""@Name"":""SubjectLogonId"",""#text"":""0x0""},{""@Name"":""TargetUserSid"",""#text"":""S-1-5-18""},{""@Name"":""TargetUserName"",""#text"":""ADDC01$""},{""@Name"":""TargetDomainName"",""#text"":""TESTLAB.LOCAL""},{""@Name"":""TargetLogonId"",""#text"":""0x18CE5F""},{""@Name"":""LogonType"",""#text"":""3""},{""@Name"":""LogonProcessName"",""#text"":""Kerberos""},{""@Name"":""AuthenticationPackageName"",""#text"":""Kerberos""},{""@Name"":""WorkstationName""},{""@Name"":""LogonGuid"",""#text"":""04a8889f-a446-c084-eb0e-87279c4afdf3""},{""@Name"":""TransmittedServices"",""#text"":""-""},{""@Name"":""LmPackageName"",""#text"":""-""},{""@Name"":""KeyLength"",""#text"":""0""},{""@Name"":""ProcessId"",""#text"":""0x0""},{""@Name"":""ProcessName"",""#text"":""-""},{""@Name"":""IpAddress"",""#text"":""::1""},{""@Name"":""IpPort"",""#text"":""52224""},{""@Name"":""ImpersonationLevel"",""#text"":""%%1833""},{""@Name"":""RestrictedAdminMode"",""#text"":""-""},{""@Name"":""TargetOutboundUserName"",""#text"":""-""},{""@Name"":""TargetOutboundDomainName"",""#text"":""-""},{""@Name"":""VirtualAccount"",""#text"":""%%1843""},{""@Name"":""TargetLinkedLogonId"",""#text"":""0x0""},{""@Name"":""ElevatedToken"",""#text"":""%%1842""}]}}"
"363","27851","2021-07-28 20:12:18.1006050","4634","LogAlways","Microsoft-Windows-Security-Auditing","Security","680","1796","ADDC01.testlab.local","3","","An account was logged off","","","Target: TESTLAB\ADDC01$","LogonType 3","LogonId: 0x18CE5F","","","","","False","C:\Users\IR\Downloads\golden.evtx","Audit success","0","{""EventData"":{""Data"":[{""@Name"":""TargetUserSid"",""#text"":""S-1-5-18""},{""@Name"":""TargetUserName"",""#text"":""ADDC01$""},{""@Name"":""TargetDomainName"",""#text"":""TESTLAB""},{""@Name"":""TargetLogonId"",""#text"":""0x18CE5F""},{""@Name"":""LogonType"",""#text"":""3""}]}}"
"364","27852","2021-07-28 20:13:18.0970580","4672","LogAlways","Microsoft-Windows-Security-Auditing","Security","680","2804","ADDC01.testlab.local","3","","Administrative logon","TESTLAB\ADDC01$ (S-1-5-18)","","PrivilegeList: SeSecurityPrivilege, SeBackupPrivilege, SeRestorePrivilege, SeTakeOwnershipPrivilege, SeDebugPrivilege, SeSystemEnvironmentPrivilege, SeLoadDriverPrivilege, SeImpersonatePrivilege, SeDelegateSessionUserImpersonatePrivilege, SeEnableDelegationPrivilege","LogonId: 0x18E3B8","","","","","","False","C:\Users\IR\Downloads\golden.evtx","Audit success","0","{""EventData"":{""Data"":[{""@Name"":""SubjectUserSid"",""#text"":""S-1-5-18""},{""@Name"":""SubjectUserName"",""#text"":""ADDC01$""},{""@Name"":""SubjectDomainName"",""#text"":""TESTLAB""},{""@Name"":""SubjectLogonId"",""#text"":""0x18E3B8""},{""@Name"":""PrivilegeList"",""#text"":""SeSecurityPrivilege, SeBackupPrivilege, SeRestorePrivilege, SeTakeOwnershipPrivilege, SeDebugPrivilege, SeSystemEnvironmentPrivilege, SeLoadDriverPrivilege, SeImpersonatePrivilege, SeDelegateSessionUserImpersonatePrivilege, SeEnableDelegationPrivilege""}]}}"
"365","27853","2021-07-28 20:13:18.0971389","4624","LogAlways","Microsoft-Windows-Security-Auditing","Security","680","2804","ADDC01.testlab.local","3","","Successful logon","-\-"," (::1)","Target: TESTLAB.LOCAL\ADDC01$","LogonType 3","LogonId: 0x18E3B8","AuthenticationPackageName: Kerberos","LogonProcessName: Kerberos","","-","False","C:\Users\IR\Downloads\golden.evtx","Audit success","0","{""EventData"":{""Data"":[{""@Name"":""SubjectUserSid"",""#text"":""S-1-0-0""},{""@Name"":""SubjectUserName"",""#text"":""-""},{""@Name"":""SubjectDomainName"",""#text"":""-""},{""@Name"":""SubjectLogonId"",""#text"":""0x0""},{""@Name"":""TargetUserSid"",""#text"":""S-1-5-18""},{""@Name"":""TargetUserName"",""#text"":""ADDC01$""},{""@Name"":""TargetDomainName"",""#text"":""TESTLAB.LOCAL""},{""@Name"":""TargetLogonId"",""#text"":""0x18E3B8""},{""@Name"":""LogonType"",""#text"":""3""},{""@Name"":""LogonProcessName"",""#text"":""Kerberos""},{""@Name"":""AuthenticationPackageName"",""#text"":""Kerberos""},{""@Name"":""WorkstationName""},{""@Name"":""LogonGuid"",""#text"":""04a8889f-a446-c084-eb0e-87279c4afdf3""},{""@Name"":""TransmittedServices"",""#text"":""-""},{""@Name"":""LmPackageName"",""#text"":""-""},{""@Name"":""KeyLength"",""#text"":""0""},{""@Name"":""ProcessId"",""#text"":""0x0""},{""@Name"":""ProcessName"",""#text"":""-""},{""@Name"":""IpAddress"",""#text"":""::1""},{""@Name"":""IpPort"",""#text"":""52226""},{""@Name"":""ImpersonationLevel"",""#text"":""%%1833""},{""@Name"":""RestrictedAdminMode"",""#text"":""-""},{""@Name"":""TargetOutboundUserName"",""#text"":""-""},{""@Name"":""TargetOutboundDomainName"",""#text"":""-""},{""@Name"":""VirtualAccount"",""#text"":""%%1843""},{""@Name"":""TargetLinkedLogonId"",""#text"":""0x0""},{""@Name"":""ElevatedToken"",""#text"":""%%1842""}]}}"
"366","27854","2021-07-28 20:13:18.0983257","4634","LogAlways","Microsoft-Windows-Security-Auditing","Security","680","732","ADDC01.testlab.local","3","","An account was logged off","","","Target: TESTLAB\ADDC01$","LogonType 3","LogonId: 0x18E3B8","","","","","False","C:\Users\IR\Downloads\golden.evtx","Audit success","0","{""EventData"":{""Data"":[{""@Name"":""TargetUserSid"",""#text"":""S-1-5-18""},{""@Name"":""TargetUserName"",""#text"":""ADDC01$""},{""@Name"":""TargetDomainName"",""#text"":""TESTLAB""},{""@Name"":""TargetLogonId"",""#text"":""0x18E3B8""},{""@Name"":""LogonType"",""#text"":""3""}]}}"
"367","27855","2021-07-28 20:13:57.6082789","4672","LogAlways","Microsoft-Windows-Security-Auditing","Security","680","844","ADDC01.testlab.local","3","","Administrative logon","TESTLAB\ADDC01$ (S-1-5-18)","","PrivilegeList: SeSecurityPrivilege, SeBackupPrivilege, SeRestorePrivilege, SeTakeOwnershipPrivilege, SeDebugPrivilege, SeSystemEnvironmentPrivilege, SeLoadDriverPrivilege, SeImpersonatePrivilege, SeDelegateSessionUserImpersonatePrivilege, SeEnableDelegationPrivilege","LogonId: 0x18E5FE","","","","","","False","C:\Users\IR\Downloads\golden.evtx","Audit success","0","{""EventData"":{""Data"":[{""@Name"":""SubjectUserSid"",""#text"":""S-1-5-18""},{""@Name"":""SubjectUserName"",""#text"":""ADDC01$""},{""@Name"":""SubjectDomainName"",""#text"":""TESTLAB""},{""@Name"":""SubjectLogonId"",""#text"":""0x18E5FE""},{""@Name"":""PrivilegeList"",""#text"":""SeSecurityPrivilege, SeBackupPrivilege, SeRestorePrivilege, SeTakeOwnershipPrivilege, SeDebugPrivilege, SeSystemEnvironmentPrivilege, SeLoadDriverPrivilege, SeImpersonatePrivilege, SeDelegateSessionUserImpersonatePrivilege, SeEnableDelegationPrivilege""}]}}"
"368","27856","2021-07-28 20:13:57.6083900","4624","LogAlways","Microsoft-Windows-Security-Auditing","Security","680","844","ADDC01.testlab.local","3","","Successful logon","-\-"," (fe80::492:2bcc:f5ff:fffd)","Target: TESTLAB.LOCAL\ADDC01$","LogonType 3","LogonId: 0x18E5FE","AuthenticationPackageName: Kerberos","LogonProcessName: Kerberos","","-","False","C:\Users\IR\Downloads\golden.evtx","Audit success","0","{""EventData"":{""Data"":[{""@Name"":""SubjectUserSid"",""#text"":""S-1-0-0""},{""@Name"":""SubjectUserName"",""#text"":""-""},{""@Name"":""SubjectDomainName"",""#text"":""-""},{""@Name"":""SubjectLogonId"",""#text"":""0x0""},{""@Name"":""TargetUserSid"",""#text"":""S-1-5-18""},{""@Name"":""TargetUserName"",""#text"":""ADDC01$""},{""@Name"":""TargetDomainName"",""#text"":""TESTLAB.LOCAL""},{""@Name"":""TargetLogonId"",""#text"":""0x18E5FE""},{""@Name"":""LogonType"",""#text"":""3""},{""@Name"":""LogonProcessName"",""#text"":""Kerberos""},{""@Name"":""AuthenticationPackageName"",""#text"":""Kerberos""},{""@Name"":""WorkstationName""},{""@Name"":""LogonGuid"",""#text"":""736bd097-206b-cbdc-4682-25f7f79be8f2""},{""@Name"":""TransmittedServices"",""#text"":""-""},{""@Name"":""LmPackageName"",""#text"":""-""},{""@Name"":""KeyLength"",""#text"":""0""},{""@Name"":""ProcessId"",""#text"":""0x0""},{""@Name"":""ProcessName"",""#text"":""-""},{""@Name"":""IpAddress"",""#text"":""fe80::492:2bcc:f5ff:fffd""},{""@Name"":""IpPort"",""#text"":""52227""},{""@Name"":""ImpersonationLevel"",""#text"":""%%1840""},{""@Name"":""RestrictedAdminMode"",""#text"":""-""},{""@Name"":""TargetOutboundUserName"",""#text"":""-""},{""@Name"":""TargetOutboundDomainName"",""#text"":""-""},{""@Name"":""VirtualAccount"",""#text"":""%%1843""},{""@Name"":""TargetLinkedLogonId"",""#text"":""0x0""},{""@Name"":""ElevatedToken"",""#text"":""%%1842""}]}}"
"369","27857","2021-07-28 20:14:08.4005789","4634","LogAlways","Microsoft-Windows-Security-Auditing","Security","680","844","ADDC01.testlab.local","3","","An account was logged off","","","Target: TESTLAB\ADDC01$","LogonType 3","LogonId: 0x18E5FE","","","","","False","C:\Users\IR\Downloads\golden.evtx","Audit success","0","{""EventData"":{""Data"":[{""@Name"":""TargetUserSid"",""#text"":""S-1-5-18""},{""@Name"":""TargetUserName"",""#text"":""ADDC01$""},{""@Name"":""TargetDomainName"",""#text"":""TESTLAB""},{""@Name"":""TargetLogonId"",""#text"":""0x18E5FE""},{""@Name"":""LogonType"",""#text"":""3""}]}}"
"370","27858","2021-07-28 20:14:18.1081713","4672","LogAlways","Microsoft-Windows-Security-Auditing","Security","680","2804","ADDC01.testlab.local","3","","Administrative logon","TESTLAB\ADDC01$ (S-1-5-18)","","PrivilegeList: SeSecurityPrivilege, SeBackupPrivilege, SeRestorePrivilege, SeTakeOwnershipPrivilege, SeDebugPrivilege, SeSystemEnvironmentPrivilege, SeLoadDriverPrivilege, SeImpersonatePrivilege, SeDelegateSessionUserImpersonatePrivilege, SeEnableDelegationPrivilege","LogonId: 0x18ECAB","","","","","","False","C:\Users\IR\Downloads\golden.evtx","Audit success","0","{""EventData"":{""Data"":[{""@Name"":""SubjectUserSid"",""#text"":""S-1-5-18""},{""@Name"":""SubjectUserName"",""#text"":""ADDC01$""},{""@Name"":""SubjectDomainName"",""#text"":""TESTLAB""},{""@Name"":""SubjectLogonId"",""#text"":""0x18ECAB""},{""@Name"":""PrivilegeList"",""#text"":""SeSecurityPrivilege, SeBackupPrivilege, SeRestorePrivilege, SeTakeOwnershipPrivilege, SeDebugPrivilege, SeSystemEnvironmentPrivilege, SeLoadDriverPrivilege, SeImpersonatePrivilege, SeDelegateSessionUserImpersonatePrivilege, SeEnableDelegationPrivilege""}]}}"
